[2024-08-17T13:20:46.453+0000] {processor.py:161} INFO - Started process (PID=207) to work on /opt/airflow/dags/etl_process.py
[2024-08-17T13:20:46.454+0000] {processor.py:830} INFO - Processing file /opt/airflow/dags/etl_process.py for tasks to queue
[2024-08-17T13:20:46.454+0000] {logging_mixin.py:188} INFO - [2024-08-17T13:20:46.454+0000] {dagbag.py:538} INFO - Filling up the DagBag from /opt/airflow/dags/etl_process.py
[2024-08-17T13:20:46.464+0000] {processor.py:840} INFO - DAG(s) 'process_etl_heart_data' retrieved from /opt/airflow/dags/etl_process.py
[2024-08-17T13:20:46.518+0000] {logging_mixin.py:188} INFO - [2024-08-17T13:20:46.518+0000] {dag.py:3036} INFO - Sync 1 DAGs
[2024-08-17T13:20:46.527+0000] {logging_mixin.py:188} INFO - [2024-08-17T13:20:46.527+0000] {dag.py:3823} INFO - Setting next_dagrun for process_etl_heart_data to 2024-08-16 00:00:00+00:00, run_after=2024-08-17 00:00:00+00:00
[2024-08-17T13:20:46.535+0000] {processor.py:183} INFO - Processing /opt/airflow/dags/etl_process.py took 0.083 seconds
[2024-08-17T13:21:16.839+0000] {processor.py:161} INFO - Started process (PID=222) to work on /opt/airflow/dags/etl_process.py
[2024-08-17T13:21:16.839+0000] {processor.py:830} INFO - Processing file /opt/airflow/dags/etl_process.py for tasks to queue
[2024-08-17T13:21:16.840+0000] {logging_mixin.py:188} INFO - [2024-08-17T13:21:16.840+0000] {dagbag.py:538} INFO - Filling up the DagBag from /opt/airflow/dags/etl_process.py
[2024-08-17T13:21:16.849+0000] {processor.py:840} INFO - DAG(s) 'process_etl_heart_data' retrieved from /opt/airflow/dags/etl_process.py
[2024-08-17T13:21:16.863+0000] {logging_mixin.py:188} INFO - [2024-08-17T13:21:16.863+0000] {dag.py:3036} INFO - Sync 1 DAGs
[2024-08-17T13:21:16.872+0000] {logging_mixin.py:188} INFO - [2024-08-17T13:21:16.872+0000] {dag.py:3823} INFO - Setting next_dagrun for process_etl_heart_data to 2024-08-16 00:00:00+00:00, run_after=2024-08-17 00:00:00+00:00
[2024-08-17T13:21:16.880+0000] {processor.py:183} INFO - Processing /opt/airflow/dags/etl_process.py took 0.043 seconds
[2024-08-17T13:21:47.153+0000] {processor.py:161} INFO - Started process (PID=258) to work on /opt/airflow/dags/etl_process.py
[2024-08-17T13:21:47.154+0000] {processor.py:830} INFO - Processing file /opt/airflow/dags/etl_process.py for tasks to queue
[2024-08-17T13:21:47.154+0000] {logging_mixin.py:188} INFO - [2024-08-17T13:21:47.154+0000] {dagbag.py:538} INFO - Filling up the DagBag from /opt/airflow/dags/etl_process.py
[2024-08-17T13:21:47.165+0000] {processor.py:840} INFO - DAG(s) 'process_etl_heart_data' retrieved from /opt/airflow/dags/etl_process.py
[2024-08-17T13:21:47.179+0000] {logging_mixin.py:188} INFO - [2024-08-17T13:21:47.179+0000] {dag.py:3036} INFO - Sync 1 DAGs
[2024-08-17T13:21:47.188+0000] {logging_mixin.py:188} INFO - [2024-08-17T13:21:47.188+0000] {dag.py:3823} INFO - Setting next_dagrun for process_etl_heart_data to 2024-08-16 00:00:00+00:00, run_after=2024-08-17 00:00:00+00:00
[2024-08-17T13:21:47.195+0000] {processor.py:183} INFO - Processing /opt/airflow/dags/etl_process.py took 0.044 seconds
[2024-08-17T13:22:17.486+0000] {processor.py:161} INFO - Started process (PID=273) to work on /opt/airflow/dags/etl_process.py
[2024-08-17T13:22:17.486+0000] {processor.py:830} INFO - Processing file /opt/airflow/dags/etl_process.py for tasks to queue
[2024-08-17T13:22:17.487+0000] {logging_mixin.py:188} INFO - [2024-08-17T13:22:17.487+0000] {dagbag.py:538} INFO - Filling up the DagBag from /opt/airflow/dags/etl_process.py
[2024-08-17T13:22:17.494+0000] {processor.py:840} INFO - DAG(s) 'process_etl_heart_data' retrieved from /opt/airflow/dags/etl_process.py
[2024-08-17T13:22:17.511+0000] {logging_mixin.py:188} INFO - [2024-08-17T13:22:17.511+0000] {dag.py:3036} INFO - Sync 1 DAGs
[2024-08-17T13:22:17.520+0000] {logging_mixin.py:188} INFO - [2024-08-17T13:22:17.520+0000] {dag.py:3823} INFO - Setting next_dagrun for process_etl_heart_data to 2024-08-16 00:00:00+00:00, run_after=2024-08-17 00:00:00+00:00
[2024-08-17T13:22:17.529+0000] {processor.py:183} INFO - Processing /opt/airflow/dags/etl_process.py took 0.044 seconds
[2024-08-17T13:22:47.820+0000] {processor.py:161} INFO - Started process (PID=309) to work on /opt/airflow/dags/etl_process.py
[2024-08-17T13:22:47.821+0000] {processor.py:830} INFO - Processing file /opt/airflow/dags/etl_process.py for tasks to queue
[2024-08-17T13:22:47.821+0000] {logging_mixin.py:188} INFO - [2024-08-17T13:22:47.821+0000] {dagbag.py:538} INFO - Filling up the DagBag from /opt/airflow/dags/etl_process.py
[2024-08-17T13:22:47.829+0000] {processor.py:840} INFO - DAG(s) 'process_etl_heart_data' retrieved from /opt/airflow/dags/etl_process.py
[2024-08-17T13:22:47.843+0000] {logging_mixin.py:188} INFO - [2024-08-17T13:22:47.842+0000] {dag.py:3036} INFO - Sync 1 DAGs
[2024-08-17T13:22:47.853+0000] {logging_mixin.py:188} INFO - [2024-08-17T13:22:47.853+0000] {dag.py:3823} INFO - Setting next_dagrun for process_etl_heart_data to 2024-08-16 00:00:00+00:00, run_after=2024-08-17 00:00:00+00:00
[2024-08-17T13:22:47.861+0000] {processor.py:183} INFO - Processing /opt/airflow/dags/etl_process.py took 0.042 seconds
[2024-08-17T13:23:18.154+0000] {processor.py:161} INFO - Started process (PID=324) to work on /opt/airflow/dags/etl_process.py
[2024-08-17T13:23:18.155+0000] {processor.py:830} INFO - Processing file /opt/airflow/dags/etl_process.py for tasks to queue
[2024-08-17T13:23:18.155+0000] {logging_mixin.py:188} INFO - [2024-08-17T13:23:18.155+0000] {dagbag.py:538} INFO - Filling up the DagBag from /opt/airflow/dags/etl_process.py
[2024-08-17T13:23:18.163+0000] {processor.py:840} INFO - DAG(s) 'process_etl_heart_data' retrieved from /opt/airflow/dags/etl_process.py
[2024-08-17T13:23:18.177+0000] {logging_mixin.py:188} INFO - [2024-08-17T13:23:18.177+0000] {dag.py:3036} INFO - Sync 1 DAGs
[2024-08-17T13:23:18.185+0000] {logging_mixin.py:188} INFO - [2024-08-17T13:23:18.185+0000] {dag.py:3823} INFO - Setting next_dagrun for process_etl_heart_data to 2024-08-16 00:00:00+00:00, run_after=2024-08-17 00:00:00+00:00
[2024-08-17T13:23:18.192+0000] {processor.py:183} INFO - Processing /opt/airflow/dags/etl_process.py took 0.039 seconds
[2024-08-17T13:23:48.476+0000] {processor.py:161} INFO - Started process (PID=360) to work on /opt/airflow/dags/etl_process.py
[2024-08-17T13:23:48.476+0000] {processor.py:830} INFO - Processing file /opt/airflow/dags/etl_process.py for tasks to queue
[2024-08-17T13:23:48.477+0000] {logging_mixin.py:188} INFO - [2024-08-17T13:23:48.477+0000] {dagbag.py:538} INFO - Filling up the DagBag from /opt/airflow/dags/etl_process.py
[2024-08-17T13:23:48.484+0000] {processor.py:840} INFO - DAG(s) 'process_etl_heart_data' retrieved from /opt/airflow/dags/etl_process.py
[2024-08-17T13:23:48.497+0000] {logging_mixin.py:188} INFO - [2024-08-17T13:23:48.497+0000] {dag.py:3036} INFO - Sync 1 DAGs
[2024-08-17T13:23:48.507+0000] {logging_mixin.py:188} INFO - [2024-08-17T13:23:48.507+0000] {dag.py:3823} INFO - Setting next_dagrun for process_etl_heart_data to 2024-08-16 00:00:00+00:00, run_after=2024-08-17 00:00:00+00:00
[2024-08-17T13:23:48.514+0000] {processor.py:183} INFO - Processing /opt/airflow/dags/etl_process.py took 0.040 seconds
[2024-08-17T13:24:18.794+0000] {processor.py:161} INFO - Started process (PID=375) to work on /opt/airflow/dags/etl_process.py
[2024-08-17T13:24:18.794+0000] {processor.py:830} INFO - Processing file /opt/airflow/dags/etl_process.py for tasks to queue
[2024-08-17T13:24:18.795+0000] {logging_mixin.py:188} INFO - [2024-08-17T13:24:18.795+0000] {dagbag.py:538} INFO - Filling up the DagBag from /opt/airflow/dags/etl_process.py
[2024-08-17T13:24:18.802+0000] {processor.py:840} INFO - DAG(s) 'process_etl_heart_data' retrieved from /opt/airflow/dags/etl_process.py
[2024-08-17T13:24:18.816+0000] {logging_mixin.py:188} INFO - [2024-08-17T13:24:18.816+0000] {dag.py:3036} INFO - Sync 1 DAGs
[2024-08-17T13:24:18.827+0000] {logging_mixin.py:188} INFO - [2024-08-17T13:24:18.827+0000] {dag.py:3823} INFO - Setting next_dagrun for process_etl_heart_data to 2024-08-16 00:00:00+00:00, run_after=2024-08-17 00:00:00+00:00
[2024-08-17T13:24:18.835+0000] {processor.py:183} INFO - Processing /opt/airflow/dags/etl_process.py took 0.043 seconds
[2024-08-17T13:24:49.119+0000] {processor.py:161} INFO - Started process (PID=410) to work on /opt/airflow/dags/etl_process.py
[2024-08-17T13:24:49.120+0000] {processor.py:830} INFO - Processing file /opt/airflow/dags/etl_process.py for tasks to queue
[2024-08-17T13:24:49.120+0000] {logging_mixin.py:188} INFO - [2024-08-17T13:24:49.120+0000] {dagbag.py:538} INFO - Filling up the DagBag from /opt/airflow/dags/etl_process.py
[2024-08-17T13:24:49.127+0000] {processor.py:840} INFO - DAG(s) 'process_etl_heart_data' retrieved from /opt/airflow/dags/etl_process.py
[2024-08-17T13:24:49.141+0000] {logging_mixin.py:188} INFO - [2024-08-17T13:24:49.140+0000] {dag.py:3036} INFO - Sync 1 DAGs
[2024-08-17T13:24:49.149+0000] {logging_mixin.py:188} INFO - [2024-08-17T13:24:49.149+0000] {dag.py:3823} INFO - Setting next_dagrun for process_etl_heart_data to 2024-08-16 00:00:00+00:00, run_after=2024-08-17 00:00:00+00:00
[2024-08-17T13:24:49.157+0000] {processor.py:183} INFO - Processing /opt/airflow/dags/etl_process.py took 0.039 seconds
[2024-08-17T13:25:19.429+0000] {processor.py:161} INFO - Started process (PID=425) to work on /opt/airflow/dags/etl_process.py
[2024-08-17T13:25:19.429+0000] {processor.py:830} INFO - Processing file /opt/airflow/dags/etl_process.py for tasks to queue
[2024-08-17T13:25:19.430+0000] {logging_mixin.py:188} INFO - [2024-08-17T13:25:19.430+0000] {dagbag.py:538} INFO - Filling up the DagBag from /opt/airflow/dags/etl_process.py
[2024-08-17T13:25:19.438+0000] {processor.py:840} INFO - DAG(s) 'process_etl_heart_data' retrieved from /opt/airflow/dags/etl_process.py
[2024-08-17T13:25:19.452+0000] {logging_mixin.py:188} INFO - [2024-08-17T13:25:19.451+0000] {dag.py:3036} INFO - Sync 1 DAGs
[2024-08-17T13:25:19.461+0000] {logging_mixin.py:188} INFO - [2024-08-17T13:25:19.461+0000] {dag.py:3823} INFO - Setting next_dagrun for process_etl_heart_data to 2024-08-16 00:00:00+00:00, run_after=2024-08-17 00:00:00+00:00
[2024-08-17T13:25:19.468+0000] {processor.py:183} INFO - Processing /opt/airflow/dags/etl_process.py took 0.041 seconds
[2024-08-17T13:25:49.772+0000] {processor.py:161} INFO - Started process (PID=461) to work on /opt/airflow/dags/etl_process.py
[2024-08-17T13:25:49.773+0000] {processor.py:830} INFO - Processing file /opt/airflow/dags/etl_process.py for tasks to queue
[2024-08-17T13:25:49.773+0000] {logging_mixin.py:188} INFO - [2024-08-17T13:25:49.773+0000] {dagbag.py:538} INFO - Filling up the DagBag from /opt/airflow/dags/etl_process.py
[2024-08-17T13:25:49.781+0000] {processor.py:840} INFO - DAG(s) 'process_etl_heart_data' retrieved from /opt/airflow/dags/etl_process.py
[2024-08-17T13:25:49.795+0000] {logging_mixin.py:188} INFO - [2024-08-17T13:25:49.794+0000] {dag.py:3036} INFO - Sync 1 DAGs
[2024-08-17T13:25:49.804+0000] {logging_mixin.py:188} INFO - [2024-08-17T13:25:49.804+0000] {dag.py:3823} INFO - Setting next_dagrun for process_etl_heart_data to 2024-08-16 00:00:00+00:00, run_after=2024-08-17 00:00:00+00:00
[2024-08-17T13:25:49.811+0000] {processor.py:183} INFO - Processing /opt/airflow/dags/etl_process.py took 0.040 seconds
[2024-08-17T13:26:20.102+0000] {processor.py:161} INFO - Started process (PID=476) to work on /opt/airflow/dags/etl_process.py
[2024-08-17T13:26:20.103+0000] {processor.py:830} INFO - Processing file /opt/airflow/dags/etl_process.py for tasks to queue
[2024-08-17T13:26:20.103+0000] {logging_mixin.py:188} INFO - [2024-08-17T13:26:20.103+0000] {dagbag.py:538} INFO - Filling up the DagBag from /opt/airflow/dags/etl_process.py
[2024-08-17T13:26:20.111+0000] {processor.py:840} INFO - DAG(s) 'process_etl_heart_data' retrieved from /opt/airflow/dags/etl_process.py
[2024-08-17T13:26:20.125+0000] {logging_mixin.py:188} INFO - [2024-08-17T13:26:20.124+0000] {dag.py:3036} INFO - Sync 1 DAGs
[2024-08-17T13:26:20.133+0000] {logging_mixin.py:188} INFO - [2024-08-17T13:26:20.133+0000] {dag.py:3823} INFO - Setting next_dagrun for process_etl_heart_data to 2024-08-16 00:00:00+00:00, run_after=2024-08-17 00:00:00+00:00
[2024-08-17T13:26:20.140+0000] {processor.py:183} INFO - Processing /opt/airflow/dags/etl_process.py took 0.040 seconds
[2024-08-17T13:26:50.432+0000] {processor.py:161} INFO - Started process (PID=512) to work on /opt/airflow/dags/etl_process.py
[2024-08-17T13:26:50.433+0000] {processor.py:830} INFO - Processing file /opt/airflow/dags/etl_process.py for tasks to queue
[2024-08-17T13:26:50.433+0000] {logging_mixin.py:188} INFO - [2024-08-17T13:26:50.433+0000] {dagbag.py:538} INFO - Filling up the DagBag from /opt/airflow/dags/etl_process.py
[2024-08-17T13:26:50.441+0000] {processor.py:840} INFO - DAG(s) 'process_etl_heart_data' retrieved from /opt/airflow/dags/etl_process.py
[2024-08-17T13:26:50.454+0000] {logging_mixin.py:188} INFO - [2024-08-17T13:26:50.454+0000] {dag.py:3036} INFO - Sync 1 DAGs
[2024-08-17T13:26:50.462+0000] {logging_mixin.py:188} INFO - [2024-08-17T13:26:50.462+0000] {dag.py:3823} INFO - Setting next_dagrun for process_etl_heart_data to 2024-08-16 00:00:00+00:00, run_after=2024-08-17 00:00:00+00:00
[2024-08-17T13:26:50.469+0000] {processor.py:183} INFO - Processing /opt/airflow/dags/etl_process.py took 0.039 seconds
[2024-08-17T13:27:20.741+0000] {processor.py:161} INFO - Started process (PID=527) to work on /opt/airflow/dags/etl_process.py
[2024-08-17T13:27:20.742+0000] {processor.py:830} INFO - Processing file /opt/airflow/dags/etl_process.py for tasks to queue
[2024-08-17T13:27:20.742+0000] {logging_mixin.py:188} INFO - [2024-08-17T13:27:20.742+0000] {dagbag.py:538} INFO - Filling up the DagBag from /opt/airflow/dags/etl_process.py
[2024-08-17T13:27:20.749+0000] {processor.py:840} INFO - DAG(s) 'process_etl_heart_data' retrieved from /opt/airflow/dags/etl_process.py
[2024-08-17T13:27:20.762+0000] {logging_mixin.py:188} INFO - [2024-08-17T13:27:20.762+0000] {dag.py:3036} INFO - Sync 1 DAGs
[2024-08-17T13:27:20.771+0000] {logging_mixin.py:188} INFO - [2024-08-17T13:27:20.771+0000] {dag.py:3823} INFO - Setting next_dagrun for process_etl_heart_data to 2024-08-16 00:00:00+00:00, run_after=2024-08-17 00:00:00+00:00
[2024-08-17T13:27:20.778+0000] {processor.py:183} INFO - Processing /opt/airflow/dags/etl_process.py took 0.039 seconds
[2024-08-17T13:27:51.078+0000] {processor.py:161} INFO - Started process (PID=563) to work on /opt/airflow/dags/etl_process.py
[2024-08-17T13:27:51.078+0000] {processor.py:830} INFO - Processing file /opt/airflow/dags/etl_process.py for tasks to queue
[2024-08-17T13:27:51.079+0000] {logging_mixin.py:188} INFO - [2024-08-17T13:27:51.078+0000] {dagbag.py:538} INFO - Filling up the DagBag from /opt/airflow/dags/etl_process.py
[2024-08-17T13:27:51.086+0000] {processor.py:840} INFO - DAG(s) 'process_etl_heart_data' retrieved from /opt/airflow/dags/etl_process.py
[2024-08-17T13:27:51.099+0000] {logging_mixin.py:188} INFO - [2024-08-17T13:27:51.099+0000] {dag.py:3036} INFO - Sync 1 DAGs
[2024-08-17T13:27:51.108+0000] {logging_mixin.py:188} INFO - [2024-08-17T13:27:51.108+0000] {dag.py:3823} INFO - Setting next_dagrun for process_etl_heart_data to 2024-08-16 00:00:00+00:00, run_after=2024-08-17 00:00:00+00:00
[2024-08-17T13:27:51.115+0000] {processor.py:183} INFO - Processing /opt/airflow/dags/etl_process.py took 0.039 seconds
[2024-08-17T13:28:21.478+0000] {processor.py:161} INFO - Started process (PID=578) to work on /opt/airflow/dags/etl_process.py
[2024-08-17T13:28:21.478+0000] {processor.py:830} INFO - Processing file /opt/airflow/dags/etl_process.py for tasks to queue
[2024-08-17T13:28:21.479+0000] {logging_mixin.py:188} INFO - [2024-08-17T13:28:21.479+0000] {dagbag.py:538} INFO - Filling up the DagBag from /opt/airflow/dags/etl_process.py
[2024-08-17T13:28:21.486+0000] {processor.py:840} INFO - DAG(s) 'process_etl_heart_data' retrieved from /opt/airflow/dags/etl_process.py
[2024-08-17T13:28:21.500+0000] {logging_mixin.py:188} INFO - [2024-08-17T13:28:21.500+0000] {dag.py:3036} INFO - Sync 1 DAGs
[2024-08-17T13:28:21.510+0000] {logging_mixin.py:188} INFO - [2024-08-17T13:28:21.510+0000] {dag.py:3823} INFO - Setting next_dagrun for process_etl_heart_data to 2024-08-16 00:00:00+00:00, run_after=2024-08-17 00:00:00+00:00
[2024-08-17T13:28:21.517+0000] {processor.py:183} INFO - Processing /opt/airflow/dags/etl_process.py took 0.040 seconds
[2024-08-17T13:28:51.793+0000] {processor.py:161} INFO - Started process (PID=614) to work on /opt/airflow/dags/etl_process.py
[2024-08-17T13:28:51.793+0000] {processor.py:830} INFO - Processing file /opt/airflow/dags/etl_process.py for tasks to queue
[2024-08-17T13:28:51.794+0000] {logging_mixin.py:188} INFO - [2024-08-17T13:28:51.794+0000] {dagbag.py:538} INFO - Filling up the DagBag from /opt/airflow/dags/etl_process.py
[2024-08-17T13:28:51.801+0000] {processor.py:840} INFO - DAG(s) 'process_etl_heart_data' retrieved from /opt/airflow/dags/etl_process.py
[2024-08-17T13:28:51.814+0000] {logging_mixin.py:188} INFO - [2024-08-17T13:28:51.814+0000] {dag.py:3036} INFO - Sync 1 DAGs
[2024-08-17T13:28:51.823+0000] {logging_mixin.py:188} INFO - [2024-08-17T13:28:51.823+0000] {dag.py:3823} INFO - Setting next_dagrun for process_etl_heart_data to 2024-08-16 00:00:00+00:00, run_after=2024-08-17 00:00:00+00:00
[2024-08-17T13:28:51.830+0000] {processor.py:183} INFO - Processing /opt/airflow/dags/etl_process.py took 0.039 seconds
[2024-08-17T13:29:22.128+0000] {processor.py:161} INFO - Started process (PID=629) to work on /opt/airflow/dags/etl_process.py
[2024-08-17T13:29:22.128+0000] {processor.py:830} INFO - Processing file /opt/airflow/dags/etl_process.py for tasks to queue
[2024-08-17T13:29:22.129+0000] {logging_mixin.py:188} INFO - [2024-08-17T13:29:22.129+0000] {dagbag.py:538} INFO - Filling up the DagBag from /opt/airflow/dags/etl_process.py
[2024-08-17T13:29:22.137+0000] {processor.py:840} INFO - DAG(s) 'process_etl_heart_data' retrieved from /opt/airflow/dags/etl_process.py
[2024-08-17T13:29:22.151+0000] {logging_mixin.py:188} INFO - [2024-08-17T13:29:22.151+0000] {dag.py:3036} INFO - Sync 1 DAGs
[2024-08-17T13:29:22.160+0000] {logging_mixin.py:188} INFO - [2024-08-17T13:29:22.160+0000] {dag.py:3823} INFO - Setting next_dagrun for process_etl_heart_data to 2024-08-16 00:00:00+00:00, run_after=2024-08-17 00:00:00+00:00
[2024-08-17T13:29:22.168+0000] {processor.py:183} INFO - Processing /opt/airflow/dags/etl_process.py took 0.042 seconds
[2024-08-17T13:29:52.412+0000] {processor.py:161} INFO - Started process (PID=665) to work on /opt/airflow/dags/etl_process.py
[2024-08-17T13:29:52.413+0000] {processor.py:830} INFO - Processing file /opt/airflow/dags/etl_process.py for tasks to queue
[2024-08-17T13:29:52.413+0000] {logging_mixin.py:188} INFO - [2024-08-17T13:29:52.413+0000] {dagbag.py:538} INFO - Filling up the DagBag from /opt/airflow/dags/etl_process.py
[2024-08-17T13:29:52.422+0000] {processor.py:840} INFO - DAG(s) 'process_etl_heart_data' retrieved from /opt/airflow/dags/etl_process.py
[2024-08-17T13:29:52.435+0000] {logging_mixin.py:188} INFO - [2024-08-17T13:29:52.435+0000] {dag.py:3036} INFO - Sync 1 DAGs
[2024-08-17T13:29:52.443+0000] {logging_mixin.py:188} INFO - [2024-08-17T13:29:52.443+0000] {dag.py:3823} INFO - Setting next_dagrun for process_etl_heart_data to 2024-08-16 00:00:00+00:00, run_after=2024-08-17 00:00:00+00:00
[2024-08-17T13:29:52.450+0000] {processor.py:183} INFO - Processing /opt/airflow/dags/etl_process.py took 0.039 seconds
[2024-08-17T13:30:22.720+0000] {processor.py:161} INFO - Started process (PID=680) to work on /opt/airflow/dags/etl_process.py
[2024-08-17T13:30:22.721+0000] {processor.py:830} INFO - Processing file /opt/airflow/dags/etl_process.py for tasks to queue
[2024-08-17T13:30:22.721+0000] {logging_mixin.py:188} INFO - [2024-08-17T13:30:22.721+0000] {dagbag.py:538} INFO - Filling up the DagBag from /opt/airflow/dags/etl_process.py
[2024-08-17T13:30:22.729+0000] {processor.py:840} INFO - DAG(s) 'process_etl_heart_data' retrieved from /opt/airflow/dags/etl_process.py
[2024-08-17T13:30:22.741+0000] {logging_mixin.py:188} INFO - [2024-08-17T13:30:22.741+0000] {dag.py:3036} INFO - Sync 1 DAGs
[2024-08-17T13:30:22.751+0000] {logging_mixin.py:188} INFO - [2024-08-17T13:30:22.750+0000] {dag.py:3823} INFO - Setting next_dagrun for process_etl_heart_data to 2024-08-16 00:00:00+00:00, run_after=2024-08-17 00:00:00+00:00
[2024-08-17T13:30:22.758+0000] {processor.py:183} INFO - Processing /opt/airflow/dags/etl_process.py took 0.039 seconds
[2024-08-17T13:30:53.088+0000] {processor.py:161} INFO - Started process (PID=703) to work on /opt/airflow/dags/etl_process.py
[2024-08-17T13:30:53.088+0000] {processor.py:830} INFO - Processing file /opt/airflow/dags/etl_process.py for tasks to queue
[2024-08-17T13:30:53.089+0000] {logging_mixin.py:188} INFO - [2024-08-17T13:30:53.089+0000] {dagbag.py:538} INFO - Filling up the DagBag from /opt/airflow/dags/etl_process.py
[2024-08-17T13:30:53.096+0000] {processor.py:840} INFO - DAG(s) 'process_etl_heart_data' retrieved from /opt/airflow/dags/etl_process.py
[2024-08-17T13:30:53.110+0000] {logging_mixin.py:188} INFO - [2024-08-17T13:30:53.110+0000] {dag.py:3036} INFO - Sync 1 DAGs
[2024-08-17T13:30:53.120+0000] {logging_mixin.py:188} INFO - [2024-08-17T13:30:53.119+0000] {dag.py:3823} INFO - Setting next_dagrun for process_etl_heart_data to 2024-08-16 00:00:00+00:00, run_after=2024-08-17 00:00:00+00:00
[2024-08-17T13:30:53.129+0000] {processor.py:183} INFO - Processing /opt/airflow/dags/etl_process.py took 0.043 seconds
[2024-08-17T13:31:23.419+0000] {processor.py:161} INFO - Started process (PID=731) to work on /opt/airflow/dags/etl_process.py
[2024-08-17T13:31:23.420+0000] {processor.py:830} INFO - Processing file /opt/airflow/dags/etl_process.py for tasks to queue
[2024-08-17T13:31:23.420+0000] {logging_mixin.py:188} INFO - [2024-08-17T13:31:23.420+0000] {dagbag.py:538} INFO - Filling up the DagBag from /opt/airflow/dags/etl_process.py
[2024-08-17T13:31:23.428+0000] {processor.py:840} INFO - DAG(s) 'process_etl_heart_data' retrieved from /opt/airflow/dags/etl_process.py
[2024-08-17T13:31:23.442+0000] {logging_mixin.py:188} INFO - [2024-08-17T13:31:23.442+0000] {dag.py:3036} INFO - Sync 1 DAGs
[2024-08-17T13:31:23.451+0000] {logging_mixin.py:188} INFO - [2024-08-17T13:31:23.451+0000] {dag.py:3823} INFO - Setting next_dagrun for process_etl_heart_data to 2024-08-16 00:00:00+00:00, run_after=2024-08-17 00:00:00+00:00
[2024-08-17T13:31:23.458+0000] {processor.py:183} INFO - Processing /opt/airflow/dags/etl_process.py took 0.040 seconds
[2024-08-17T13:31:53.706+0000] {processor.py:161} INFO - Started process (PID=746) to work on /opt/airflow/dags/etl_process.py
[2024-08-17T13:31:53.706+0000] {processor.py:830} INFO - Processing file /opt/airflow/dags/etl_process.py for tasks to queue
[2024-08-17T13:31:53.707+0000] {logging_mixin.py:188} INFO - [2024-08-17T13:31:53.707+0000] {dagbag.py:538} INFO - Filling up the DagBag from /opt/airflow/dags/etl_process.py
[2024-08-17T13:31:53.714+0000] {processor.py:840} INFO - DAG(s) 'process_etl_heart_data' retrieved from /opt/airflow/dags/etl_process.py
[2024-08-17T13:31:53.728+0000] {logging_mixin.py:188} INFO - [2024-08-17T13:31:53.728+0000] {dag.py:3036} INFO - Sync 1 DAGs
[2024-08-17T13:31:53.739+0000] {logging_mixin.py:188} INFO - [2024-08-17T13:31:53.739+0000] {dag.py:3823} INFO - Setting next_dagrun for process_etl_heart_data to 2024-08-16 00:00:00+00:00, run_after=2024-08-17 00:00:00+00:00
[2024-08-17T13:31:53.750+0000] {processor.py:183} INFO - Processing /opt/airflow/dags/etl_process.py took 0.045 seconds
[2024-08-17T13:32:24.078+0000] {processor.py:161} INFO - Started process (PID=782) to work on /opt/airflow/dags/etl_process.py
[2024-08-17T13:32:24.079+0000] {processor.py:830} INFO - Processing file /opt/airflow/dags/etl_process.py for tasks to queue
[2024-08-17T13:32:24.079+0000] {logging_mixin.py:188} INFO - [2024-08-17T13:32:24.079+0000] {dagbag.py:538} INFO - Filling up the DagBag from /opt/airflow/dags/etl_process.py
[2024-08-17T13:32:24.087+0000] {processor.py:840} INFO - DAG(s) 'process_etl_heart_data' retrieved from /opt/airflow/dags/etl_process.py
[2024-08-17T13:32:24.100+0000] {logging_mixin.py:188} INFO - [2024-08-17T13:32:24.100+0000] {dag.py:3036} INFO - Sync 1 DAGs
[2024-08-17T13:32:24.109+0000] {logging_mixin.py:188} INFO - [2024-08-17T13:32:24.109+0000] {dag.py:3823} INFO - Setting next_dagrun for process_etl_heart_data to 2024-08-16 00:00:00+00:00, run_after=2024-08-17 00:00:00+00:00
[2024-08-17T13:32:24.116+0000] {processor.py:183} INFO - Processing /opt/airflow/dags/etl_process.py took 0.040 seconds
[2024-08-17T13:32:54.436+0000] {processor.py:161} INFO - Started process (PID=797) to work on /opt/airflow/dags/etl_process.py
[2024-08-17T13:32:54.437+0000] {processor.py:830} INFO - Processing file /opt/airflow/dags/etl_process.py for tasks to queue
[2024-08-17T13:32:54.437+0000] {logging_mixin.py:188} INFO - [2024-08-17T13:32:54.437+0000] {dagbag.py:538} INFO - Filling up the DagBag from /opt/airflow/dags/etl_process.py
[2024-08-17T13:32:54.445+0000] {processor.py:840} INFO - DAG(s) 'process_etl_heart_data' retrieved from /opt/airflow/dags/etl_process.py
[2024-08-17T13:32:54.459+0000] {logging_mixin.py:188} INFO - [2024-08-17T13:32:54.459+0000] {dag.py:3036} INFO - Sync 1 DAGs
[2024-08-17T13:32:54.467+0000] {logging_mixin.py:188} INFO - [2024-08-17T13:32:54.467+0000] {dag.py:3823} INFO - Setting next_dagrun for process_etl_heart_data to 2024-08-16 00:00:00+00:00, run_after=2024-08-17 00:00:00+00:00
[2024-08-17T13:32:54.475+0000] {processor.py:183} INFO - Processing /opt/airflow/dags/etl_process.py took 0.041 seconds
[2024-08-17T13:33:24.747+0000] {processor.py:161} INFO - Started process (PID=833) to work on /opt/airflow/dags/etl_process.py
[2024-08-17T13:33:24.748+0000] {processor.py:830} INFO - Processing file /opt/airflow/dags/etl_process.py for tasks to queue
[2024-08-17T13:33:24.748+0000] {logging_mixin.py:188} INFO - [2024-08-17T13:33:24.748+0000] {dagbag.py:538} INFO - Filling up the DagBag from /opt/airflow/dags/etl_process.py
[2024-08-17T13:33:24.755+0000] {processor.py:840} INFO - DAG(s) 'process_etl_heart_data' retrieved from /opt/airflow/dags/etl_process.py
[2024-08-17T13:33:24.770+0000] {logging_mixin.py:188} INFO - [2024-08-17T13:33:24.769+0000] {dag.py:3036} INFO - Sync 1 DAGs
[2024-08-17T13:33:24.780+0000] {logging_mixin.py:188} INFO - [2024-08-17T13:33:24.780+0000] {dag.py:3823} INFO - Setting next_dagrun for process_etl_heart_data to 2024-08-16 00:00:00+00:00, run_after=2024-08-17 00:00:00+00:00
[2024-08-17T13:33:24.787+0000] {processor.py:183} INFO - Processing /opt/airflow/dags/etl_process.py took 0.042 seconds
[2024-08-17T13:33:55.083+0000] {processor.py:161} INFO - Started process (PID=848) to work on /opt/airflow/dags/etl_process.py
[2024-08-17T13:33:55.083+0000] {processor.py:830} INFO - Processing file /opt/airflow/dags/etl_process.py for tasks to queue
[2024-08-17T13:33:55.083+0000] {logging_mixin.py:188} INFO - [2024-08-17T13:33:55.083+0000] {dagbag.py:538} INFO - Filling up the DagBag from /opt/airflow/dags/etl_process.py
[2024-08-17T13:33:55.091+0000] {processor.py:840} INFO - DAG(s) 'process_etl_heart_data' retrieved from /opt/airflow/dags/etl_process.py
[2024-08-17T13:33:55.104+0000] {logging_mixin.py:188} INFO - [2024-08-17T13:33:55.104+0000] {dag.py:3036} INFO - Sync 1 DAGs
[2024-08-17T13:33:55.113+0000] {logging_mixin.py:188} INFO - [2024-08-17T13:33:55.113+0000] {dag.py:3823} INFO - Setting next_dagrun for process_etl_heart_data to 2024-08-16 00:00:00+00:00, run_after=2024-08-17 00:00:00+00:00
[2024-08-17T13:33:55.122+0000] {processor.py:183} INFO - Processing /opt/airflow/dags/etl_process.py took 0.040 seconds
[2024-08-17T13:34:25.400+0000] {processor.py:161} INFO - Started process (PID=884) to work on /opt/airflow/dags/etl_process.py
[2024-08-17T13:34:25.401+0000] {processor.py:830} INFO - Processing file /opt/airflow/dags/etl_process.py for tasks to queue
[2024-08-17T13:34:25.401+0000] {logging_mixin.py:188} INFO - [2024-08-17T13:34:25.401+0000] {dagbag.py:538} INFO - Filling up the DagBag from /opt/airflow/dags/etl_process.py
[2024-08-17T13:34:25.409+0000] {processor.py:840} INFO - DAG(s) 'process_etl_heart_data' retrieved from /opt/airflow/dags/etl_process.py
[2024-08-17T13:34:25.422+0000] {logging_mixin.py:188} INFO - [2024-08-17T13:34:25.422+0000] {dag.py:3036} INFO - Sync 1 DAGs
[2024-08-17T13:34:25.431+0000] {logging_mixin.py:188} INFO - [2024-08-17T13:34:25.431+0000] {dag.py:3823} INFO - Setting next_dagrun for process_etl_heart_data to 2024-08-16 00:00:00+00:00, run_after=2024-08-17 00:00:00+00:00
[2024-08-17T13:34:25.439+0000] {processor.py:183} INFO - Processing /opt/airflow/dags/etl_process.py took 0.040 seconds
[2024-08-17T13:34:55.712+0000] {processor.py:161} INFO - Started process (PID=899) to work on /opt/airflow/dags/etl_process.py
[2024-08-17T13:34:55.713+0000] {processor.py:830} INFO - Processing file /opt/airflow/dags/etl_process.py for tasks to queue
[2024-08-17T13:34:55.713+0000] {logging_mixin.py:188} INFO - [2024-08-17T13:34:55.713+0000] {dagbag.py:538} INFO - Filling up the DagBag from /opt/airflow/dags/etl_process.py
[2024-08-17T13:34:55.721+0000] {processor.py:840} INFO - DAG(s) 'process_etl_heart_data' retrieved from /opt/airflow/dags/etl_process.py
[2024-08-17T13:34:55.734+0000] {logging_mixin.py:188} INFO - [2024-08-17T13:34:55.734+0000] {dag.py:3036} INFO - Sync 1 DAGs
[2024-08-17T13:34:55.807+0000] {logging_mixin.py:188} INFO - [2024-08-17T13:34:55.807+0000] {dag.py:3823} INFO - Setting next_dagrun for process_etl_heart_data to 2024-08-16 00:00:00+00:00, run_after=2024-08-17 00:00:00+00:00
[2024-08-17T13:34:55.815+0000] {processor.py:183} INFO - Processing /opt/airflow/dags/etl_process.py took 0.104 seconds
[2024-08-17T13:35:26.101+0000] {processor.py:161} INFO - Started process (PID=935) to work on /opt/airflow/dags/etl_process.py
[2024-08-17T13:35:26.101+0000] {processor.py:830} INFO - Processing file /opt/airflow/dags/etl_process.py for tasks to queue
[2024-08-17T13:35:26.102+0000] {logging_mixin.py:188} INFO - [2024-08-17T13:35:26.102+0000] {dagbag.py:538} INFO - Filling up the DagBag from /opt/airflow/dags/etl_process.py
[2024-08-17T13:35:26.110+0000] {processor.py:840} INFO - DAG(s) 'process_etl_heart_data' retrieved from /opt/airflow/dags/etl_process.py
[2024-08-17T13:35:26.122+0000] {logging_mixin.py:188} INFO - [2024-08-17T13:35:26.122+0000] {dag.py:3036} INFO - Sync 1 DAGs
[2024-08-17T13:35:26.131+0000] {logging_mixin.py:188} INFO - [2024-08-17T13:35:26.131+0000] {dag.py:3823} INFO - Setting next_dagrun for process_etl_heart_data to 2024-08-16 00:00:00+00:00, run_after=2024-08-17 00:00:00+00:00
[2024-08-17T13:35:26.138+0000] {processor.py:183} INFO - Processing /opt/airflow/dags/etl_process.py took 0.039 seconds
[2024-08-17T13:35:56.427+0000] {processor.py:161} INFO - Started process (PID=950) to work on /opt/airflow/dags/etl_process.py
[2024-08-17T13:35:56.428+0000] {processor.py:830} INFO - Processing file /opt/airflow/dags/etl_process.py for tasks to queue
[2024-08-17T13:35:56.428+0000] {logging_mixin.py:188} INFO - [2024-08-17T13:35:56.428+0000] {dagbag.py:538} INFO - Filling up the DagBag from /opt/airflow/dags/etl_process.py
[2024-08-17T13:35:56.436+0000] {processor.py:840} INFO - DAG(s) 'process_etl_heart_data' retrieved from /opt/airflow/dags/etl_process.py
[2024-08-17T13:35:56.450+0000] {logging_mixin.py:188} INFO - [2024-08-17T13:35:56.449+0000] {dag.py:3036} INFO - Sync 1 DAGs
[2024-08-17T13:35:56.458+0000] {logging_mixin.py:188} INFO - [2024-08-17T13:35:56.458+0000] {dag.py:3823} INFO - Setting next_dagrun for process_etl_heart_data to 2024-08-16 00:00:00+00:00, run_after=2024-08-17 00:00:00+00:00
[2024-08-17T13:35:56.465+0000] {processor.py:183} INFO - Processing /opt/airflow/dags/etl_process.py took 0.039 seconds
[2024-08-17T13:36:26.744+0000] {processor.py:161} INFO - Started process (PID=986) to work on /opt/airflow/dags/etl_process.py
[2024-08-17T13:36:26.745+0000] {processor.py:830} INFO - Processing file /opt/airflow/dags/etl_process.py for tasks to queue
[2024-08-17T13:36:26.745+0000] {logging_mixin.py:188} INFO - [2024-08-17T13:36:26.745+0000] {dagbag.py:538} INFO - Filling up the DagBag from /opt/airflow/dags/etl_process.py
[2024-08-17T13:36:26.753+0000] {processor.py:840} INFO - DAG(s) 'process_etl_heart_data' retrieved from /opt/airflow/dags/etl_process.py
[2024-08-17T13:36:26.767+0000] {logging_mixin.py:188} INFO - [2024-08-17T13:36:26.767+0000] {dag.py:3036} INFO - Sync 1 DAGs
[2024-08-17T13:36:26.841+0000] {logging_mixin.py:188} INFO - [2024-08-17T13:36:26.841+0000] {dag.py:3823} INFO - Setting next_dagrun for process_etl_heart_data to 2024-08-16 00:00:00+00:00, run_after=2024-08-17 00:00:00+00:00
[2024-08-17T13:36:26.848+0000] {processor.py:183} INFO - Processing /opt/airflow/dags/etl_process.py took 0.105 seconds
[2024-08-17T13:36:57.153+0000] {processor.py:161} INFO - Started process (PID=1001) to work on /opt/airflow/dags/etl_process.py
[2024-08-17T13:36:57.154+0000] {processor.py:830} INFO - Processing file /opt/airflow/dags/etl_process.py for tasks to queue
[2024-08-17T13:36:57.154+0000] {logging_mixin.py:188} INFO - [2024-08-17T13:36:57.154+0000] {dagbag.py:538} INFO - Filling up the DagBag from /opt/airflow/dags/etl_process.py
[2024-08-17T13:36:57.162+0000] {processor.py:840} INFO - DAG(s) 'process_etl_heart_data' retrieved from /opt/airflow/dags/etl_process.py
[2024-08-17T13:36:57.176+0000] {logging_mixin.py:188} INFO - [2024-08-17T13:36:57.176+0000] {dag.py:3036} INFO - Sync 1 DAGs
[2024-08-17T13:36:57.184+0000] {logging_mixin.py:188} INFO - [2024-08-17T13:36:57.184+0000] {dag.py:3823} INFO - Setting next_dagrun for process_etl_heart_data to 2024-08-16 00:00:00+00:00, run_after=2024-08-17 00:00:00+00:00
[2024-08-17T13:36:57.252+0000] {processor.py:183} INFO - Processing /opt/airflow/dags/etl_process.py took 0.101 seconds
[2024-08-17T13:37:27.476+0000] {processor.py:161} INFO - Started process (PID=1042) to work on /opt/airflow/dags/etl_process.py
[2024-08-17T13:37:27.477+0000] {processor.py:830} INFO - Processing file /opt/airflow/dags/etl_process.py for tasks to queue
[2024-08-17T13:37:27.477+0000] {logging_mixin.py:188} INFO - [2024-08-17T13:37:27.477+0000] {dagbag.py:538} INFO - Filling up the DagBag from /opt/airflow/dags/etl_process.py
[2024-08-17T13:37:27.485+0000] {processor.py:840} INFO - DAG(s) 'process_etl_heart_data' retrieved from /opt/airflow/dags/etl_process.py
[2024-08-17T13:37:27.498+0000] {logging_mixin.py:188} INFO - [2024-08-17T13:37:27.497+0000] {dag.py:3036} INFO - Sync 1 DAGs
[2024-08-17T13:37:27.507+0000] {logging_mixin.py:188} INFO - [2024-08-17T13:37:27.507+0000] {dag.py:3823} INFO - Setting next_dagrun for process_etl_heart_data to 2024-08-16 00:00:00+00:00, run_after=2024-08-17 00:00:00+00:00
[2024-08-17T13:37:27.514+0000] {processor.py:183} INFO - Processing /opt/airflow/dags/etl_process.py took 0.040 seconds
[2024-08-17T13:37:57.779+0000] {processor.py:161} INFO - Started process (PID=1057) to work on /opt/airflow/dags/etl_process.py
[2024-08-17T13:37:57.779+0000] {processor.py:830} INFO - Processing file /opt/airflow/dags/etl_process.py for tasks to queue
[2024-08-17T13:37:57.780+0000] {logging_mixin.py:188} INFO - [2024-08-17T13:37:57.779+0000] {dagbag.py:538} INFO - Filling up the DagBag from /opt/airflow/dags/etl_process.py
[2024-08-17T13:37:57.787+0000] {processor.py:840} INFO - DAG(s) 'process_etl_heart_data' retrieved from /opt/airflow/dags/etl_process.py
[2024-08-17T13:37:57.866+0000] {logging_mixin.py:188} INFO - [2024-08-17T13:37:57.866+0000] {dag.py:3036} INFO - Sync 1 DAGs
[2024-08-17T13:37:57.874+0000] {logging_mixin.py:188} INFO - [2024-08-17T13:37:57.874+0000] {dag.py:3823} INFO - Setting next_dagrun for process_etl_heart_data to 2024-08-16 00:00:00+00:00, run_after=2024-08-17 00:00:00+00:00
[2024-08-17T13:37:57.881+0000] {processor.py:183} INFO - Processing /opt/airflow/dags/etl_process.py took 0.103 seconds
[2024-08-17T13:38:28.170+0000] {processor.py:161} INFO - Started process (PID=1093) to work on /opt/airflow/dags/etl_process.py
[2024-08-17T13:38:28.170+0000] {processor.py:830} INFO - Processing file /opt/airflow/dags/etl_process.py for tasks to queue
[2024-08-17T13:38:28.171+0000] {logging_mixin.py:188} INFO - [2024-08-17T13:38:28.171+0000] {dagbag.py:538} INFO - Filling up the DagBag from /opt/airflow/dags/etl_process.py
[2024-08-17T13:38:28.178+0000] {processor.py:840} INFO - DAG(s) 'process_etl_heart_data' retrieved from /opt/airflow/dags/etl_process.py
[2024-08-17T13:38:28.192+0000] {logging_mixin.py:188} INFO - [2024-08-17T13:38:28.192+0000] {dag.py:3036} INFO - Sync 1 DAGs
[2024-08-17T13:38:28.265+0000] {logging_mixin.py:188} INFO - [2024-08-17T13:38:28.265+0000] {dag.py:3823} INFO - Setting next_dagrun for process_etl_heart_data to 2024-08-16 00:00:00+00:00, run_after=2024-08-17 00:00:00+00:00
[2024-08-17T13:38:28.272+0000] {processor.py:183} INFO - Processing /opt/airflow/dags/etl_process.py took 0.104 seconds
[2024-08-17T13:38:58.622+0000] {processor.py:161} INFO - Started process (PID=1108) to work on /opt/airflow/dags/etl_process.py
[2024-08-17T13:38:58.623+0000] {processor.py:830} INFO - Processing file /opt/airflow/dags/etl_process.py for tasks to queue
[2024-08-17T13:38:58.623+0000] {logging_mixin.py:188} INFO - [2024-08-17T13:38:58.623+0000] {dagbag.py:538} INFO - Filling up the DagBag from /opt/airflow/dags/etl_process.py
[2024-08-17T13:38:58.632+0000] {processor.py:840} INFO - DAG(s) 'process_etl_heart_data' retrieved from /opt/airflow/dags/etl_process.py
[2024-08-17T13:38:58.645+0000] {logging_mixin.py:188} INFO - [2024-08-17T13:38:58.645+0000] {dag.py:3036} INFO - Sync 1 DAGs
[2024-08-17T13:38:58.655+0000] {logging_mixin.py:188} INFO - [2024-08-17T13:38:58.654+0000] {dag.py:3823} INFO - Setting next_dagrun for process_etl_heart_data to 2024-08-16 00:00:00+00:00, run_after=2024-08-17 00:00:00+00:00
[2024-08-17T13:38:58.663+0000] {processor.py:183} INFO - Processing /opt/airflow/dags/etl_process.py took 0.042 seconds
[2024-08-17T13:39:28.954+0000] {processor.py:161} INFO - Started process (PID=1144) to work on /opt/airflow/dags/etl_process.py
[2024-08-17T13:39:28.954+0000] {processor.py:830} INFO - Processing file /opt/airflow/dags/etl_process.py for tasks to queue
[2024-08-17T13:39:28.955+0000] {logging_mixin.py:188} INFO - [2024-08-17T13:39:28.955+0000] {dagbag.py:538} INFO - Filling up the DagBag from /opt/airflow/dags/etl_process.py
[2024-08-17T13:39:28.963+0000] {processor.py:840} INFO - DAG(s) 'process_etl_heart_data' retrieved from /opt/airflow/dags/etl_process.py
[2024-08-17T13:39:28.977+0000] {logging_mixin.py:188} INFO - [2024-08-17T13:39:28.977+0000] {dag.py:3036} INFO - Sync 1 DAGs
[2024-08-17T13:39:28.986+0000] {logging_mixin.py:188} INFO - [2024-08-17T13:39:28.986+0000] {dag.py:3823} INFO - Setting next_dagrun for process_etl_heart_data to 2024-08-16 00:00:00+00:00, run_after=2024-08-17 00:00:00+00:00
[2024-08-17T13:39:28.993+0000] {processor.py:183} INFO - Processing /opt/airflow/dags/etl_process.py took 0.041 seconds
[2024-08-17T13:39:59.286+0000] {processor.py:161} INFO - Started process (PID=1159) to work on /opt/airflow/dags/etl_process.py
[2024-08-17T13:39:59.286+0000] {processor.py:830} INFO - Processing file /opt/airflow/dags/etl_process.py for tasks to queue
[2024-08-17T13:39:59.287+0000] {logging_mixin.py:188} INFO - [2024-08-17T13:39:59.287+0000] {dagbag.py:538} INFO - Filling up the DagBag from /opt/airflow/dags/etl_process.py
[2024-08-17T13:39:59.295+0000] {processor.py:840} INFO - DAG(s) 'process_etl_heart_data' retrieved from /opt/airflow/dags/etl_process.py
[2024-08-17T13:39:59.309+0000] {logging_mixin.py:188} INFO - [2024-08-17T13:39:59.309+0000] {dag.py:3036} INFO - Sync 1 DAGs
[2024-08-17T13:39:59.318+0000] {logging_mixin.py:188} INFO - [2024-08-17T13:39:59.318+0000] {dag.py:3823} INFO - Setting next_dagrun for process_etl_heart_data to 2024-08-16 00:00:00+00:00, run_after=2024-08-17 00:00:00+00:00
[2024-08-17T13:39:59.325+0000] {processor.py:183} INFO - Processing /opt/airflow/dags/etl_process.py took 0.041 seconds
[2024-08-17T13:44:12.832+0000] {processor.py:161} INFO - Started process (PID=208) to work on /opt/airflow/dags/etl_process.py
[2024-08-17T13:44:12.832+0000] {processor.py:830} INFO - Processing file /opt/airflow/dags/etl_process.py for tasks to queue
[2024-08-17T13:44:12.833+0000] {logging_mixin.py:188} INFO - [2024-08-17T13:44:12.833+0000] {dagbag.py:538} INFO - Filling up the DagBag from /opt/airflow/dags/etl_process.py
[2024-08-17T13:44:12.841+0000] {processor.py:840} INFO - DAG(s) 'process_etl_heart_data' retrieved from /opt/airflow/dags/etl_process.py
[2024-08-17T13:44:12.914+0000] {logging_mixin.py:188} INFO - [2024-08-17T13:44:12.914+0000] {dag.py:3036} INFO - Sync 1 DAGs
[2024-08-17T13:44:12.922+0000] {logging_mixin.py:188} INFO - [2024-08-17T13:44:12.922+0000] {dag.py:3823} INFO - Setting next_dagrun for process_etl_heart_data to 2024-08-16 00:00:00+00:00, run_after=2024-08-17 00:00:00+00:00
[2024-08-17T13:44:12.932+0000] {processor.py:183} INFO - Processing /opt/airflow/dags/etl_process.py took 0.101 seconds
[2024-08-17T13:44:43.076+0000] {processor.py:161} INFO - Started process (PID=223) to work on /opt/airflow/dags/etl_process.py
[2024-08-17T13:44:43.077+0000] {processor.py:830} INFO - Processing file /opt/airflow/dags/etl_process.py for tasks to queue
[2024-08-17T13:44:43.077+0000] {logging_mixin.py:188} INFO - [2024-08-17T13:44:43.077+0000] {dagbag.py:538} INFO - Filling up the DagBag from /opt/airflow/dags/etl_process.py
[2024-08-17T13:44:43.086+0000] {processor.py:840} INFO - DAG(s) 'process_etl_heart_data' retrieved from /opt/airflow/dags/etl_process.py
[2024-08-17T13:44:43.100+0000] {logging_mixin.py:188} INFO - [2024-08-17T13:44:43.100+0000] {dag.py:3036} INFO - Sync 1 DAGs
[2024-08-17T13:44:43.110+0000] {logging_mixin.py:188} INFO - [2024-08-17T13:44:43.110+0000] {dag.py:3823} INFO - Setting next_dagrun for process_etl_heart_data to 2024-08-16 00:00:00+00:00, run_after=2024-08-17 00:00:00+00:00
[2024-08-17T13:44:43.117+0000] {processor.py:183} INFO - Processing /opt/airflow/dags/etl_process.py took 0.043 seconds
[2024-08-17T13:45:13.412+0000] {processor.py:161} INFO - Started process (PID=259) to work on /opt/airflow/dags/etl_process.py
[2024-08-17T13:45:13.413+0000] {processor.py:830} INFO - Processing file /opt/airflow/dags/etl_process.py for tasks to queue
[2024-08-17T13:45:13.413+0000] {logging_mixin.py:188} INFO - [2024-08-17T13:45:13.413+0000] {dagbag.py:538} INFO - Filling up the DagBag from /opt/airflow/dags/etl_process.py
[2024-08-17T13:45:13.421+0000] {processor.py:840} INFO - DAG(s) 'process_etl_heart_data' retrieved from /opt/airflow/dags/etl_process.py
[2024-08-17T13:45:13.435+0000] {logging_mixin.py:188} INFO - [2024-08-17T13:45:13.435+0000] {dag.py:3036} INFO - Sync 1 DAGs
[2024-08-17T13:45:13.443+0000] {logging_mixin.py:188} INFO - [2024-08-17T13:45:13.443+0000] {dag.py:3823} INFO - Setting next_dagrun for process_etl_heart_data to 2024-08-16 00:00:00+00:00, run_after=2024-08-17 00:00:00+00:00
[2024-08-17T13:45:13.452+0000] {processor.py:183} INFO - Processing /opt/airflow/dags/etl_process.py took 0.042 seconds
[2024-08-17T13:45:43.748+0000] {processor.py:161} INFO - Started process (PID=274) to work on /opt/airflow/dags/etl_process.py
[2024-08-17T13:45:43.749+0000] {processor.py:830} INFO - Processing file /opt/airflow/dags/etl_process.py for tasks to queue
[2024-08-17T13:45:43.749+0000] {logging_mixin.py:188} INFO - [2024-08-17T13:45:43.749+0000] {dagbag.py:538} INFO - Filling up the DagBag from /opt/airflow/dags/etl_process.py
[2024-08-17T13:45:43.758+0000] {processor.py:840} INFO - DAG(s) 'process_etl_heart_data' retrieved from /opt/airflow/dags/etl_process.py
[2024-08-17T13:45:43.772+0000] {logging_mixin.py:188} INFO - [2024-08-17T13:45:43.772+0000] {dag.py:3036} INFO - Sync 1 DAGs
[2024-08-17T13:45:43.782+0000] {logging_mixin.py:188} INFO - [2024-08-17T13:45:43.782+0000] {dag.py:3823} INFO - Setting next_dagrun for process_etl_heart_data to 2024-08-16 00:00:00+00:00, run_after=2024-08-17 00:00:00+00:00
[2024-08-17T13:45:43.791+0000] {processor.py:183} INFO - Processing /opt/airflow/dags/etl_process.py took 0.045 seconds
[2024-08-17T13:46:14.070+0000] {processor.py:161} INFO - Started process (PID=310) to work on /opt/airflow/dags/etl_process.py
[2024-08-17T13:46:14.070+0000] {processor.py:830} INFO - Processing file /opt/airflow/dags/etl_process.py for tasks to queue
[2024-08-17T13:46:14.071+0000] {logging_mixin.py:188} INFO - [2024-08-17T13:46:14.071+0000] {dagbag.py:538} INFO - Filling up the DagBag from /opt/airflow/dags/etl_process.py
[2024-08-17T13:46:14.078+0000] {processor.py:840} INFO - DAG(s) 'process_etl_heart_data' retrieved from /opt/airflow/dags/etl_process.py
[2024-08-17T13:46:14.091+0000] {logging_mixin.py:188} INFO - [2024-08-17T13:46:14.091+0000] {dag.py:3036} INFO - Sync 1 DAGs
[2024-08-17T13:46:14.100+0000] {logging_mixin.py:188} INFO - [2024-08-17T13:46:14.100+0000] {dag.py:3823} INFO - Setting next_dagrun for process_etl_heart_data to 2024-08-16 00:00:00+00:00, run_after=2024-08-17 00:00:00+00:00
[2024-08-17T13:46:14.106+0000] {processor.py:183} INFO - Processing /opt/airflow/dags/etl_process.py took 0.038 seconds
[2024-08-17T13:46:44.416+0000] {processor.py:161} INFO - Started process (PID=325) to work on /opt/airflow/dags/etl_process.py
[2024-08-17T13:46:44.416+0000] {processor.py:830} INFO - Processing file /opt/airflow/dags/etl_process.py for tasks to queue
[2024-08-17T13:46:44.417+0000] {logging_mixin.py:188} INFO - [2024-08-17T13:46:44.416+0000] {dagbag.py:538} INFO - Filling up the DagBag from /opt/airflow/dags/etl_process.py
[2024-08-17T13:46:44.424+0000] {processor.py:840} INFO - DAG(s) 'process_etl_heart_data' retrieved from /opt/airflow/dags/etl_process.py
[2024-08-17T13:46:44.438+0000] {logging_mixin.py:188} INFO - [2024-08-17T13:46:44.438+0000] {dag.py:3036} INFO - Sync 1 DAGs
[2024-08-17T13:46:44.447+0000] {logging_mixin.py:188} INFO - [2024-08-17T13:46:44.446+0000] {dag.py:3823} INFO - Setting next_dagrun for process_etl_heart_data to 2024-08-16 00:00:00+00:00, run_after=2024-08-17 00:00:00+00:00
[2024-08-17T13:46:44.455+0000] {processor.py:183} INFO - Processing /opt/airflow/dags/etl_process.py took 0.041 seconds
[2024-08-17T13:47:14.743+0000] {processor.py:161} INFO - Started process (PID=361) to work on /opt/airflow/dags/etl_process.py
[2024-08-17T13:47:14.744+0000] {processor.py:830} INFO - Processing file /opt/airflow/dags/etl_process.py for tasks to queue
[2024-08-17T13:47:14.744+0000] {logging_mixin.py:188} INFO - [2024-08-17T13:47:14.744+0000] {dagbag.py:538} INFO - Filling up the DagBag from /opt/airflow/dags/etl_process.py
[2024-08-17T13:47:14.752+0000] {processor.py:840} INFO - DAG(s) 'process_etl_heart_data' retrieved from /opt/airflow/dags/etl_process.py
[2024-08-17T13:47:14.765+0000] {logging_mixin.py:188} INFO - [2024-08-17T13:47:14.765+0000] {dag.py:3036} INFO - Sync 1 DAGs
[2024-08-17T13:47:14.774+0000] {logging_mixin.py:188} INFO - [2024-08-17T13:47:14.774+0000] {dag.py:3823} INFO - Setting next_dagrun for process_etl_heart_data to 2024-08-16 00:00:00+00:00, run_after=2024-08-17 00:00:00+00:00
[2024-08-17T13:47:14.781+0000] {processor.py:183} INFO - Processing /opt/airflow/dags/etl_process.py took 0.040 seconds
[2024-08-17T13:47:45.052+0000] {processor.py:161} INFO - Started process (PID=376) to work on /opt/airflow/dags/etl_process.py
[2024-08-17T13:47:45.053+0000] {processor.py:830} INFO - Processing file /opt/airflow/dags/etl_process.py for tasks to queue
[2024-08-17T13:47:45.053+0000] {logging_mixin.py:188} INFO - [2024-08-17T13:47:45.053+0000] {dagbag.py:538} INFO - Filling up the DagBag from /opt/airflow/dags/etl_process.py
[2024-08-17T13:47:45.062+0000] {processor.py:840} INFO - DAG(s) 'process_etl_heart_data' retrieved from /opt/airflow/dags/etl_process.py
[2024-08-17T13:47:45.076+0000] {logging_mixin.py:188} INFO - [2024-08-17T13:47:45.076+0000] {dag.py:3036} INFO - Sync 1 DAGs
[2024-08-17T13:47:45.085+0000] {logging_mixin.py:188} INFO - [2024-08-17T13:47:45.085+0000] {dag.py:3823} INFO - Setting next_dagrun for process_etl_heart_data to 2024-08-16 00:00:00+00:00, run_after=2024-08-17 00:00:00+00:00
[2024-08-17T13:47:45.092+0000] {processor.py:183} INFO - Processing /opt/airflow/dags/etl_process.py took 0.041 seconds
[2024-08-17T13:48:15.382+0000] {processor.py:161} INFO - Started process (PID=412) to work on /opt/airflow/dags/etl_process.py
[2024-08-17T13:48:15.382+0000] {processor.py:830} INFO - Processing file /opt/airflow/dags/etl_process.py for tasks to queue
[2024-08-17T13:48:15.383+0000] {logging_mixin.py:188} INFO - [2024-08-17T13:48:15.383+0000] {dagbag.py:538} INFO - Filling up the DagBag from /opt/airflow/dags/etl_process.py
[2024-08-17T13:48:15.390+0000] {processor.py:840} INFO - DAG(s) 'process_etl_heart_data' retrieved from /opt/airflow/dags/etl_process.py
[2024-08-17T13:48:15.407+0000] {logging_mixin.py:188} INFO - [2024-08-17T13:48:15.407+0000] {dag.py:3036} INFO - Sync 1 DAGs
[2024-08-17T13:48:15.417+0000] {logging_mixin.py:188} INFO - [2024-08-17T13:48:15.416+0000] {dag.py:3823} INFO - Setting next_dagrun for process_etl_heart_data to 2024-08-16 00:00:00+00:00, run_after=2024-08-17 00:00:00+00:00
[2024-08-17T13:48:15.426+0000] {processor.py:183} INFO - Processing /opt/airflow/dags/etl_process.py took 0.046 seconds
[2024-08-17T13:48:45.700+0000] {processor.py:161} INFO - Started process (PID=427) to work on /opt/airflow/dags/etl_process.py
[2024-08-17T13:48:45.700+0000] {processor.py:830} INFO - Processing file /opt/airflow/dags/etl_process.py for tasks to queue
[2024-08-17T13:48:45.701+0000] {logging_mixin.py:188} INFO - [2024-08-17T13:48:45.701+0000] {dagbag.py:538} INFO - Filling up the DagBag from /opt/airflow/dags/etl_process.py
[2024-08-17T13:48:45.708+0000] {processor.py:840} INFO - DAG(s) 'process_etl_heart_data' retrieved from /opt/airflow/dags/etl_process.py
[2024-08-17T13:48:45.722+0000] {logging_mixin.py:188} INFO - [2024-08-17T13:48:45.722+0000] {dag.py:3036} INFO - Sync 1 DAGs
[2024-08-17T13:48:45.733+0000] {logging_mixin.py:188} INFO - [2024-08-17T13:48:45.733+0000] {dag.py:3823} INFO - Setting next_dagrun for process_etl_heart_data to 2024-08-16 00:00:00+00:00, run_after=2024-08-17 00:00:00+00:00
[2024-08-17T13:48:45.741+0000] {processor.py:183} INFO - Processing /opt/airflow/dags/etl_process.py took 0.043 seconds
[2024-08-17T13:49:16.009+0000] {processor.py:161} INFO - Started process (PID=463) to work on /opt/airflow/dags/etl_process.py
[2024-08-17T13:49:16.010+0000] {processor.py:830} INFO - Processing file /opt/airflow/dags/etl_process.py for tasks to queue
[2024-08-17T13:49:16.010+0000] {logging_mixin.py:188} INFO - [2024-08-17T13:49:16.010+0000] {dagbag.py:538} INFO - Filling up the DagBag from /opt/airflow/dags/etl_process.py
[2024-08-17T13:49:16.018+0000] {processor.py:840} INFO - DAG(s) 'process_etl_heart_data' retrieved from /opt/airflow/dags/etl_process.py
[2024-08-17T13:49:16.032+0000] {logging_mixin.py:188} INFO - [2024-08-17T13:49:16.032+0000] {dag.py:3036} INFO - Sync 1 DAGs
[2024-08-17T13:49:16.042+0000] {logging_mixin.py:188} INFO - [2024-08-17T13:49:16.042+0000] {dag.py:3823} INFO - Setting next_dagrun for process_etl_heart_data to 2024-08-16 00:00:00+00:00, run_after=2024-08-17 00:00:00+00:00
[2024-08-17T13:49:16.049+0000] {processor.py:183} INFO - Processing /opt/airflow/dags/etl_process.py took 0.041 seconds
[2024-08-17T13:51:52.583+0000] {processor.py:161} INFO - Started process (PID=208) to work on /opt/airflow/dags/etl_process.py
[2024-08-17T13:51:52.583+0000] {processor.py:830} INFO - Processing file /opt/airflow/dags/etl_process.py for tasks to queue
[2024-08-17T13:51:52.584+0000] {logging_mixin.py:188} INFO - [2024-08-17T13:51:52.584+0000] {dagbag.py:538} INFO - Filling up the DagBag from /opt/airflow/dags/etl_process.py
[2024-08-17T13:51:52.591+0000] {processor.py:840} INFO - DAG(s) 'process_etl_heart_data' retrieved from /opt/airflow/dags/etl_process.py
[2024-08-17T13:51:52.637+0000] {logging_mixin.py:188} INFO - [2024-08-17T13:51:52.637+0000] {dag.py:3036} INFO - Sync 1 DAGs
[2024-08-17T13:51:52.647+0000] {logging_mixin.py:188} INFO - [2024-08-17T13:51:52.647+0000] {dag.py:3823} INFO - Setting next_dagrun for process_etl_heart_data to 2024-08-16 00:00:00+00:00, run_after=2024-08-17 00:00:00+00:00
[2024-08-17T13:51:52.655+0000] {processor.py:183} INFO - Processing /opt/airflow/dags/etl_process.py took 0.073 seconds
[2024-08-17T13:52:22.985+0000] {processor.py:161} INFO - Started process (PID=224) to work on /opt/airflow/dags/etl_process.py
[2024-08-17T13:52:22.986+0000] {processor.py:830} INFO - Processing file /opt/airflow/dags/etl_process.py for tasks to queue
[2024-08-17T13:52:22.986+0000] {logging_mixin.py:188} INFO - [2024-08-17T13:52:22.986+0000] {dagbag.py:538} INFO - Filling up the DagBag from /opt/airflow/dags/etl_process.py
[2024-08-17T13:52:22.993+0000] {processor.py:840} INFO - DAG(s) 'process_etl_heart_data' retrieved from /opt/airflow/dags/etl_process.py
[2024-08-17T13:52:23.006+0000] {logging_mixin.py:188} INFO - [2024-08-17T13:52:23.006+0000] {dag.py:3036} INFO - Sync 1 DAGs
[2024-08-17T13:52:23.015+0000] {logging_mixin.py:188} INFO - [2024-08-17T13:52:23.015+0000] {dag.py:3823} INFO - Setting next_dagrun for process_etl_heart_data to 2024-08-16 00:00:00+00:00, run_after=2024-08-17 00:00:00+00:00
[2024-08-17T13:52:23.023+0000] {processor.py:183} INFO - Processing /opt/airflow/dags/etl_process.py took 0.039 seconds
[2024-08-17T13:52:53.335+0000] {processor.py:161} INFO - Started process (PID=321) to work on /opt/airflow/dags/etl_process.py
[2024-08-17T13:52:53.335+0000] {processor.py:830} INFO - Processing file /opt/airflow/dags/etl_process.py for tasks to queue
[2024-08-17T13:52:53.336+0000] {logging_mixin.py:188} INFO - [2024-08-17T13:52:53.336+0000] {dagbag.py:538} INFO - Filling up the DagBag from /opt/airflow/dags/etl_process.py
[2024-08-17T13:52:53.344+0000] {processor.py:840} INFO - DAG(s) 'process_etl_heart_data' retrieved from /opt/airflow/dags/etl_process.py
[2024-08-17T13:52:53.357+0000] {logging_mixin.py:188} INFO - [2024-08-17T13:52:53.357+0000] {dag.py:3036} INFO - Sync 1 DAGs
[2024-08-17T13:52:53.368+0000] {logging_mixin.py:188} INFO - [2024-08-17T13:52:53.368+0000] {dag.py:3823} INFO - Setting next_dagrun for process_etl_heart_data to 2024-08-16 00:00:00+00:00, run_after=2024-08-17 00:00:00+00:00
[2024-08-17T13:52:53.377+0000] {processor.py:183} INFO - Processing /opt/airflow/dags/etl_process.py took 0.044 seconds
[2024-08-17T13:53:23.690+0000] {processor.py:161} INFO - Started process (PID=369) to work on /opt/airflow/dags/etl_process.py
[2024-08-17T13:53:23.690+0000] {processor.py:830} INFO - Processing file /opt/airflow/dags/etl_process.py for tasks to queue
[2024-08-17T13:53:23.691+0000] {logging_mixin.py:188} INFO - [2024-08-17T13:53:23.691+0000] {dagbag.py:538} INFO - Filling up the DagBag from /opt/airflow/dags/etl_process.py
[2024-08-17T13:53:23.698+0000] {processor.py:840} INFO - DAG(s) 'process_etl_heart_data' retrieved from /opt/airflow/dags/etl_process.py
[2024-08-17T13:53:23.711+0000] {logging_mixin.py:188} INFO - [2024-08-17T13:53:23.711+0000] {dag.py:3036} INFO - Sync 1 DAGs
[2024-08-17T13:53:23.720+0000] {logging_mixin.py:188} INFO - [2024-08-17T13:53:23.720+0000] {dag.py:3823} INFO - Setting next_dagrun for process_etl_heart_data to 2024-08-16 00:00:00+00:00, run_after=2024-08-17 00:00:00+00:00
[2024-08-17T13:53:23.727+0000] {processor.py:183} INFO - Processing /opt/airflow/dags/etl_process.py took 0.039 seconds
[2024-08-17T13:53:54.053+0000] {processor.py:161} INFO - Started process (PID=406) to work on /opt/airflow/dags/etl_process.py
[2024-08-17T13:53:54.053+0000] {processor.py:830} INFO - Processing file /opt/airflow/dags/etl_process.py for tasks to queue
[2024-08-17T13:53:54.054+0000] {logging_mixin.py:188} INFO - [2024-08-17T13:53:54.054+0000] {dagbag.py:538} INFO - Filling up the DagBag from /opt/airflow/dags/etl_process.py
[2024-08-17T13:53:54.062+0000] {processor.py:840} INFO - DAG(s) 'process_etl_heart_data' retrieved from /opt/airflow/dags/etl_process.py
[2024-08-17T13:53:54.074+0000] {logging_mixin.py:188} INFO - [2024-08-17T13:53:54.074+0000] {dag.py:3036} INFO - Sync 1 DAGs
[2024-08-17T13:53:54.084+0000] {logging_mixin.py:188} INFO - [2024-08-17T13:53:54.084+0000] {dag.py:3823} INFO - Setting next_dagrun for process_etl_heart_data to 2024-08-16 00:00:00+00:00, run_after=2024-08-17 00:00:00+00:00
[2024-08-17T13:53:54.091+0000] {processor.py:183} INFO - Processing /opt/airflow/dags/etl_process.py took 0.040 seconds
[2024-08-17T13:54:24.427+0000] {processor.py:161} INFO - Started process (PID=422) to work on /opt/airflow/dags/etl_process.py
[2024-08-17T13:54:24.427+0000] {processor.py:830} INFO - Processing file /opt/airflow/dags/etl_process.py for tasks to queue
[2024-08-17T13:54:24.428+0000] {logging_mixin.py:188} INFO - [2024-08-17T13:54:24.428+0000] {dagbag.py:538} INFO - Filling up the DagBag from /opt/airflow/dags/etl_process.py
[2024-08-17T13:54:24.435+0000] {processor.py:840} INFO - DAG(s) 'process_etl_heart_data' retrieved from /opt/airflow/dags/etl_process.py
[2024-08-17T13:54:24.448+0000] {logging_mixin.py:188} INFO - [2024-08-17T13:54:24.447+0000] {dag.py:3036} INFO - Sync 1 DAGs
[2024-08-17T13:54:24.458+0000] {logging_mixin.py:188} INFO - [2024-08-17T13:54:24.457+0000] {dag.py:3823} INFO - Setting next_dagrun for process_etl_heart_data to 2024-08-16 00:00:00+00:00, run_after=2024-08-17 00:00:00+00:00
[2024-08-17T13:54:24.465+0000] {processor.py:183} INFO - Processing /opt/airflow/dags/etl_process.py took 0.040 seconds
[2024-08-17T13:54:54.813+0000] {processor.py:161} INFO - Started process (PID=459) to work on /opt/airflow/dags/etl_process.py
[2024-08-17T13:54:54.813+0000] {processor.py:830} INFO - Processing file /opt/airflow/dags/etl_process.py for tasks to queue
[2024-08-17T13:54:54.814+0000] {logging_mixin.py:188} INFO - [2024-08-17T13:54:54.814+0000] {dagbag.py:538} INFO - Filling up the DagBag from /opt/airflow/dags/etl_process.py
[2024-08-17T13:54:54.824+0000] {processor.py:840} INFO - DAG(s) 'process_etl_heart_data' retrieved from /opt/airflow/dags/etl_process.py
[2024-08-17T13:54:54.838+0000] {logging_mixin.py:188} INFO - [2024-08-17T13:54:54.838+0000] {dag.py:3036} INFO - Sync 1 DAGs
[2024-08-17T13:54:54.848+0000] {logging_mixin.py:188} INFO - [2024-08-17T13:54:54.848+0000] {dag.py:3823} INFO - Setting next_dagrun for process_etl_heart_data to 2024-08-16 00:00:00+00:00, run_after=2024-08-17 00:00:00+00:00
[2024-08-17T13:54:54.857+0000] {processor.py:183} INFO - Processing /opt/airflow/dags/etl_process.py took 0.046 seconds
[2024-08-17T13:56:28.802+0000] {processor.py:161} INFO - Started process (PID=209) to work on /opt/airflow/dags/etl_process.py
[2024-08-17T13:56:28.803+0000] {processor.py:830} INFO - Processing file /opt/airflow/dags/etl_process.py for tasks to queue
[2024-08-17T13:56:28.803+0000] {logging_mixin.py:188} INFO - [2024-08-17T13:56:28.803+0000] {dagbag.py:538} INFO - Filling up the DagBag from /opt/airflow/dags/etl_process.py
[2024-08-17T13:56:28.810+0000] {processor.py:840} INFO - DAG(s) 'process_etl_heart_data' retrieved from /opt/airflow/dags/etl_process.py
[2024-08-17T13:56:28.854+0000] {logging_mixin.py:188} INFO - [2024-08-17T13:56:28.854+0000] {dag.py:3036} INFO - Sync 1 DAGs
[2024-08-17T13:56:28.862+0000] {logging_mixin.py:188} INFO - [2024-08-17T13:56:28.862+0000] {dag.py:3823} INFO - Setting next_dagrun for process_etl_heart_data to 2024-08-16 00:00:00+00:00, run_after=2024-08-17 00:00:00+00:00
[2024-08-17T13:56:28.870+0000] {processor.py:183} INFO - Processing /opt/airflow/dags/etl_process.py took 0.069 seconds
[2024-08-17T13:56:59.088+0000] {processor.py:161} INFO - Started process (PID=224) to work on /opt/airflow/dags/etl_process.py
[2024-08-17T13:56:59.089+0000] {processor.py:830} INFO - Processing file /opt/airflow/dags/etl_process.py for tasks to queue
[2024-08-17T13:56:59.089+0000] {logging_mixin.py:188} INFO - [2024-08-17T13:56:59.089+0000] {dagbag.py:538} INFO - Filling up the DagBag from /opt/airflow/dags/etl_process.py
[2024-08-17T13:56:59.097+0000] {processor.py:840} INFO - DAG(s) 'process_etl_heart_data' retrieved from /opt/airflow/dags/etl_process.py
[2024-08-17T13:56:59.110+0000] {logging_mixin.py:188} INFO - [2024-08-17T13:56:59.110+0000] {dag.py:3036} INFO - Sync 1 DAGs
[2024-08-17T13:56:59.120+0000] {logging_mixin.py:188} INFO - [2024-08-17T13:56:59.120+0000] {dag.py:3823} INFO - Setting next_dagrun for process_etl_heart_data to 2024-08-16 00:00:00+00:00, run_after=2024-08-17 00:00:00+00:00
[2024-08-17T13:56:59.127+0000] {processor.py:183} INFO - Processing /opt/airflow/dags/etl_process.py took 0.040 seconds
[2024-08-17T13:57:29.402+0000] {processor.py:161} INFO - Started process (PID=260) to work on /opt/airflow/dags/etl_process.py
[2024-08-17T13:57:29.403+0000] {processor.py:830} INFO - Processing file /opt/airflow/dags/etl_process.py for tasks to queue
[2024-08-17T13:57:29.403+0000] {logging_mixin.py:188} INFO - [2024-08-17T13:57:29.403+0000] {dagbag.py:538} INFO - Filling up the DagBag from /opt/airflow/dags/etl_process.py
[2024-08-17T13:57:29.410+0000] {processor.py:840} INFO - DAG(s) 'process_etl_heart_data' retrieved from /opt/airflow/dags/etl_process.py
[2024-08-17T13:57:29.422+0000] {logging_mixin.py:188} INFO - [2024-08-17T13:57:29.422+0000] {dag.py:3036} INFO - Sync 1 DAGs
[2024-08-17T13:57:29.431+0000] {logging_mixin.py:188} INFO - [2024-08-17T13:57:29.431+0000] {dag.py:3823} INFO - Setting next_dagrun for process_etl_heart_data to 2024-08-16 00:00:00+00:00, run_after=2024-08-17 00:00:00+00:00
[2024-08-17T13:57:29.438+0000] {processor.py:183} INFO - Processing /opt/airflow/dags/etl_process.py took 0.037 seconds
[2024-08-17T13:57:59.712+0000] {processor.py:161} INFO - Started process (PID=275) to work on /opt/airflow/dags/etl_process.py
[2024-08-17T13:57:59.712+0000] {processor.py:830} INFO - Processing file /opt/airflow/dags/etl_process.py for tasks to queue
[2024-08-17T13:57:59.713+0000] {logging_mixin.py:188} INFO - [2024-08-17T13:57:59.713+0000] {dagbag.py:538} INFO - Filling up the DagBag from /opt/airflow/dags/etl_process.py
[2024-08-17T13:57:59.720+0000] {processor.py:840} INFO - DAG(s) 'process_etl_heart_data' retrieved from /opt/airflow/dags/etl_process.py
[2024-08-17T13:57:59.733+0000] {logging_mixin.py:188} INFO - [2024-08-17T13:57:59.733+0000] {dag.py:3036} INFO - Sync 1 DAGs
[2024-08-17T13:57:59.743+0000] {logging_mixin.py:188} INFO - [2024-08-17T13:57:59.742+0000] {dag.py:3823} INFO - Setting next_dagrun for process_etl_heart_data to 2024-08-16 00:00:00+00:00, run_after=2024-08-17 00:00:00+00:00
[2024-08-17T13:57:59.750+0000] {processor.py:183} INFO - Processing /opt/airflow/dags/etl_process.py took 0.039 seconds
[2024-08-17T13:58:30.026+0000] {processor.py:161} INFO - Started process (PID=311) to work on /opt/airflow/dags/etl_process.py
[2024-08-17T13:58:30.026+0000] {processor.py:830} INFO - Processing file /opt/airflow/dags/etl_process.py for tasks to queue
[2024-08-17T13:58:30.026+0000] {logging_mixin.py:188} INFO - [2024-08-17T13:58:30.026+0000] {dagbag.py:538} INFO - Filling up the DagBag from /opt/airflow/dags/etl_process.py
[2024-08-17T13:58:30.033+0000] {processor.py:840} INFO - DAG(s) 'process_etl_heart_data' retrieved from /opt/airflow/dags/etl_process.py
[2024-08-17T13:58:30.047+0000] {logging_mixin.py:188} INFO - [2024-08-17T13:58:30.047+0000] {dag.py:3036} INFO - Sync 1 DAGs
[2024-08-17T13:58:30.057+0000] {logging_mixin.py:188} INFO - [2024-08-17T13:58:30.057+0000] {dag.py:3823} INFO - Setting next_dagrun for process_etl_heart_data to 2024-08-16 00:00:00+00:00, run_after=2024-08-17 00:00:00+00:00
[2024-08-17T13:58:30.065+0000] {processor.py:183} INFO - Processing /opt/airflow/dags/etl_process.py took 0.041 seconds
[2024-08-17T13:59:00.338+0000] {processor.py:161} INFO - Started process (PID=371) to work on /opt/airflow/dags/etl_process.py
[2024-08-17T13:59:00.338+0000] {processor.py:830} INFO - Processing file /opt/airflow/dags/etl_process.py for tasks to queue
[2024-08-17T13:59:00.339+0000] {logging_mixin.py:188} INFO - [2024-08-17T13:59:00.338+0000] {dagbag.py:538} INFO - Filling up the DagBag from /opt/airflow/dags/etl_process.py
[2024-08-17T13:59:00.347+0000] {processor.py:840} INFO - DAG(s) 'process_etl_heart_data' retrieved from /opt/airflow/dags/etl_process.py
[2024-08-17T13:59:00.360+0000] {logging_mixin.py:188} INFO - [2024-08-17T13:59:00.360+0000] {dag.py:3036} INFO - Sync 1 DAGs
[2024-08-17T13:59:00.368+0000] {logging_mixin.py:188} INFO - [2024-08-17T13:59:00.368+0000] {dag.py:3823} INFO - Setting next_dagrun for process_etl_heart_data to 2024-08-16 00:00:00+00:00, run_after=2024-08-17 00:00:00+00:00
[2024-08-17T13:59:00.375+0000] {processor.py:183} INFO - Processing /opt/airflow/dags/etl_process.py took 0.039 seconds
[2024-08-17T13:59:30.694+0000] {processor.py:161} INFO - Started process (PID=407) to work on /opt/airflow/dags/etl_process.py
[2024-08-17T13:59:30.694+0000] {processor.py:830} INFO - Processing file /opt/airflow/dags/etl_process.py for tasks to queue
[2024-08-17T13:59:30.695+0000] {logging_mixin.py:188} INFO - [2024-08-17T13:59:30.695+0000] {dagbag.py:538} INFO - Filling up the DagBag from /opt/airflow/dags/etl_process.py
[2024-08-17T13:59:30.702+0000] {processor.py:840} INFO - DAG(s) 'process_etl_heart_data' retrieved from /opt/airflow/dags/etl_process.py
[2024-08-17T13:59:30.719+0000] {logging_mixin.py:188} INFO - [2024-08-17T13:59:30.719+0000] {dag.py:3036} INFO - Sync 1 DAGs
[2024-08-17T13:59:30.729+0000] {logging_mixin.py:188} INFO - [2024-08-17T13:59:30.729+0000] {dag.py:3823} INFO - Setting next_dagrun for process_etl_heart_data to 2024-08-16 00:00:00+00:00, run_after=2024-08-17 00:00:00+00:00
[2024-08-17T13:59:30.737+0000] {processor.py:183} INFO - Processing /opt/airflow/dags/etl_process.py took 0.045 seconds
[2024-08-17T14:00:01.029+0000] {processor.py:161} INFO - Started process (PID=422) to work on /opt/airflow/dags/etl_process.py
[2024-08-17T14:00:01.030+0000] {processor.py:830} INFO - Processing file /opt/airflow/dags/etl_process.py for tasks to queue
[2024-08-17T14:00:01.030+0000] {logging_mixin.py:188} INFO - [2024-08-17T14:00:01.030+0000] {dagbag.py:538} INFO - Filling up the DagBag from /opt/airflow/dags/etl_process.py
[2024-08-17T14:00:01.038+0000] {processor.py:840} INFO - DAG(s) 'process_etl_heart_data' retrieved from /opt/airflow/dags/etl_process.py
[2024-08-17T14:00:01.051+0000] {logging_mixin.py:188} INFO - [2024-08-17T14:00:01.051+0000] {dag.py:3036} INFO - Sync 1 DAGs
[2024-08-17T14:00:01.060+0000] {logging_mixin.py:188} INFO - [2024-08-17T14:00:01.060+0000] {dag.py:3823} INFO - Setting next_dagrun for process_etl_heart_data to 2024-08-16 00:00:00+00:00, run_after=2024-08-17 00:00:00+00:00
[2024-08-17T14:00:01.066+0000] {processor.py:183} INFO - Processing /opt/airflow/dags/etl_process.py took 0.038 seconds
[2024-08-17T14:00:31.363+0000] {processor.py:161} INFO - Started process (PID=458) to work on /opt/airflow/dags/etl_process.py
[2024-08-17T14:00:31.364+0000] {processor.py:830} INFO - Processing file /opt/airflow/dags/etl_process.py for tasks to queue
[2024-08-17T14:00:31.364+0000] {logging_mixin.py:188} INFO - [2024-08-17T14:00:31.364+0000] {dagbag.py:538} INFO - Filling up the DagBag from /opt/airflow/dags/etl_process.py
[2024-08-17T14:00:31.373+0000] {processor.py:840} INFO - DAG(s) 'process_etl_heart_data' retrieved from /opt/airflow/dags/etl_process.py
[2024-08-17T14:00:31.387+0000] {logging_mixin.py:188} INFO - [2024-08-17T14:00:31.387+0000] {dag.py:3036} INFO - Sync 1 DAGs
[2024-08-17T14:00:31.397+0000] {logging_mixin.py:188} INFO - [2024-08-17T14:00:31.397+0000] {dag.py:3823} INFO - Setting next_dagrun for process_etl_heart_data to 2024-08-16 00:00:00+00:00, run_after=2024-08-17 00:00:00+00:00
[2024-08-17T14:00:31.406+0000] {processor.py:183} INFO - Processing /opt/airflow/dags/etl_process.py took 0.044 seconds
[2024-08-17T14:01:01.706+0000] {processor.py:161} INFO - Started process (PID=473) to work on /opt/airflow/dags/etl_process.py
[2024-08-17T14:01:01.707+0000] {processor.py:830} INFO - Processing file /opt/airflow/dags/etl_process.py for tasks to queue
[2024-08-17T14:01:01.708+0000] {logging_mixin.py:188} INFO - [2024-08-17T14:01:01.707+0000] {dagbag.py:538} INFO - Filling up the DagBag from /opt/airflow/dags/etl_process.py
[2024-08-17T14:01:01.716+0000] {processor.py:840} INFO - DAG(s) 'process_etl_heart_data' retrieved from /opt/airflow/dags/etl_process.py
[2024-08-17T14:01:01.730+0000] {logging_mixin.py:188} INFO - [2024-08-17T14:01:01.730+0000] {dag.py:3036} INFO - Sync 1 DAGs
[2024-08-17T14:01:01.740+0000] {logging_mixin.py:188} INFO - [2024-08-17T14:01:01.740+0000] {dag.py:3823} INFO - Setting next_dagrun for process_etl_heart_data to 2024-08-16 00:00:00+00:00, run_after=2024-08-17 00:00:00+00:00
[2024-08-17T14:01:01.747+0000] {processor.py:183} INFO - Processing /opt/airflow/dags/etl_process.py took 0.043 seconds
[2024-08-17T14:01:32.031+0000] {processor.py:161} INFO - Started process (PID=509) to work on /opt/airflow/dags/etl_process.py
[2024-08-17T14:01:32.032+0000] {processor.py:830} INFO - Processing file /opt/airflow/dags/etl_process.py for tasks to queue
[2024-08-17T14:01:32.032+0000] {logging_mixin.py:188} INFO - [2024-08-17T14:01:32.032+0000] {dagbag.py:538} INFO - Filling up the DagBag from /opt/airflow/dags/etl_process.py
[2024-08-17T14:01:32.039+0000] {processor.py:840} INFO - DAG(s) 'process_etl_heart_data' retrieved from /opt/airflow/dags/etl_process.py
[2024-08-17T14:01:32.053+0000] {logging_mixin.py:188} INFO - [2024-08-17T14:01:32.053+0000] {dag.py:3036} INFO - Sync 1 DAGs
[2024-08-17T14:01:32.062+0000] {logging_mixin.py:188} INFO - [2024-08-17T14:01:32.062+0000] {dag.py:3823} INFO - Setting next_dagrun for process_etl_heart_data to 2024-08-16 00:00:00+00:00, run_after=2024-08-17 00:00:00+00:00
[2024-08-17T14:01:32.070+0000] {processor.py:183} INFO - Processing /opt/airflow/dags/etl_process.py took 0.041 seconds
[2024-08-17T14:02:02.342+0000] {processor.py:161} INFO - Started process (PID=524) to work on /opt/airflow/dags/etl_process.py
[2024-08-17T14:02:02.342+0000] {processor.py:830} INFO - Processing file /opt/airflow/dags/etl_process.py for tasks to queue
[2024-08-17T14:02:02.343+0000] {logging_mixin.py:188} INFO - [2024-08-17T14:02:02.343+0000] {dagbag.py:538} INFO - Filling up the DagBag from /opt/airflow/dags/etl_process.py
[2024-08-17T14:02:02.351+0000] {processor.py:840} INFO - DAG(s) 'process_etl_heart_data' retrieved from /opt/airflow/dags/etl_process.py
[2024-08-17T14:02:02.365+0000] {logging_mixin.py:188} INFO - [2024-08-17T14:02:02.365+0000] {dag.py:3036} INFO - Sync 1 DAGs
[2024-08-17T14:02:02.375+0000] {logging_mixin.py:188} INFO - [2024-08-17T14:02:02.375+0000] {dag.py:3823} INFO - Setting next_dagrun for process_etl_heart_data to 2024-08-16 00:00:00+00:00, run_after=2024-08-17 00:00:00+00:00
[2024-08-17T14:02:02.384+0000] {processor.py:183} INFO - Processing /opt/airflow/dags/etl_process.py took 0.044 seconds
[2024-08-17T14:02:32.661+0000] {processor.py:161} INFO - Started process (PID=560) to work on /opt/airflow/dags/etl_process.py
[2024-08-17T14:02:32.661+0000] {processor.py:830} INFO - Processing file /opt/airflow/dags/etl_process.py for tasks to queue
[2024-08-17T14:02:32.662+0000] {logging_mixin.py:188} INFO - [2024-08-17T14:02:32.662+0000] {dagbag.py:538} INFO - Filling up the DagBag from /opt/airflow/dags/etl_process.py
[2024-08-17T14:02:32.670+0000] {processor.py:840} INFO - DAG(s) 'process_etl_heart_data' retrieved from /opt/airflow/dags/etl_process.py
[2024-08-17T14:02:32.685+0000] {logging_mixin.py:188} INFO - [2024-08-17T14:02:32.685+0000] {dag.py:3036} INFO - Sync 1 DAGs
[2024-08-17T14:02:32.695+0000] {logging_mixin.py:188} INFO - [2024-08-17T14:02:32.695+0000] {dag.py:3823} INFO - Setting next_dagrun for process_etl_heart_data to 2024-08-16 00:00:00+00:00, run_after=2024-08-17 00:00:00+00:00
[2024-08-17T14:02:32.703+0000] {processor.py:183} INFO - Processing /opt/airflow/dags/etl_process.py took 0.044 seconds
[2024-08-17T14:03:03.012+0000] {processor.py:161} INFO - Started process (PID=575) to work on /opt/airflow/dags/etl_process.py
[2024-08-17T14:03:03.013+0000] {processor.py:830} INFO - Processing file /opt/airflow/dags/etl_process.py for tasks to queue
[2024-08-17T14:03:03.013+0000] {logging_mixin.py:188} INFO - [2024-08-17T14:03:03.013+0000] {dagbag.py:538} INFO - Filling up the DagBag from /opt/airflow/dags/etl_process.py
[2024-08-17T14:03:03.021+0000] {processor.py:840} INFO - DAG(s) 'process_etl_heart_data' retrieved from /opt/airflow/dags/etl_process.py
[2024-08-17T14:03:03.036+0000] {logging_mixin.py:188} INFO - [2024-08-17T14:03:03.036+0000] {dag.py:3036} INFO - Sync 1 DAGs
[2024-08-17T14:03:03.046+0000] {logging_mixin.py:188} INFO - [2024-08-17T14:03:03.046+0000] {dag.py:3823} INFO - Setting next_dagrun for process_etl_heart_data to 2024-08-16 00:00:00+00:00, run_after=2024-08-17 00:00:00+00:00
[2024-08-17T14:03:03.053+0000] {processor.py:183} INFO - Processing /opt/airflow/dags/etl_process.py took 0.043 seconds
[2024-08-17T14:03:33.322+0000] {processor.py:161} INFO - Started process (PID=611) to work on /opt/airflow/dags/etl_process.py
[2024-08-17T14:03:33.323+0000] {processor.py:830} INFO - Processing file /opt/airflow/dags/etl_process.py for tasks to queue
[2024-08-17T14:03:33.323+0000] {logging_mixin.py:188} INFO - [2024-08-17T14:03:33.323+0000] {dagbag.py:538} INFO - Filling up the DagBag from /opt/airflow/dags/etl_process.py
[2024-08-17T14:03:33.332+0000] {processor.py:840} INFO - DAG(s) 'process_etl_heart_data' retrieved from /opt/airflow/dags/etl_process.py
[2024-08-17T14:03:33.346+0000] {logging_mixin.py:188} INFO - [2024-08-17T14:03:33.346+0000] {dag.py:3036} INFO - Sync 1 DAGs
[2024-08-17T14:03:33.357+0000] {logging_mixin.py:188} INFO - [2024-08-17T14:03:33.356+0000] {dag.py:3823} INFO - Setting next_dagrun for process_etl_heart_data to 2024-08-16 00:00:00+00:00, run_after=2024-08-17 00:00:00+00:00
[2024-08-17T14:03:33.364+0000] {processor.py:183} INFO - Processing /opt/airflow/dags/etl_process.py took 0.044 seconds
[2024-08-17T14:04:03.644+0000] {processor.py:161} INFO - Started process (PID=671) to work on /opt/airflow/dags/etl_process.py
[2024-08-17T14:04:03.645+0000] {processor.py:830} INFO - Processing file /opt/airflow/dags/etl_process.py for tasks to queue
[2024-08-17T14:04:03.646+0000] {logging_mixin.py:188} INFO - [2024-08-17T14:04:03.645+0000] {dagbag.py:538} INFO - Filling up the DagBag from /opt/airflow/dags/etl_process.py
[2024-08-17T14:04:03.654+0000] {processor.py:840} INFO - DAG(s) 'process_etl_heart_data' retrieved from /opt/airflow/dags/etl_process.py
[2024-08-17T14:04:03.669+0000] {logging_mixin.py:188} INFO - [2024-08-17T14:04:03.669+0000] {dag.py:3036} INFO - Sync 1 DAGs
[2024-08-17T14:04:03.680+0000] {logging_mixin.py:188} INFO - [2024-08-17T14:04:03.680+0000] {dag.py:3823} INFO - Setting next_dagrun for process_etl_heart_data to 2024-08-16 00:00:00+00:00, run_after=2024-08-17 00:00:00+00:00
[2024-08-17T14:04:03.689+0000] {processor.py:183} INFO - Processing /opt/airflow/dags/etl_process.py took 0.046 seconds
[2024-08-17T14:04:33.974+0000] {processor.py:161} INFO - Started process (PID=707) to work on /opt/airflow/dags/etl_process.py
[2024-08-17T14:04:33.975+0000] {processor.py:830} INFO - Processing file /opt/airflow/dags/etl_process.py for tasks to queue
[2024-08-17T14:04:33.975+0000] {logging_mixin.py:188} INFO - [2024-08-17T14:04:33.975+0000] {dagbag.py:538} INFO - Filling up the DagBag from /opt/airflow/dags/etl_process.py
[2024-08-17T14:04:33.983+0000] {processor.py:840} INFO - DAG(s) 'process_etl_heart_data' retrieved from /opt/airflow/dags/etl_process.py
[2024-08-17T14:04:33.996+0000] {logging_mixin.py:188} INFO - [2024-08-17T14:04:33.996+0000] {dag.py:3036} INFO - Sync 1 DAGs
[2024-08-17T14:04:34.005+0000] {logging_mixin.py:188} INFO - [2024-08-17T14:04:34.005+0000] {dag.py:3823} INFO - Setting next_dagrun for process_etl_heart_data to 2024-08-16 00:00:00+00:00, run_after=2024-08-17 00:00:00+00:00
[2024-08-17T14:04:34.013+0000] {processor.py:183} INFO - Processing /opt/airflow/dags/etl_process.py took 0.040 seconds
[2024-08-17T14:05:04.234+0000] {processor.py:161} INFO - Started process (PID=722) to work on /opt/airflow/dags/etl_process.py
[2024-08-17T14:05:04.234+0000] {processor.py:830} INFO - Processing file /opt/airflow/dags/etl_process.py for tasks to queue
[2024-08-17T14:05:04.235+0000] {logging_mixin.py:188} INFO - [2024-08-17T14:05:04.235+0000] {dagbag.py:538} INFO - Filling up the DagBag from /opt/airflow/dags/etl_process.py
[2024-08-17T14:05:04.243+0000] {processor.py:840} INFO - DAG(s) 'process_etl_heart_data' retrieved from /opt/airflow/dags/etl_process.py
[2024-08-17T14:05:04.257+0000] {logging_mixin.py:188} INFO - [2024-08-17T14:05:04.257+0000] {dag.py:3036} INFO - Sync 1 DAGs
[2024-08-17T14:05:04.266+0000] {logging_mixin.py:188} INFO - [2024-08-17T14:05:04.266+0000] {dag.py:3823} INFO - Setting next_dagrun for process_etl_heart_data to 2024-08-16 00:00:00+00:00, run_after=2024-08-17 00:00:00+00:00
[2024-08-17T14:05:04.273+0000] {processor.py:183} INFO - Processing /opt/airflow/dags/etl_process.py took 0.041 seconds
[2024-08-17T14:05:34.554+0000] {processor.py:161} INFO - Started process (PID=745) to work on /opt/airflow/dags/etl_process.py
[2024-08-17T14:05:34.554+0000] {processor.py:830} INFO - Processing file /opt/airflow/dags/etl_process.py for tasks to queue
[2024-08-17T14:05:34.555+0000] {logging_mixin.py:188} INFO - [2024-08-17T14:05:34.555+0000] {dagbag.py:538} INFO - Filling up the DagBag from /opt/airflow/dags/etl_process.py
[2024-08-17T14:05:34.562+0000] {processor.py:840} INFO - DAG(s) 'process_etl_heart_data' retrieved from /opt/airflow/dags/etl_process.py
[2024-08-17T14:05:34.577+0000] {logging_mixin.py:188} INFO - [2024-08-17T14:05:34.577+0000] {dag.py:3036} INFO - Sync 1 DAGs
[2024-08-17T14:05:34.586+0000] {logging_mixin.py:188} INFO - [2024-08-17T14:05:34.586+0000] {dag.py:3823} INFO - Setting next_dagrun for process_etl_heart_data to 2024-08-16 00:00:00+00:00, run_after=2024-08-17 00:00:00+00:00
[2024-08-17T14:05:34.593+0000] {processor.py:183} INFO - Processing /opt/airflow/dags/etl_process.py took 0.041 seconds
[2024-08-17T14:06:04.893+0000] {processor.py:161} INFO - Started process (PID=773) to work on /opt/airflow/dags/etl_process.py
[2024-08-17T14:06:04.893+0000] {processor.py:830} INFO - Processing file /opt/airflow/dags/etl_process.py for tasks to queue
[2024-08-17T14:06:04.894+0000] {logging_mixin.py:188} INFO - [2024-08-17T14:06:04.894+0000] {dagbag.py:538} INFO - Filling up the DagBag from /opt/airflow/dags/etl_process.py
[2024-08-17T14:06:04.902+0000] {processor.py:840} INFO - DAG(s) 'process_etl_heart_data' retrieved from /opt/airflow/dags/etl_process.py
[2024-08-17T14:06:04.915+0000] {logging_mixin.py:188} INFO - [2024-08-17T14:06:04.915+0000] {dag.py:3036} INFO - Sync 1 DAGs
[2024-08-17T14:06:04.924+0000] {logging_mixin.py:188} INFO - [2024-08-17T14:06:04.924+0000] {dag.py:3823} INFO - Setting next_dagrun for process_etl_heart_data to 2024-08-16 00:00:00+00:00, run_after=2024-08-17 00:00:00+00:00
[2024-08-17T14:06:04.932+0000] {processor.py:183} INFO - Processing /opt/airflow/dags/etl_process.py took 0.040 seconds
[2024-08-17T14:06:35.259+0000] {processor.py:161} INFO - Started process (PID=788) to work on /opt/airflow/dags/etl_process.py
[2024-08-17T14:06:35.259+0000] {processor.py:830} INFO - Processing file /opt/airflow/dags/etl_process.py for tasks to queue
[2024-08-17T14:06:35.260+0000] {logging_mixin.py:188} INFO - [2024-08-17T14:06:35.260+0000] {dagbag.py:538} INFO - Filling up the DagBag from /opt/airflow/dags/etl_process.py
[2024-08-17T14:06:35.268+0000] {processor.py:840} INFO - DAG(s) 'process_etl_heart_data' retrieved from /opt/airflow/dags/etl_process.py
[2024-08-17T14:06:35.283+0000] {logging_mixin.py:188} INFO - [2024-08-17T14:06:35.283+0000] {dag.py:3036} INFO - Sync 1 DAGs
[2024-08-17T14:06:35.292+0000] {logging_mixin.py:188} INFO - [2024-08-17T14:06:35.292+0000] {dag.py:3823} INFO - Setting next_dagrun for process_etl_heart_data to 2024-08-16 00:00:00+00:00, run_after=2024-08-17 00:00:00+00:00
[2024-08-17T14:06:35.300+0000] {processor.py:183} INFO - Processing /opt/airflow/dags/etl_process.py took 0.043 seconds
[2024-08-17T14:07:05.581+0000] {processor.py:161} INFO - Started process (PID=824) to work on /opt/airflow/dags/etl_process.py
[2024-08-17T14:07:05.581+0000] {processor.py:830} INFO - Processing file /opt/airflow/dags/etl_process.py for tasks to queue
[2024-08-17T14:07:05.582+0000] {logging_mixin.py:188} INFO - [2024-08-17T14:07:05.582+0000] {dagbag.py:538} INFO - Filling up the DagBag from /opt/airflow/dags/etl_process.py
[2024-08-17T14:07:05.590+0000] {processor.py:840} INFO - DAG(s) 'process_etl_heart_data' retrieved from /opt/airflow/dags/etl_process.py
[2024-08-17T14:07:05.605+0000] {logging_mixin.py:188} INFO - [2024-08-17T14:07:05.605+0000] {dag.py:3036} INFO - Sync 1 DAGs
[2024-08-17T14:07:05.616+0000] {logging_mixin.py:188} INFO - [2024-08-17T14:07:05.615+0000] {dag.py:3823} INFO - Setting next_dagrun for process_etl_heart_data to 2024-08-16 00:00:00+00:00, run_after=2024-08-17 00:00:00+00:00
[2024-08-17T14:07:05.623+0000] {processor.py:183} INFO - Processing /opt/airflow/dags/etl_process.py took 0.043 seconds
[2024-08-17T14:07:35.917+0000] {processor.py:161} INFO - Started process (PID=837) to work on /opt/airflow/dags/etl_process.py
[2024-08-17T14:07:35.917+0000] {processor.py:830} INFO - Processing file /opt/airflow/dags/etl_process.py for tasks to queue
[2024-08-17T14:07:35.918+0000] {logging_mixin.py:188} INFO - [2024-08-17T14:07:35.918+0000] {dagbag.py:538} INFO - Filling up the DagBag from /opt/airflow/dags/etl_process.py
[2024-08-17T14:07:35.929+0000] {processor.py:840} INFO - DAG(s) 'process_etl_heart_data' retrieved from /opt/airflow/dags/etl_process.py
[2024-08-17T14:07:35.944+0000] {logging_mixin.py:188} INFO - [2024-08-17T14:07:35.944+0000] {dag.py:3036} INFO - Sync 1 DAGs
[2024-08-17T14:07:35.956+0000] {logging_mixin.py:188} INFO - [2024-08-17T14:07:35.956+0000] {dag.py:3823} INFO - Setting next_dagrun for process_etl_heart_data to 2024-08-16 00:00:00+00:00, run_after=2024-08-17 00:00:00+00:00
[2024-08-17T14:07:35.964+0000] {processor.py:183} INFO - Processing /opt/airflow/dags/etl_process.py took 0.049 seconds
[2024-08-17T14:08:06.313+0000] {processor.py:161} INFO - Started process (PID=875) to work on /opt/airflow/dags/etl_process.py
[2024-08-17T14:08:06.314+0000] {processor.py:830} INFO - Processing file /opt/airflow/dags/etl_process.py for tasks to queue
[2024-08-17T14:08:06.314+0000] {logging_mixin.py:188} INFO - [2024-08-17T14:08:06.314+0000] {dagbag.py:538} INFO - Filling up the DagBag from /opt/airflow/dags/etl_process.py
[2024-08-17T14:08:06.322+0000] {processor.py:840} INFO - DAG(s) 'process_etl_heart_data' retrieved from /opt/airflow/dags/etl_process.py
[2024-08-17T14:08:06.337+0000] {logging_mixin.py:188} INFO - [2024-08-17T14:08:06.337+0000] {dag.py:3036} INFO - Sync 1 DAGs
[2024-08-17T14:08:06.346+0000] {logging_mixin.py:188} INFO - [2024-08-17T14:08:06.346+0000] {dag.py:3823} INFO - Setting next_dagrun for process_etl_heart_data to 2024-08-16 00:00:00+00:00, run_after=2024-08-17 00:00:00+00:00
[2024-08-17T14:08:06.355+0000] {processor.py:183} INFO - Processing /opt/airflow/dags/etl_process.py took 0.044 seconds
[2024-08-17T14:08:36.662+0000] {processor.py:161} INFO - Started process (PID=890) to work on /opt/airflow/dags/etl_process.py
[2024-08-17T14:08:36.662+0000] {processor.py:830} INFO - Processing file /opt/airflow/dags/etl_process.py for tasks to queue
[2024-08-17T14:08:36.663+0000] {logging_mixin.py:188} INFO - [2024-08-17T14:08:36.663+0000] {dagbag.py:538} INFO - Filling up the DagBag from /opt/airflow/dags/etl_process.py
[2024-08-17T14:08:36.671+0000] {processor.py:840} INFO - DAG(s) 'process_etl_heart_data' retrieved from /opt/airflow/dags/etl_process.py
[2024-08-17T14:08:36.685+0000] {logging_mixin.py:188} INFO - [2024-08-17T14:08:36.685+0000] {dag.py:3036} INFO - Sync 1 DAGs
[2024-08-17T14:08:36.694+0000] {logging_mixin.py:188} INFO - [2024-08-17T14:08:36.694+0000] {dag.py:3823} INFO - Setting next_dagrun for process_etl_heart_data to 2024-08-16 00:00:00+00:00, run_after=2024-08-17 00:00:00+00:00
[2024-08-17T14:08:36.703+0000] {processor.py:183} INFO - Processing /opt/airflow/dags/etl_process.py took 0.043 seconds
[2024-08-17T14:09:06.997+0000] {processor.py:161} INFO - Started process (PID=924) to work on /opt/airflow/dags/etl_process.py
[2024-08-17T14:09:06.998+0000] {processor.py:830} INFO - Processing file /opt/airflow/dags/etl_process.py for tasks to queue
[2024-08-17T14:09:06.998+0000] {logging_mixin.py:188} INFO - [2024-08-17T14:09:06.998+0000] {dagbag.py:538} INFO - Filling up the DagBag from /opt/airflow/dags/etl_process.py
[2024-08-17T14:09:07.006+0000] {processor.py:840} INFO - DAG(s) 'process_etl_heart_data' retrieved from /opt/airflow/dags/etl_process.py
[2024-08-17T14:09:07.021+0000] {logging_mixin.py:188} INFO - [2024-08-17T14:09:07.021+0000] {dag.py:3036} INFO - Sync 1 DAGs
[2024-08-17T14:09:07.032+0000] {logging_mixin.py:188} INFO - [2024-08-17T14:09:07.032+0000] {dag.py:3823} INFO - Setting next_dagrun for process_etl_heart_data to 2024-08-16 00:00:00+00:00, run_after=2024-08-17 00:00:00+00:00
[2024-08-17T14:09:07.039+0000] {processor.py:183} INFO - Processing /opt/airflow/dags/etl_process.py took 0.044 seconds
[2024-08-17T14:09:37.409+0000] {processor.py:161} INFO - Started process (PID=941) to work on /opt/airflow/dags/etl_process.py
[2024-08-17T14:09:37.410+0000] {processor.py:830} INFO - Processing file /opt/airflow/dags/etl_process.py for tasks to queue
[2024-08-17T14:09:37.410+0000] {logging_mixin.py:188} INFO - [2024-08-17T14:09:37.410+0000] {dagbag.py:538} INFO - Filling up the DagBag from /opt/airflow/dags/etl_process.py
[2024-08-17T14:09:37.419+0000] {processor.py:840} INFO - DAG(s) 'process_etl_heart_data' retrieved from /opt/airflow/dags/etl_process.py
[2024-08-17T14:09:37.431+0000] {logging_mixin.py:188} INFO - [2024-08-17T14:09:37.431+0000] {dag.py:3036} INFO - Sync 1 DAGs
[2024-08-17T14:09:37.439+0000] {logging_mixin.py:188} INFO - [2024-08-17T14:09:37.439+0000] {dag.py:3823} INFO - Setting next_dagrun for process_etl_heart_data to 2024-08-16 00:00:00+00:00, run_after=2024-08-17 00:00:00+00:00
[2024-08-17T14:09:37.447+0000] {processor.py:183} INFO - Processing /opt/airflow/dags/etl_process.py took 0.040 seconds
[2024-08-17T14:10:07.735+0000] {processor.py:161} INFO - Started process (PID=975) to work on /opt/airflow/dags/etl_process.py
[2024-08-17T14:10:07.735+0000] {processor.py:830} INFO - Processing file /opt/airflow/dags/etl_process.py for tasks to queue
[2024-08-17T14:10:07.736+0000] {logging_mixin.py:188} INFO - [2024-08-17T14:10:07.735+0000] {dagbag.py:538} INFO - Filling up the DagBag from /opt/airflow/dags/etl_process.py
[2024-08-17T14:10:07.744+0000] {processor.py:840} INFO - DAG(s) 'process_etl_heart_data' retrieved from /opt/airflow/dags/etl_process.py
[2024-08-17T14:10:07.759+0000] {logging_mixin.py:188} INFO - [2024-08-17T14:10:07.758+0000] {dag.py:3036} INFO - Sync 1 DAGs
[2024-08-17T14:10:07.768+0000] {logging_mixin.py:188} INFO - [2024-08-17T14:10:07.768+0000] {dag.py:3823} INFO - Setting next_dagrun for process_etl_heart_data to 2024-08-16 00:00:00+00:00, run_after=2024-08-17 00:00:00+00:00
[2024-08-17T14:10:07.776+0000] {processor.py:183} INFO - Processing /opt/airflow/dags/etl_process.py took 0.043 seconds
