[2024-08-17T13:20:46.422+0000] {processor.py:161} INFO - Started process (PID=202) to work on /opt/airflow/dags/retrain_the_model.py
[2024-08-17T13:20:46.422+0000] {processor.py:830} INFO - Processing file /opt/airflow/dags/retrain_the_model.py for tasks to queue
[2024-08-17T13:20:46.423+0000] {logging_mixin.py:188} INFO - [2024-08-17T13:20:46.423+0000] {dagbag.py:538} INFO - Filling up the DagBag from /opt/airflow/dags/retrain_the_model.py
[2024-08-17T13:20:46.438+0000] {processor.py:840} INFO - DAG(s) 'retrain_the_model' retrieved from /opt/airflow/dags/retrain_the_model.py
[2024-08-17T13:20:46.497+0000] {logging_mixin.py:188} INFO - [2024-08-17T13:20:46.497+0000] {dag.py:3036} INFO - Sync 1 DAGs
[2024-08-17T13:20:46.507+0000] {logging_mixin.py:188} INFO - [2024-08-17T13:20:46.507+0000] {dag.py:3823} INFO - Setting next_dagrun for retrain_the_model to 2024-08-16 00:00:00+00:00, run_after=2024-08-17 00:00:00+00:00
[2024-08-17T13:20:46.518+0000] {processor.py:183} INFO - Processing /opt/airflow/dags/retrain_the_model.py took 0.098 seconds
[2024-08-17T13:21:16.813+0000] {processor.py:161} INFO - Started process (PID=217) to work on /opt/airflow/dags/retrain_the_model.py
[2024-08-17T13:21:16.813+0000] {processor.py:830} INFO - Processing file /opt/airflow/dags/retrain_the_model.py for tasks to queue
[2024-08-17T13:21:16.814+0000] {logging_mixin.py:188} INFO - [2024-08-17T13:21:16.814+0000] {dagbag.py:538} INFO - Filling up the DagBag from /opt/airflow/dags/retrain_the_model.py
[2024-08-17T13:21:16.824+0000] {processor.py:840} INFO - DAG(s) 'retrain_the_model' retrieved from /opt/airflow/dags/retrain_the_model.py
[2024-08-17T13:21:16.838+0000] {logging_mixin.py:188} INFO - [2024-08-17T13:21:16.838+0000] {dag.py:3036} INFO - Sync 1 DAGs
[2024-08-17T13:21:16.848+0000] {logging_mixin.py:188} INFO - [2024-08-17T13:21:16.847+0000] {dag.py:3823} INFO - Setting next_dagrun for retrain_the_model to 2024-08-16 00:00:00+00:00, run_after=2024-08-17 00:00:00+00:00
[2024-08-17T13:21:16.856+0000] {processor.py:183} INFO - Processing /opt/airflow/dags/retrain_the_model.py took 0.045 seconds
[2024-08-17T13:21:47.126+0000] {processor.py:161} INFO - Started process (PID=253) to work on /opt/airflow/dags/retrain_the_model.py
[2024-08-17T13:21:47.127+0000] {processor.py:830} INFO - Processing file /opt/airflow/dags/retrain_the_model.py for tasks to queue
[2024-08-17T13:21:47.127+0000] {logging_mixin.py:188} INFO - [2024-08-17T13:21:47.127+0000] {dagbag.py:538} INFO - Filling up the DagBag from /opt/airflow/dags/retrain_the_model.py
[2024-08-17T13:21:47.137+0000] {processor.py:840} INFO - DAG(s) 'retrain_the_model' retrieved from /opt/airflow/dags/retrain_the_model.py
[2024-08-17T13:21:47.150+0000] {logging_mixin.py:188} INFO - [2024-08-17T13:21:47.150+0000] {dag.py:3036} INFO - Sync 1 DAGs
[2024-08-17T13:21:47.162+0000] {logging_mixin.py:188} INFO - [2024-08-17T13:21:47.162+0000] {dag.py:3823} INFO - Setting next_dagrun for retrain_the_model to 2024-08-16 00:00:00+00:00, run_after=2024-08-17 00:00:00+00:00
[2024-08-17T13:21:47.171+0000] {processor.py:183} INFO - Processing /opt/airflow/dags/retrain_the_model.py took 0.047 seconds
[2024-08-17T13:22:17.462+0000] {processor.py:161} INFO - Started process (PID=268) to work on /opt/airflow/dags/retrain_the_model.py
[2024-08-17T13:22:17.463+0000] {processor.py:830} INFO - Processing file /opt/airflow/dags/retrain_the_model.py for tasks to queue
[2024-08-17T13:22:17.463+0000] {logging_mixin.py:188} INFO - [2024-08-17T13:22:17.463+0000] {dagbag.py:538} INFO - Filling up the DagBag from /opt/airflow/dags/retrain_the_model.py
[2024-08-17T13:22:17.471+0000] {processor.py:840} INFO - DAG(s) 'retrain_the_model' retrieved from /opt/airflow/dags/retrain_the_model.py
[2024-08-17T13:22:17.485+0000] {logging_mixin.py:188} INFO - [2024-08-17T13:22:17.484+0000] {dag.py:3036} INFO - Sync 1 DAGs
[2024-08-17T13:22:17.495+0000] {logging_mixin.py:188} INFO - [2024-08-17T13:22:17.494+0000] {dag.py:3823} INFO - Setting next_dagrun for retrain_the_model to 2024-08-16 00:00:00+00:00, run_after=2024-08-17 00:00:00+00:00
[2024-08-17T13:22:17.504+0000] {processor.py:183} INFO - Processing /opt/airflow/dags/retrain_the_model.py took 0.043 seconds
[2024-08-17T13:22:47.794+0000] {processor.py:161} INFO - Started process (PID=304) to work on /opt/airflow/dags/retrain_the_model.py
[2024-08-17T13:22:47.795+0000] {processor.py:830} INFO - Processing file /opt/airflow/dags/retrain_the_model.py for tasks to queue
[2024-08-17T13:22:47.796+0000] {logging_mixin.py:188} INFO - [2024-08-17T13:22:47.795+0000] {dagbag.py:538} INFO - Filling up the DagBag from /opt/airflow/dags/retrain_the_model.py
[2024-08-17T13:22:47.804+0000] {processor.py:840} INFO - DAG(s) 'retrain_the_model' retrieved from /opt/airflow/dags/retrain_the_model.py
[2024-08-17T13:22:47.817+0000] {logging_mixin.py:188} INFO - [2024-08-17T13:22:47.817+0000] {dag.py:3036} INFO - Sync 1 DAGs
[2024-08-17T13:22:47.828+0000] {logging_mixin.py:188} INFO - [2024-08-17T13:22:47.828+0000] {dag.py:3823} INFO - Setting next_dagrun for retrain_the_model to 2024-08-16 00:00:00+00:00, run_after=2024-08-17 00:00:00+00:00
[2024-08-17T13:22:47.837+0000] {processor.py:183} INFO - Processing /opt/airflow/dags/retrain_the_model.py took 0.044 seconds
[2024-08-17T13:23:18.130+0000] {processor.py:161} INFO - Started process (PID=319) to work on /opt/airflow/dags/retrain_the_model.py
[2024-08-17T13:23:18.130+0000] {processor.py:830} INFO - Processing file /opt/airflow/dags/retrain_the_model.py for tasks to queue
[2024-08-17T13:23:18.131+0000] {logging_mixin.py:188} INFO - [2024-08-17T13:23:18.130+0000] {dagbag.py:538} INFO - Filling up the DagBag from /opt/airflow/dags/retrain_the_model.py
[2024-08-17T13:23:18.138+0000] {processor.py:840} INFO - DAG(s) 'retrain_the_model' retrieved from /opt/airflow/dags/retrain_the_model.py
[2024-08-17T13:23:18.152+0000] {logging_mixin.py:188} INFO - [2024-08-17T13:23:18.152+0000] {dag.py:3036} INFO - Sync 1 DAGs
[2024-08-17T13:23:18.161+0000] {logging_mixin.py:188} INFO - [2024-08-17T13:23:18.161+0000] {dag.py:3823} INFO - Setting next_dagrun for retrain_the_model to 2024-08-16 00:00:00+00:00, run_after=2024-08-17 00:00:00+00:00
[2024-08-17T13:23:18.169+0000] {processor.py:183} INFO - Processing /opt/airflow/dags/retrain_the_model.py took 0.041 seconds
[2024-08-17T13:23:48.453+0000] {processor.py:161} INFO - Started process (PID=355) to work on /opt/airflow/dags/retrain_the_model.py
[2024-08-17T13:23:48.453+0000] {processor.py:830} INFO - Processing file /opt/airflow/dags/retrain_the_model.py for tasks to queue
[2024-08-17T13:23:48.454+0000] {logging_mixin.py:188} INFO - [2024-08-17T13:23:48.454+0000] {dagbag.py:538} INFO - Filling up the DagBag from /opt/airflow/dags/retrain_the_model.py
[2024-08-17T13:23:48.462+0000] {processor.py:840} INFO - DAG(s) 'retrain_the_model' retrieved from /opt/airflow/dags/retrain_the_model.py
[2024-08-17T13:23:48.474+0000] {logging_mixin.py:188} INFO - [2024-08-17T13:23:48.474+0000] {dag.py:3036} INFO - Sync 1 DAGs
[2024-08-17T13:23:48.484+0000] {logging_mixin.py:188} INFO - [2024-08-17T13:23:48.484+0000] {dag.py:3823} INFO - Setting next_dagrun for retrain_the_model to 2024-08-16 00:00:00+00:00, run_after=2024-08-17 00:00:00+00:00
[2024-08-17T13:23:48.492+0000] {processor.py:183} INFO - Processing /opt/airflow/dags/retrain_the_model.py took 0.041 seconds
[2024-08-17T13:24:18.767+0000] {processor.py:161} INFO - Started process (PID=370) to work on /opt/airflow/dags/retrain_the_model.py
[2024-08-17T13:24:18.768+0000] {processor.py:830} INFO - Processing file /opt/airflow/dags/retrain_the_model.py for tasks to queue
[2024-08-17T13:24:18.768+0000] {logging_mixin.py:188} INFO - [2024-08-17T13:24:18.768+0000] {dagbag.py:538} INFO - Filling up the DagBag from /opt/airflow/dags/retrain_the_model.py
[2024-08-17T13:24:18.777+0000] {processor.py:840} INFO - DAG(s) 'retrain_the_model' retrieved from /opt/airflow/dags/retrain_the_model.py
[2024-08-17T13:24:18.793+0000] {logging_mixin.py:188} INFO - [2024-08-17T13:24:18.792+0000] {dag.py:3036} INFO - Sync 1 DAGs
[2024-08-17T13:24:18.802+0000] {logging_mixin.py:188} INFO - [2024-08-17T13:24:18.802+0000] {dag.py:3823} INFO - Setting next_dagrun for retrain_the_model to 2024-08-16 00:00:00+00:00, run_after=2024-08-17 00:00:00+00:00
[2024-08-17T13:24:18.811+0000] {processor.py:183} INFO - Processing /opt/airflow/dags/retrain_the_model.py took 0.046 seconds
[2024-08-17T13:24:49.094+0000] {processor.py:161} INFO - Started process (PID=405) to work on /opt/airflow/dags/retrain_the_model.py
[2024-08-17T13:24:49.095+0000] {processor.py:830} INFO - Processing file /opt/airflow/dags/retrain_the_model.py for tasks to queue
[2024-08-17T13:24:49.096+0000] {logging_mixin.py:188} INFO - [2024-08-17T13:24:49.096+0000] {dagbag.py:538} INFO - Filling up the DagBag from /opt/airflow/dags/retrain_the_model.py
[2024-08-17T13:24:49.104+0000] {processor.py:840} INFO - DAG(s) 'retrain_the_model' retrieved from /opt/airflow/dags/retrain_the_model.py
[2024-08-17T13:24:49.117+0000] {logging_mixin.py:188} INFO - [2024-08-17T13:24:49.117+0000] {dag.py:3036} INFO - Sync 1 DAGs
[2024-08-17T13:24:49.127+0000] {logging_mixin.py:188} INFO - [2024-08-17T13:24:49.127+0000] {dag.py:3823} INFO - Setting next_dagrun for retrain_the_model to 2024-08-16 00:00:00+00:00, run_after=2024-08-17 00:00:00+00:00
[2024-08-17T13:24:49.135+0000] {processor.py:183} INFO - Processing /opt/airflow/dags/retrain_the_model.py took 0.042 seconds
[2024-08-17T13:25:19.404+0000] {processor.py:161} INFO - Started process (PID=420) to work on /opt/airflow/dags/retrain_the_model.py
[2024-08-17T13:25:19.405+0000] {processor.py:830} INFO - Processing file /opt/airflow/dags/retrain_the_model.py for tasks to queue
[2024-08-17T13:25:19.405+0000] {logging_mixin.py:188} INFO - [2024-08-17T13:25:19.405+0000] {dagbag.py:538} INFO - Filling up the DagBag from /opt/airflow/dags/retrain_the_model.py
[2024-08-17T13:25:19.414+0000] {processor.py:840} INFO - DAG(s) 'retrain_the_model' retrieved from /opt/airflow/dags/retrain_the_model.py
[2024-08-17T13:25:19.427+0000] {logging_mixin.py:188} INFO - [2024-08-17T13:25:19.427+0000] {dag.py:3036} INFO - Sync 1 DAGs
[2024-08-17T13:25:19.437+0000] {logging_mixin.py:188} INFO - [2024-08-17T13:25:19.437+0000] {dag.py:3823} INFO - Setting next_dagrun for retrain_the_model to 2024-08-16 00:00:00+00:00, run_after=2024-08-17 00:00:00+00:00
[2024-08-17T13:25:19.445+0000] {processor.py:183} INFO - Processing /opt/airflow/dags/retrain_the_model.py took 0.042 seconds
[2024-08-17T13:25:49.749+0000] {processor.py:161} INFO - Started process (PID=456) to work on /opt/airflow/dags/retrain_the_model.py
[2024-08-17T13:25:49.749+0000] {processor.py:830} INFO - Processing file /opt/airflow/dags/retrain_the_model.py for tasks to queue
[2024-08-17T13:25:49.750+0000] {logging_mixin.py:188} INFO - [2024-08-17T13:25:49.750+0000] {dagbag.py:538} INFO - Filling up the DagBag from /opt/airflow/dags/retrain_the_model.py
[2024-08-17T13:25:49.758+0000] {processor.py:840} INFO - DAG(s) 'retrain_the_model' retrieved from /opt/airflow/dags/retrain_the_model.py
[2024-08-17T13:25:49.771+0000] {logging_mixin.py:188} INFO - [2024-08-17T13:25:49.771+0000] {dag.py:3036} INFO - Sync 1 DAGs
[2024-08-17T13:25:49.780+0000] {logging_mixin.py:188} INFO - [2024-08-17T13:25:49.780+0000] {dag.py:3823} INFO - Setting next_dagrun for retrain_the_model to 2024-08-16 00:00:00+00:00, run_after=2024-08-17 00:00:00+00:00
[2024-08-17T13:25:49.790+0000] {processor.py:183} INFO - Processing /opt/airflow/dags/retrain_the_model.py took 0.043 seconds
[2024-08-17T13:26:20.078+0000] {processor.py:161} INFO - Started process (PID=471) to work on /opt/airflow/dags/retrain_the_model.py
[2024-08-17T13:26:20.079+0000] {processor.py:830} INFO - Processing file /opt/airflow/dags/retrain_the_model.py for tasks to queue
[2024-08-17T13:26:20.079+0000] {logging_mixin.py:188} INFO - [2024-08-17T13:26:20.079+0000] {dagbag.py:538} INFO - Filling up the DagBag from /opt/airflow/dags/retrain_the_model.py
[2024-08-17T13:26:20.088+0000] {processor.py:840} INFO - DAG(s) 'retrain_the_model' retrieved from /opt/airflow/dags/retrain_the_model.py
[2024-08-17T13:26:20.101+0000] {logging_mixin.py:188} INFO - [2024-08-17T13:26:20.101+0000] {dag.py:3036} INFO - Sync 1 DAGs
[2024-08-17T13:26:20.110+0000] {logging_mixin.py:188} INFO - [2024-08-17T13:26:20.110+0000] {dag.py:3823} INFO - Setting next_dagrun for retrain_the_model to 2024-08-16 00:00:00+00:00, run_after=2024-08-17 00:00:00+00:00
[2024-08-17T13:26:20.118+0000] {processor.py:183} INFO - Processing /opt/airflow/dags/retrain_the_model.py took 0.042 seconds
[2024-08-17T13:26:50.409+0000] {processor.py:161} INFO - Started process (PID=507) to work on /opt/airflow/dags/retrain_the_model.py
[2024-08-17T13:26:50.409+0000] {processor.py:830} INFO - Processing file /opt/airflow/dags/retrain_the_model.py for tasks to queue
[2024-08-17T13:26:50.410+0000] {logging_mixin.py:188} INFO - [2024-08-17T13:26:50.410+0000] {dagbag.py:538} INFO - Filling up the DagBag from /opt/airflow/dags/retrain_the_model.py
[2024-08-17T13:26:50.419+0000] {processor.py:840} INFO - DAG(s) 'retrain_the_model' retrieved from /opt/airflow/dags/retrain_the_model.py
[2024-08-17T13:26:50.432+0000] {logging_mixin.py:188} INFO - [2024-08-17T13:26:50.432+0000] {dag.py:3036} INFO - Sync 1 DAGs
[2024-08-17T13:26:50.444+0000] {logging_mixin.py:188} INFO - [2024-08-17T13:26:50.444+0000] {dag.py:3823} INFO - Setting next_dagrun for retrain_the_model to 2024-08-16 00:00:00+00:00, run_after=2024-08-17 00:00:00+00:00
[2024-08-17T13:26:50.453+0000] {processor.py:183} INFO - Processing /opt/airflow/dags/retrain_the_model.py took 0.046 seconds
[2024-08-17T13:27:20.719+0000] {processor.py:161} INFO - Started process (PID=522) to work on /opt/airflow/dags/retrain_the_model.py
[2024-08-17T13:27:20.720+0000] {processor.py:830} INFO - Processing file /opt/airflow/dags/retrain_the_model.py for tasks to queue
[2024-08-17T13:27:20.720+0000] {logging_mixin.py:188} INFO - [2024-08-17T13:27:20.720+0000] {dagbag.py:538} INFO - Filling up the DagBag from /opt/airflow/dags/retrain_the_model.py
[2024-08-17T13:27:20.727+0000] {processor.py:840} INFO - DAG(s) 'retrain_the_model' retrieved from /opt/airflow/dags/retrain_the_model.py
[2024-08-17T13:27:20.740+0000] {logging_mixin.py:188} INFO - [2024-08-17T13:27:20.740+0000] {dag.py:3036} INFO - Sync 1 DAGs
[2024-08-17T13:27:20.749+0000] {logging_mixin.py:188} INFO - [2024-08-17T13:27:20.749+0000] {dag.py:3823} INFO - Setting next_dagrun for retrain_the_model to 2024-08-16 00:00:00+00:00, run_after=2024-08-17 00:00:00+00:00
[2024-08-17T13:27:20.758+0000] {processor.py:183} INFO - Processing /opt/airflow/dags/retrain_the_model.py took 0.040 seconds
[2024-08-17T13:27:51.053+0000] {processor.py:161} INFO - Started process (PID=558) to work on /opt/airflow/dags/retrain_the_model.py
[2024-08-17T13:27:51.054+0000] {processor.py:830} INFO - Processing file /opt/airflow/dags/retrain_the_model.py for tasks to queue
[2024-08-17T13:27:51.055+0000] {logging_mixin.py:188} INFO - [2024-08-17T13:27:51.055+0000] {dagbag.py:538} INFO - Filling up the DagBag from /opt/airflow/dags/retrain_the_model.py
[2024-08-17T13:27:51.063+0000] {processor.py:840} INFO - DAG(s) 'retrain_the_model' retrieved from /opt/airflow/dags/retrain_the_model.py
[2024-08-17T13:27:51.076+0000] {logging_mixin.py:188} INFO - [2024-08-17T13:27:51.076+0000] {dag.py:3036} INFO - Sync 1 DAGs
[2024-08-17T13:27:51.085+0000] {logging_mixin.py:188} INFO - [2024-08-17T13:27:51.085+0000] {dag.py:3823} INFO - Setting next_dagrun for retrain_the_model to 2024-08-16 00:00:00+00:00, run_after=2024-08-17 00:00:00+00:00
[2024-08-17T13:27:51.093+0000] {processor.py:183} INFO - Processing /opt/airflow/dags/retrain_the_model.py took 0.041 seconds
[2024-08-17T13:28:21.453+0000] {processor.py:161} INFO - Started process (PID=573) to work on /opt/airflow/dags/retrain_the_model.py
[2024-08-17T13:28:21.453+0000] {processor.py:830} INFO - Processing file /opt/airflow/dags/retrain_the_model.py for tasks to queue
[2024-08-17T13:28:21.454+0000] {logging_mixin.py:188} INFO - [2024-08-17T13:28:21.454+0000] {dagbag.py:538} INFO - Filling up the DagBag from /opt/airflow/dags/retrain_the_model.py
[2024-08-17T13:28:21.462+0000] {processor.py:840} INFO - DAG(s) 'retrain_the_model' retrieved from /opt/airflow/dags/retrain_the_model.py
[2024-08-17T13:28:21.476+0000] {logging_mixin.py:188} INFO - [2024-08-17T13:28:21.476+0000] {dag.py:3036} INFO - Sync 1 DAGs
[2024-08-17T13:28:21.485+0000] {logging_mixin.py:188} INFO - [2024-08-17T13:28:21.485+0000] {dag.py:3823} INFO - Setting next_dagrun for retrain_the_model to 2024-08-16 00:00:00+00:00, run_after=2024-08-17 00:00:00+00:00
[2024-08-17T13:28:21.493+0000] {processor.py:183} INFO - Processing /opt/airflow/dags/retrain_the_model.py took 0.042 seconds
[2024-08-17T13:28:51.772+0000] {processor.py:161} INFO - Started process (PID=609) to work on /opt/airflow/dags/retrain_the_model.py
[2024-08-17T13:28:51.772+0000] {processor.py:830} INFO - Processing file /opt/airflow/dags/retrain_the_model.py for tasks to queue
[2024-08-17T13:28:51.772+0000] {logging_mixin.py:188} INFO - [2024-08-17T13:28:51.772+0000] {dagbag.py:538} INFO - Filling up the DagBag from /opt/airflow/dags/retrain_the_model.py
[2024-08-17T13:28:51.780+0000] {processor.py:840} INFO - DAG(s) 'retrain_the_model' retrieved from /opt/airflow/dags/retrain_the_model.py
[2024-08-17T13:28:51.792+0000] {logging_mixin.py:188} INFO - [2024-08-17T13:28:51.792+0000] {dag.py:3036} INFO - Sync 1 DAGs
[2024-08-17T13:28:51.802+0000] {logging_mixin.py:188} INFO - [2024-08-17T13:28:51.802+0000] {dag.py:3823} INFO - Setting next_dagrun for retrain_the_model to 2024-08-16 00:00:00+00:00, run_after=2024-08-17 00:00:00+00:00
[2024-08-17T13:28:51.811+0000] {processor.py:183} INFO - Processing /opt/airflow/dags/retrain_the_model.py took 0.041 seconds
[2024-08-17T13:29:22.103+0000] {processor.py:161} INFO - Started process (PID=624) to work on /opt/airflow/dags/retrain_the_model.py
[2024-08-17T13:29:22.104+0000] {processor.py:830} INFO - Processing file /opt/airflow/dags/retrain_the_model.py for tasks to queue
[2024-08-17T13:29:22.104+0000] {logging_mixin.py:188} INFO - [2024-08-17T13:29:22.104+0000] {dagbag.py:538} INFO - Filling up the DagBag from /opt/airflow/dags/retrain_the_model.py
[2024-08-17T13:29:22.112+0000] {processor.py:840} INFO - DAG(s) 'retrain_the_model' retrieved from /opt/airflow/dags/retrain_the_model.py
[2024-08-17T13:29:22.126+0000] {logging_mixin.py:188} INFO - [2024-08-17T13:29:22.126+0000] {dag.py:3036} INFO - Sync 1 DAGs
[2024-08-17T13:29:22.137+0000] {logging_mixin.py:188} INFO - [2024-08-17T13:29:22.137+0000] {dag.py:3823} INFO - Setting next_dagrun for retrain_the_model to 2024-08-16 00:00:00+00:00, run_after=2024-08-17 00:00:00+00:00
[2024-08-17T13:29:22.146+0000] {processor.py:183} INFO - Processing /opt/airflow/dags/retrain_the_model.py took 0.044 seconds
[2024-08-17T13:29:52.390+0000] {processor.py:161} INFO - Started process (PID=660) to work on /opt/airflow/dags/retrain_the_model.py
[2024-08-17T13:29:52.391+0000] {processor.py:830} INFO - Processing file /opt/airflow/dags/retrain_the_model.py for tasks to queue
[2024-08-17T13:29:52.391+0000] {logging_mixin.py:188} INFO - [2024-08-17T13:29:52.391+0000] {dagbag.py:538} INFO - Filling up the DagBag from /opt/airflow/dags/retrain_the_model.py
[2024-08-17T13:29:52.399+0000] {processor.py:840} INFO - DAG(s) 'retrain_the_model' retrieved from /opt/airflow/dags/retrain_the_model.py
[2024-08-17T13:29:52.412+0000] {logging_mixin.py:188} INFO - [2024-08-17T13:29:52.412+0000] {dag.py:3036} INFO - Sync 1 DAGs
[2024-08-17T13:29:52.423+0000] {logging_mixin.py:188} INFO - [2024-08-17T13:29:52.423+0000] {dag.py:3823} INFO - Setting next_dagrun for retrain_the_model to 2024-08-16 00:00:00+00:00, run_after=2024-08-17 00:00:00+00:00
[2024-08-17T13:29:52.431+0000] {processor.py:183} INFO - Processing /opt/airflow/dags/retrain_the_model.py took 0.042 seconds
[2024-08-17T13:30:22.699+0000] {processor.py:161} INFO - Started process (PID=675) to work on /opt/airflow/dags/retrain_the_model.py
[2024-08-17T13:30:22.700+0000] {processor.py:830} INFO - Processing file /opt/airflow/dags/retrain_the_model.py for tasks to queue
[2024-08-17T13:30:22.700+0000] {logging_mixin.py:188} INFO - [2024-08-17T13:30:22.700+0000] {dagbag.py:538} INFO - Filling up the DagBag from /opt/airflow/dags/retrain_the_model.py
[2024-08-17T13:30:22.707+0000] {processor.py:840} INFO - DAG(s) 'retrain_the_model' retrieved from /opt/airflow/dags/retrain_the_model.py
[2024-08-17T13:30:22.719+0000] {logging_mixin.py:188} INFO - [2024-08-17T13:30:22.719+0000] {dag.py:3036} INFO - Sync 1 DAGs
[2024-08-17T13:30:22.729+0000] {logging_mixin.py:188} INFO - [2024-08-17T13:30:22.728+0000] {dag.py:3823} INFO - Setting next_dagrun for retrain_the_model to 2024-08-16 00:00:00+00:00, run_after=2024-08-17 00:00:00+00:00
[2024-08-17T13:30:22.737+0000] {processor.py:183} INFO - Processing /opt/airflow/dags/retrain_the_model.py took 0.040 seconds
[2024-08-17T13:30:53.065+0000] {processor.py:161} INFO - Started process (PID=698) to work on /opt/airflow/dags/retrain_the_model.py
[2024-08-17T13:30:53.066+0000] {processor.py:830} INFO - Processing file /opt/airflow/dags/retrain_the_model.py for tasks to queue
[2024-08-17T13:30:53.066+0000] {logging_mixin.py:188} INFO - [2024-08-17T13:30:53.066+0000] {dagbag.py:538} INFO - Filling up the DagBag from /opt/airflow/dags/retrain_the_model.py
[2024-08-17T13:30:53.073+0000] {processor.py:840} INFO - DAG(s) 'retrain_the_model' retrieved from /opt/airflow/dags/retrain_the_model.py
[2024-08-17T13:30:53.087+0000] {logging_mixin.py:188} INFO - [2024-08-17T13:30:53.087+0000] {dag.py:3036} INFO - Sync 1 DAGs
[2024-08-17T13:30:53.096+0000] {logging_mixin.py:188} INFO - [2024-08-17T13:30:53.096+0000] {dag.py:3823} INFO - Setting next_dagrun for retrain_the_model to 2024-08-16 00:00:00+00:00, run_after=2024-08-17 00:00:00+00:00
[2024-08-17T13:30:53.104+0000] {processor.py:183} INFO - Processing /opt/airflow/dags/retrain_the_model.py took 0.041 seconds
[2024-08-17T13:31:23.394+0000] {processor.py:161} INFO - Started process (PID=726) to work on /opt/airflow/dags/retrain_the_model.py
[2024-08-17T13:31:23.394+0000] {processor.py:830} INFO - Processing file /opt/airflow/dags/retrain_the_model.py for tasks to queue
[2024-08-17T13:31:23.395+0000] {logging_mixin.py:188} INFO - [2024-08-17T13:31:23.395+0000] {dagbag.py:538} INFO - Filling up the DagBag from /opt/airflow/dags/retrain_the_model.py
[2024-08-17T13:31:23.404+0000] {processor.py:840} INFO - DAG(s) 'retrain_the_model' retrieved from /opt/airflow/dags/retrain_the_model.py
[2024-08-17T13:31:23.418+0000] {logging_mixin.py:188} INFO - [2024-08-17T13:31:23.418+0000] {dag.py:3036} INFO - Sync 1 DAGs
[2024-08-17T13:31:23.427+0000] {logging_mixin.py:188} INFO - [2024-08-17T13:31:23.427+0000] {dag.py:3823} INFO - Setting next_dagrun for retrain_the_model to 2024-08-16 00:00:00+00:00, run_after=2024-08-17 00:00:00+00:00
[2024-08-17T13:31:23.436+0000] {processor.py:183} INFO - Processing /opt/airflow/dags/retrain_the_model.py took 0.043 seconds
[2024-08-17T13:31:53.683+0000] {processor.py:161} INFO - Started process (PID=741) to work on /opt/airflow/dags/retrain_the_model.py
[2024-08-17T13:31:53.683+0000] {processor.py:830} INFO - Processing file /opt/airflow/dags/retrain_the_model.py for tasks to queue
[2024-08-17T13:31:53.684+0000] {logging_mixin.py:188} INFO - [2024-08-17T13:31:53.683+0000] {dagbag.py:538} INFO - Filling up the DagBag from /opt/airflow/dags/retrain_the_model.py
[2024-08-17T13:31:53.691+0000] {processor.py:840} INFO - DAG(s) 'retrain_the_model' retrieved from /opt/airflow/dags/retrain_the_model.py
[2024-08-17T13:31:53.705+0000] {logging_mixin.py:188} INFO - [2024-08-17T13:31:53.705+0000] {dag.py:3036} INFO - Sync 1 DAGs
[2024-08-17T13:31:53.715+0000] {logging_mixin.py:188} INFO - [2024-08-17T13:31:53.715+0000] {dag.py:3823} INFO - Setting next_dagrun for retrain_the_model to 2024-08-16 00:00:00+00:00, run_after=2024-08-17 00:00:00+00:00
[2024-08-17T13:31:53.790+0000] {processor.py:183} INFO - Processing /opt/airflow/dags/retrain_the_model.py took 0.110 seconds
[2024-08-17T13:32:24.054+0000] {processor.py:161} INFO - Started process (PID=777) to work on /opt/airflow/dags/retrain_the_model.py
[2024-08-17T13:32:24.054+0000] {processor.py:830} INFO - Processing file /opt/airflow/dags/retrain_the_model.py for tasks to queue
[2024-08-17T13:32:24.055+0000] {logging_mixin.py:188} INFO - [2024-08-17T13:32:24.055+0000] {dagbag.py:538} INFO - Filling up the DagBag from /opt/airflow/dags/retrain_the_model.py
[2024-08-17T13:32:24.062+0000] {processor.py:840} INFO - DAG(s) 'retrain_the_model' retrieved from /opt/airflow/dags/retrain_the_model.py
[2024-08-17T13:32:24.075+0000] {logging_mixin.py:188} INFO - [2024-08-17T13:32:24.075+0000] {dag.py:3036} INFO - Sync 1 DAGs
[2024-08-17T13:32:24.085+0000] {logging_mixin.py:188} INFO - [2024-08-17T13:32:24.085+0000] {dag.py:3823} INFO - Setting next_dagrun for retrain_the_model to 2024-08-16 00:00:00+00:00, run_after=2024-08-17 00:00:00+00:00
[2024-08-17T13:32:24.093+0000] {processor.py:183} INFO - Processing /opt/airflow/dags/retrain_the_model.py took 0.040 seconds
[2024-08-17T13:32:54.412+0000] {processor.py:161} INFO - Started process (PID=792) to work on /opt/airflow/dags/retrain_the_model.py
[2024-08-17T13:32:54.413+0000] {processor.py:830} INFO - Processing file /opt/airflow/dags/retrain_the_model.py for tasks to queue
[2024-08-17T13:32:54.413+0000] {logging_mixin.py:188} INFO - [2024-08-17T13:32:54.413+0000] {dagbag.py:538} INFO - Filling up the DagBag from /opt/airflow/dags/retrain_the_model.py
[2024-08-17T13:32:54.421+0000] {processor.py:840} INFO - DAG(s) 'retrain_the_model' retrieved from /opt/airflow/dags/retrain_the_model.py
[2024-08-17T13:32:54.433+0000] {logging_mixin.py:188} INFO - [2024-08-17T13:32:54.433+0000] {dag.py:3036} INFO - Sync 1 DAGs
[2024-08-17T13:32:54.443+0000] {logging_mixin.py:188} INFO - [2024-08-17T13:32:54.443+0000] {dag.py:3823} INFO - Setting next_dagrun for retrain_the_model to 2024-08-16 00:00:00+00:00, run_after=2024-08-17 00:00:00+00:00
[2024-08-17T13:32:54.451+0000] {processor.py:183} INFO - Processing /opt/airflow/dags/retrain_the_model.py took 0.040 seconds
[2024-08-17T13:33:24.724+0000] {processor.py:161} INFO - Started process (PID=828) to work on /opt/airflow/dags/retrain_the_model.py
[2024-08-17T13:33:24.725+0000] {processor.py:830} INFO - Processing file /opt/airflow/dags/retrain_the_model.py for tasks to queue
[2024-08-17T13:33:24.726+0000] {logging_mixin.py:188} INFO - [2024-08-17T13:33:24.725+0000] {dagbag.py:538} INFO - Filling up the DagBag from /opt/airflow/dags/retrain_the_model.py
[2024-08-17T13:33:24.734+0000] {processor.py:840} INFO - DAG(s) 'retrain_the_model' retrieved from /opt/airflow/dags/retrain_the_model.py
[2024-08-17T13:33:24.747+0000] {logging_mixin.py:188} INFO - [2024-08-17T13:33:24.747+0000] {dag.py:3036} INFO - Sync 1 DAGs
[2024-08-17T13:33:24.756+0000] {logging_mixin.py:188} INFO - [2024-08-17T13:33:24.756+0000] {dag.py:3823} INFO - Setting next_dagrun for retrain_the_model to 2024-08-16 00:00:00+00:00, run_after=2024-08-17 00:00:00+00:00
[2024-08-17T13:33:24.828+0000] {processor.py:183} INFO - Processing /opt/airflow/dags/retrain_the_model.py took 0.105 seconds
[2024-08-17T13:33:55.060+0000] {processor.py:161} INFO - Started process (PID=843) to work on /opt/airflow/dags/retrain_the_model.py
[2024-08-17T13:33:55.061+0000] {processor.py:830} INFO - Processing file /opt/airflow/dags/retrain_the_model.py for tasks to queue
[2024-08-17T13:33:55.061+0000] {logging_mixin.py:188} INFO - [2024-08-17T13:33:55.061+0000] {dagbag.py:538} INFO - Filling up the DagBag from /opt/airflow/dags/retrain_the_model.py
[2024-08-17T13:33:55.069+0000] {processor.py:840} INFO - DAG(s) 'retrain_the_model' retrieved from /opt/airflow/dags/retrain_the_model.py
[2024-08-17T13:33:55.082+0000] {logging_mixin.py:188} INFO - [2024-08-17T13:33:55.081+0000] {dag.py:3036} INFO - Sync 1 DAGs
[2024-08-17T13:33:55.091+0000] {logging_mixin.py:188} INFO - [2024-08-17T13:33:55.091+0000] {dag.py:3823} INFO - Setting next_dagrun for retrain_the_model to 2024-08-16 00:00:00+00:00, run_after=2024-08-17 00:00:00+00:00
[2024-08-17T13:33:55.099+0000] {processor.py:183} INFO - Processing /opt/airflow/dags/retrain_the_model.py took 0.040 seconds
[2024-08-17T13:34:25.376+0000] {processor.py:161} INFO - Started process (PID=879) to work on /opt/airflow/dags/retrain_the_model.py
[2024-08-17T13:34:25.376+0000] {processor.py:830} INFO - Processing file /opt/airflow/dags/retrain_the_model.py for tasks to queue
[2024-08-17T13:34:25.377+0000] {logging_mixin.py:188} INFO - [2024-08-17T13:34:25.377+0000] {dagbag.py:538} INFO - Filling up the DagBag from /opt/airflow/dags/retrain_the_model.py
[2024-08-17T13:34:25.385+0000] {processor.py:840} INFO - DAG(s) 'retrain_the_model' retrieved from /opt/airflow/dags/retrain_the_model.py
[2024-08-17T13:34:25.398+0000] {logging_mixin.py:188} INFO - [2024-08-17T13:34:25.398+0000] {dag.py:3036} INFO - Sync 1 DAGs
[2024-08-17T13:34:25.408+0000] {logging_mixin.py:188} INFO - [2024-08-17T13:34:25.408+0000] {dag.py:3823} INFO - Setting next_dagrun for retrain_the_model to 2024-08-16 00:00:00+00:00, run_after=2024-08-17 00:00:00+00:00
[2024-08-17T13:34:25.416+0000] {processor.py:183} INFO - Processing /opt/airflow/dags/retrain_the_model.py took 0.042 seconds
[2024-08-17T13:34:55.688+0000] {processor.py:161} INFO - Started process (PID=894) to work on /opt/airflow/dags/retrain_the_model.py
[2024-08-17T13:34:55.689+0000] {processor.py:830} INFO - Processing file /opt/airflow/dags/retrain_the_model.py for tasks to queue
[2024-08-17T13:34:55.689+0000] {logging_mixin.py:188} INFO - [2024-08-17T13:34:55.689+0000] {dagbag.py:538} INFO - Filling up the DagBag from /opt/airflow/dags/retrain_the_model.py
[2024-08-17T13:34:55.698+0000] {processor.py:840} INFO - DAG(s) 'retrain_the_model' retrieved from /opt/airflow/dags/retrain_the_model.py
[2024-08-17T13:34:55.711+0000] {logging_mixin.py:188} INFO - [2024-08-17T13:34:55.711+0000] {dag.py:3036} INFO - Sync 1 DAGs
[2024-08-17T13:34:55.720+0000] {logging_mixin.py:188} INFO - [2024-08-17T13:34:55.720+0000] {dag.py:3823} INFO - Setting next_dagrun for retrain_the_model to 2024-08-16 00:00:00+00:00, run_after=2024-08-17 00:00:00+00:00
[2024-08-17T13:34:55.796+0000] {processor.py:183} INFO - Processing /opt/airflow/dags/retrain_the_model.py took 0.110 seconds
[2024-08-17T13:35:26.076+0000] {processor.py:161} INFO - Started process (PID=930) to work on /opt/airflow/dags/retrain_the_model.py
[2024-08-17T13:35:26.077+0000] {processor.py:830} INFO - Processing file /opt/airflow/dags/retrain_the_model.py for tasks to queue
[2024-08-17T13:35:26.077+0000] {logging_mixin.py:188} INFO - [2024-08-17T13:35:26.077+0000] {dagbag.py:538} INFO - Filling up the DagBag from /opt/airflow/dags/retrain_the_model.py
[2024-08-17T13:35:26.085+0000] {processor.py:840} INFO - DAG(s) 'retrain_the_model' retrieved from /opt/airflow/dags/retrain_the_model.py
[2024-08-17T13:35:26.099+0000] {logging_mixin.py:188} INFO - [2024-08-17T13:35:26.099+0000] {dag.py:3036} INFO - Sync 1 DAGs
[2024-08-17T13:35:26.109+0000] {logging_mixin.py:188} INFO - [2024-08-17T13:35:26.108+0000] {dag.py:3823} INFO - Setting next_dagrun for retrain_the_model to 2024-08-16 00:00:00+00:00, run_after=2024-08-17 00:00:00+00:00
[2024-08-17T13:35:26.116+0000] {processor.py:183} INFO - Processing /opt/airflow/dags/retrain_the_model.py took 0.042 seconds
[2024-08-17T13:35:56.403+0000] {processor.py:161} INFO - Started process (PID=945) to work on /opt/airflow/dags/retrain_the_model.py
[2024-08-17T13:35:56.403+0000] {processor.py:830} INFO - Processing file /opt/airflow/dags/retrain_the_model.py for tasks to queue
[2024-08-17T13:35:56.404+0000] {logging_mixin.py:188} INFO - [2024-08-17T13:35:56.404+0000] {dagbag.py:538} INFO - Filling up the DagBag from /opt/airflow/dags/retrain_the_model.py
[2024-08-17T13:35:56.411+0000] {processor.py:840} INFO - DAG(s) 'retrain_the_model' retrieved from /opt/airflow/dags/retrain_the_model.py
[2024-08-17T13:35:56.426+0000] {logging_mixin.py:188} INFO - [2024-08-17T13:35:56.425+0000] {dag.py:3036} INFO - Sync 1 DAGs
[2024-08-17T13:35:56.435+0000] {logging_mixin.py:188} INFO - [2024-08-17T13:35:56.435+0000] {dag.py:3823} INFO - Setting next_dagrun for retrain_the_model to 2024-08-16 00:00:00+00:00, run_after=2024-08-17 00:00:00+00:00
[2024-08-17T13:35:56.444+0000] {processor.py:183} INFO - Processing /opt/airflow/dags/retrain_the_model.py took 0.043 seconds
[2024-08-17T13:36:26.720+0000] {processor.py:161} INFO - Started process (PID=981) to work on /opt/airflow/dags/retrain_the_model.py
[2024-08-17T13:36:26.720+0000] {processor.py:830} INFO - Processing file /opt/airflow/dags/retrain_the_model.py for tasks to queue
[2024-08-17T13:36:26.721+0000] {logging_mixin.py:188} INFO - [2024-08-17T13:36:26.720+0000] {dagbag.py:538} INFO - Filling up the DagBag from /opt/airflow/dags/retrain_the_model.py
[2024-08-17T13:36:26.729+0000] {processor.py:840} INFO - DAG(s) 'retrain_the_model' retrieved from /opt/airflow/dags/retrain_the_model.py
[2024-08-17T13:36:26.742+0000] {logging_mixin.py:188} INFO - [2024-08-17T13:36:26.742+0000] {dag.py:3036} INFO - Sync 1 DAGs
[2024-08-17T13:36:26.753+0000] {logging_mixin.py:188} INFO - [2024-08-17T13:36:26.753+0000] {dag.py:3823} INFO - Setting next_dagrun for retrain_the_model to 2024-08-16 00:00:00+00:00, run_after=2024-08-17 00:00:00+00:00
[2024-08-17T13:36:26.831+0000] {processor.py:183} INFO - Processing /opt/airflow/dags/retrain_the_model.py took 0.114 seconds
[2024-08-17T13:36:57.129+0000] {processor.py:161} INFO - Started process (PID=996) to work on /opt/airflow/dags/retrain_the_model.py
[2024-08-17T13:36:57.130+0000] {processor.py:830} INFO - Processing file /opt/airflow/dags/retrain_the_model.py for tasks to queue
[2024-08-17T13:36:57.130+0000] {logging_mixin.py:188} INFO - [2024-08-17T13:36:57.130+0000] {dagbag.py:538} INFO - Filling up the DagBag from /opt/airflow/dags/retrain_the_model.py
[2024-08-17T13:36:57.139+0000] {processor.py:840} INFO - DAG(s) 'retrain_the_model' retrieved from /opt/airflow/dags/retrain_the_model.py
[2024-08-17T13:36:57.153+0000] {logging_mixin.py:188} INFO - [2024-08-17T13:36:57.153+0000] {dag.py:3036} INFO - Sync 1 DAGs
[2024-08-17T13:36:57.162+0000] {logging_mixin.py:188} INFO - [2024-08-17T13:36:57.162+0000] {dag.py:3823} INFO - Setting next_dagrun for retrain_the_model to 2024-08-16 00:00:00+00:00, run_after=2024-08-17 00:00:00+00:00
[2024-08-17T13:36:57.170+0000] {processor.py:183} INFO - Processing /opt/airflow/dags/retrain_the_model.py took 0.043 seconds
[2024-08-17T13:37:27.448+0000] {processor.py:161} INFO - Started process (PID=1037) to work on /opt/airflow/dags/retrain_the_model.py
[2024-08-17T13:37:27.449+0000] {processor.py:830} INFO - Processing file /opt/airflow/dags/retrain_the_model.py for tasks to queue
[2024-08-17T13:37:27.450+0000] {logging_mixin.py:188} INFO - [2024-08-17T13:37:27.449+0000] {dagbag.py:538} INFO - Filling up the DagBag from /opt/airflow/dags/retrain_the_model.py
[2024-08-17T13:37:27.458+0000] {processor.py:840} INFO - DAG(s) 'retrain_the_model' retrieved from /opt/airflow/dags/retrain_the_model.py
[2024-08-17T13:37:27.473+0000] {logging_mixin.py:188} INFO - [2024-08-17T13:37:27.473+0000] {dag.py:3036} INFO - Sync 1 DAGs
[2024-08-17T13:37:27.482+0000] {logging_mixin.py:188} INFO - [2024-08-17T13:37:27.482+0000] {dag.py:3823} INFO - Setting next_dagrun for retrain_the_model to 2024-08-16 00:00:00+00:00, run_after=2024-08-17 00:00:00+00:00
[2024-08-17T13:37:27.490+0000] {processor.py:183} INFO - Processing /opt/airflow/dags/retrain_the_model.py took 0.044 seconds
[2024-08-17T13:37:57.755+0000] {processor.py:161} INFO - Started process (PID=1052) to work on /opt/airflow/dags/retrain_the_model.py
[2024-08-17T13:37:57.756+0000] {processor.py:830} INFO - Processing file /opt/airflow/dags/retrain_the_model.py for tasks to queue
[2024-08-17T13:37:57.757+0000] {logging_mixin.py:188} INFO - [2024-08-17T13:37:57.756+0000] {dagbag.py:538} INFO - Filling up the DagBag from /opt/airflow/dags/retrain_the_model.py
[2024-08-17T13:37:57.765+0000] {processor.py:840} INFO - DAG(s) 'retrain_the_model' retrieved from /opt/airflow/dags/retrain_the_model.py
[2024-08-17T13:37:57.779+0000] {logging_mixin.py:188} INFO - [2024-08-17T13:37:57.779+0000] {dag.py:3036} INFO - Sync 1 DAGs
[2024-08-17T13:37:57.856+0000] {logging_mixin.py:188} INFO - [2024-08-17T13:37:57.856+0000] {dag.py:3823} INFO - Setting next_dagrun for retrain_the_model to 2024-08-16 00:00:00+00:00, run_after=2024-08-17 00:00:00+00:00
[2024-08-17T13:37:57.863+0000] {processor.py:183} INFO - Processing /opt/airflow/dags/retrain_the_model.py took 0.110 seconds
[2024-08-17T13:38:28.147+0000] {processor.py:161} INFO - Started process (PID=1088) to work on /opt/airflow/dags/retrain_the_model.py
[2024-08-17T13:38:28.147+0000] {processor.py:830} INFO - Processing file /opt/airflow/dags/retrain_the_model.py for tasks to queue
[2024-08-17T13:38:28.148+0000] {logging_mixin.py:188} INFO - [2024-08-17T13:38:28.148+0000] {dagbag.py:538} INFO - Filling up the DagBag from /opt/airflow/dags/retrain_the_model.py
[2024-08-17T13:38:28.156+0000] {processor.py:840} INFO - DAG(s) 'retrain_the_model' retrieved from /opt/airflow/dags/retrain_the_model.py
[2024-08-17T13:38:28.168+0000] {logging_mixin.py:188} INFO - [2024-08-17T13:38:28.168+0000] {dag.py:3036} INFO - Sync 1 DAGs
[2024-08-17T13:38:28.178+0000] {logging_mixin.py:188} INFO - [2024-08-17T13:38:28.177+0000] {dag.py:3823} INFO - Setting next_dagrun for retrain_the_model to 2024-08-16 00:00:00+00:00, run_after=2024-08-17 00:00:00+00:00
[2024-08-17T13:38:28.252+0000] {processor.py:183} INFO - Processing /opt/airflow/dags/retrain_the_model.py took 0.107 seconds
[2024-08-17T13:38:58.534+0000] {processor.py:161} INFO - Started process (PID=1103) to work on /opt/airflow/dags/retrain_the_model.py
[2024-08-17T13:38:58.534+0000] {processor.py:830} INFO - Processing file /opt/airflow/dags/retrain_the_model.py for tasks to queue
[2024-08-17T13:38:58.535+0000] {logging_mixin.py:188} INFO - [2024-08-17T13:38:58.535+0000] {dagbag.py:538} INFO - Filling up the DagBag from /opt/airflow/dags/retrain_the_model.py
[2024-08-17T13:38:58.542+0000] {processor.py:840} INFO - DAG(s) 'retrain_the_model' retrieved from /opt/airflow/dags/retrain_the_model.py
[2024-08-17T13:38:58.627+0000] {logging_mixin.py:188} INFO - [2024-08-17T13:38:58.627+0000] {dag.py:3036} INFO - Sync 1 DAGs
[2024-08-17T13:38:58.636+0000] {logging_mixin.py:188} INFO - [2024-08-17T13:38:58.636+0000] {dag.py:3823} INFO - Setting next_dagrun for retrain_the_model to 2024-08-16 00:00:00+00:00, run_after=2024-08-17 00:00:00+00:00
[2024-08-17T13:38:58.645+0000] {processor.py:183} INFO - Processing /opt/airflow/dags/retrain_the_model.py took 0.112 seconds
[2024-08-17T13:39:28.932+0000] {processor.py:161} INFO - Started process (PID=1139) to work on /opt/airflow/dags/retrain_the_model.py
[2024-08-17T13:39:28.932+0000] {processor.py:830} INFO - Processing file /opt/airflow/dags/retrain_the_model.py for tasks to queue
[2024-08-17T13:39:28.933+0000] {logging_mixin.py:188} INFO - [2024-08-17T13:39:28.933+0000] {dagbag.py:538} INFO - Filling up the DagBag from /opt/airflow/dags/retrain_the_model.py
[2024-08-17T13:39:28.941+0000] {processor.py:840} INFO - DAG(s) 'retrain_the_model' retrieved from /opt/airflow/dags/retrain_the_model.py
[2024-08-17T13:39:28.954+0000] {logging_mixin.py:188} INFO - [2024-08-17T13:39:28.953+0000] {dag.py:3036} INFO - Sync 1 DAGs
[2024-08-17T13:39:28.964+0000] {logging_mixin.py:188} INFO - [2024-08-17T13:39:28.964+0000] {dag.py:3823} INFO - Setting next_dagrun for retrain_the_model to 2024-08-16 00:00:00+00:00, run_after=2024-08-17 00:00:00+00:00
[2024-08-17T13:39:28.972+0000] {processor.py:183} INFO - Processing /opt/airflow/dags/retrain_the_model.py took 0.042 seconds
[2024-08-17T13:39:59.262+0000] {processor.py:161} INFO - Started process (PID=1154) to work on /opt/airflow/dags/retrain_the_model.py
[2024-08-17T13:39:59.263+0000] {processor.py:830} INFO - Processing file /opt/airflow/dags/retrain_the_model.py for tasks to queue
[2024-08-17T13:39:59.263+0000] {logging_mixin.py:188} INFO - [2024-08-17T13:39:59.263+0000] {dagbag.py:538} INFO - Filling up the DagBag from /opt/airflow/dags/retrain_the_model.py
[2024-08-17T13:39:59.271+0000] {processor.py:840} INFO - DAG(s) 'retrain_the_model' retrieved from /opt/airflow/dags/retrain_the_model.py
[2024-08-17T13:39:59.284+0000] {logging_mixin.py:188} INFO - [2024-08-17T13:39:59.284+0000] {dag.py:3036} INFO - Sync 1 DAGs
[2024-08-17T13:39:59.294+0000] {logging_mixin.py:188} INFO - [2024-08-17T13:39:59.294+0000] {dag.py:3823} INFO - Setting next_dagrun for retrain_the_model to 2024-08-16 00:00:00+00:00, run_after=2024-08-17 00:00:00+00:00
[2024-08-17T13:39:59.304+0000] {processor.py:183} INFO - Processing /opt/airflow/dags/retrain_the_model.py took 0.044 seconds
[2024-08-17T13:44:12.809+0000] {processor.py:161} INFO - Started process (PID=203) to work on /opt/airflow/dags/retrain_the_model.py
[2024-08-17T13:44:12.810+0000] {processor.py:830} INFO - Processing file /opt/airflow/dags/retrain_the_model.py for tasks to queue
[2024-08-17T13:44:12.810+0000] {logging_mixin.py:188} INFO - [2024-08-17T13:44:12.810+0000] {dagbag.py:538} INFO - Filling up the DagBag from /opt/airflow/dags/retrain_the_model.py
[2024-08-17T13:44:12.821+0000] {processor.py:840} INFO - DAG(s) 'retrain_the_model' retrieved from /opt/airflow/dags/retrain_the_model.py
[2024-08-17T13:44:12.913+0000] {logging_mixin.py:188} INFO - [2024-08-17T13:44:12.913+0000] {dag.py:3036} INFO - Sync 1 DAGs
[2024-08-17T13:44:12.922+0000] {logging_mixin.py:188} INFO - [2024-08-17T13:44:12.922+0000] {dag.py:3823} INFO - Setting next_dagrun for retrain_the_model to 2024-08-16 00:00:00+00:00, run_after=2024-08-17 00:00:00+00:00
[2024-08-17T13:44:12.931+0000] {processor.py:183} INFO - Processing /opt/airflow/dags/retrain_the_model.py took 0.123 seconds
[2024-08-17T13:44:43.049+0000] {processor.py:161} INFO - Started process (PID=218) to work on /opt/airflow/dags/retrain_the_model.py
[2024-08-17T13:44:43.050+0000] {processor.py:830} INFO - Processing file /opt/airflow/dags/retrain_the_model.py for tasks to queue
[2024-08-17T13:44:43.050+0000] {logging_mixin.py:188} INFO - [2024-08-17T13:44:43.050+0000] {dagbag.py:538} INFO - Filling up the DagBag from /opt/airflow/dags/retrain_the_model.py
[2024-08-17T13:44:43.059+0000] {processor.py:840} INFO - DAG(s) 'retrain_the_model' retrieved from /opt/airflow/dags/retrain_the_model.py
[2024-08-17T13:44:43.074+0000] {logging_mixin.py:188} INFO - [2024-08-17T13:44:43.074+0000] {dag.py:3036} INFO - Sync 1 DAGs
[2024-08-17T13:44:43.085+0000] {logging_mixin.py:188} INFO - [2024-08-17T13:44:43.085+0000] {dag.py:3823} INFO - Setting next_dagrun for retrain_the_model to 2024-08-16 00:00:00+00:00, run_after=2024-08-17 00:00:00+00:00
[2024-08-17T13:44:43.094+0000] {processor.py:183} INFO - Processing /opt/airflow/dags/retrain_the_model.py took 0.047 seconds
[2024-08-17T13:45:13.387+0000] {processor.py:161} INFO - Started process (PID=254) to work on /opt/airflow/dags/retrain_the_model.py
[2024-08-17T13:45:13.387+0000] {processor.py:830} INFO - Processing file /opt/airflow/dags/retrain_the_model.py for tasks to queue
[2024-08-17T13:45:13.388+0000] {logging_mixin.py:188} INFO - [2024-08-17T13:45:13.388+0000] {dagbag.py:538} INFO - Filling up the DagBag from /opt/airflow/dags/retrain_the_model.py
[2024-08-17T13:45:13.396+0000] {processor.py:840} INFO - DAG(s) 'retrain_the_model' retrieved from /opt/airflow/dags/retrain_the_model.py
[2024-08-17T13:45:13.410+0000] {logging_mixin.py:188} INFO - [2024-08-17T13:45:13.409+0000] {dag.py:3036} INFO - Sync 1 DAGs
[2024-08-17T13:45:13.419+0000] {logging_mixin.py:188} INFO - [2024-08-17T13:45:13.419+0000] {dag.py:3823} INFO - Setting next_dagrun for retrain_the_model to 2024-08-16 00:00:00+00:00, run_after=2024-08-17 00:00:00+00:00
[2024-08-17T13:45:13.429+0000] {processor.py:183} INFO - Processing /opt/airflow/dags/retrain_the_model.py took 0.043 seconds
[2024-08-17T13:45:43.718+0000] {processor.py:161} INFO - Started process (PID=269) to work on /opt/airflow/dags/retrain_the_model.py
[2024-08-17T13:45:43.718+0000] {processor.py:830} INFO - Processing file /opt/airflow/dags/retrain_the_model.py for tasks to queue
[2024-08-17T13:45:43.719+0000] {logging_mixin.py:188} INFO - [2024-08-17T13:45:43.719+0000] {dagbag.py:538} INFO - Filling up the DagBag from /opt/airflow/dags/retrain_the_model.py
[2024-08-17T13:45:43.728+0000] {processor.py:840} INFO - DAG(s) 'retrain_the_model' retrieved from /opt/airflow/dags/retrain_the_model.py
[2024-08-17T13:45:43.743+0000] {logging_mixin.py:188} INFO - [2024-08-17T13:45:43.743+0000] {dag.py:3036} INFO - Sync 1 DAGs
[2024-08-17T13:45:43.756+0000] {logging_mixin.py:188} INFO - [2024-08-17T13:45:43.756+0000] {dag.py:3823} INFO - Setting next_dagrun for retrain_the_model to 2024-08-16 00:00:00+00:00, run_after=2024-08-17 00:00:00+00:00
[2024-08-17T13:45:43.765+0000] {processor.py:183} INFO - Processing /opt/airflow/dags/retrain_the_model.py took 0.050 seconds
[2024-08-17T13:46:14.045+0000] {processor.py:161} INFO - Started process (PID=305) to work on /opt/airflow/dags/retrain_the_model.py
[2024-08-17T13:46:14.045+0000] {processor.py:830} INFO - Processing file /opt/airflow/dags/retrain_the_model.py for tasks to queue
[2024-08-17T13:46:14.046+0000] {logging_mixin.py:188} INFO - [2024-08-17T13:46:14.046+0000] {dagbag.py:538} INFO - Filling up the DagBag from /opt/airflow/dags/retrain_the_model.py
[2024-08-17T13:46:14.055+0000] {processor.py:840} INFO - DAG(s) 'retrain_the_model' retrieved from /opt/airflow/dags/retrain_the_model.py
[2024-08-17T13:46:14.068+0000] {logging_mixin.py:188} INFO - [2024-08-17T13:46:14.068+0000] {dag.py:3036} INFO - Sync 1 DAGs
[2024-08-17T13:46:14.078+0000] {logging_mixin.py:188} INFO - [2024-08-17T13:46:14.078+0000] {dag.py:3823} INFO - Setting next_dagrun for retrain_the_model to 2024-08-16 00:00:00+00:00, run_after=2024-08-17 00:00:00+00:00
[2024-08-17T13:46:14.087+0000] {processor.py:183} INFO - Processing /opt/airflow/dags/retrain_the_model.py took 0.044 seconds
[2024-08-17T13:46:44.392+0000] {processor.py:161} INFO - Started process (PID=320) to work on /opt/airflow/dags/retrain_the_model.py
[2024-08-17T13:46:44.392+0000] {processor.py:830} INFO - Processing file /opt/airflow/dags/retrain_the_model.py for tasks to queue
[2024-08-17T13:46:44.393+0000] {logging_mixin.py:188} INFO - [2024-08-17T13:46:44.392+0000] {dagbag.py:538} INFO - Filling up the DagBag from /opt/airflow/dags/retrain_the_model.py
[2024-08-17T13:46:44.401+0000] {processor.py:840} INFO - DAG(s) 'retrain_the_model' retrieved from /opt/airflow/dags/retrain_the_model.py
[2024-08-17T13:46:44.414+0000] {logging_mixin.py:188} INFO - [2024-08-17T13:46:44.414+0000] {dag.py:3036} INFO - Sync 1 DAGs
[2024-08-17T13:46:44.423+0000] {logging_mixin.py:188} INFO - [2024-08-17T13:46:44.423+0000] {dag.py:3823} INFO - Setting next_dagrun for retrain_the_model to 2024-08-16 00:00:00+00:00, run_after=2024-08-17 00:00:00+00:00
[2024-08-17T13:46:44.432+0000] {processor.py:183} INFO - Processing /opt/airflow/dags/retrain_the_model.py took 0.041 seconds
[2024-08-17T13:47:14.719+0000] {processor.py:161} INFO - Started process (PID=356) to work on /opt/airflow/dags/retrain_the_model.py
[2024-08-17T13:47:14.719+0000] {processor.py:830} INFO - Processing file /opt/airflow/dags/retrain_the_model.py for tasks to queue
[2024-08-17T13:47:14.720+0000] {logging_mixin.py:188} INFO - [2024-08-17T13:47:14.720+0000] {dagbag.py:538} INFO - Filling up the DagBag from /opt/airflow/dags/retrain_the_model.py
[2024-08-17T13:47:14.728+0000] {processor.py:840} INFO - DAG(s) 'retrain_the_model' retrieved from /opt/airflow/dags/retrain_the_model.py
[2024-08-17T13:47:14.741+0000] {logging_mixin.py:188} INFO - [2024-08-17T13:47:14.741+0000] {dag.py:3036} INFO - Sync 1 DAGs
[2024-08-17T13:47:14.751+0000] {logging_mixin.py:188} INFO - [2024-08-17T13:47:14.751+0000] {dag.py:3823} INFO - Setting next_dagrun for retrain_the_model to 2024-08-16 00:00:00+00:00, run_after=2024-08-17 00:00:00+00:00
[2024-08-17T13:47:14.759+0000] {processor.py:183} INFO - Processing /opt/airflow/dags/retrain_the_model.py took 0.042 seconds
[2024-08-17T13:47:45.028+0000] {processor.py:161} INFO - Started process (PID=371) to work on /opt/airflow/dags/retrain_the_model.py
[2024-08-17T13:47:45.028+0000] {processor.py:830} INFO - Processing file /opt/airflow/dags/retrain_the_model.py for tasks to queue
[2024-08-17T13:47:45.029+0000] {logging_mixin.py:188} INFO - [2024-08-17T13:47:45.028+0000] {dagbag.py:538} INFO - Filling up the DagBag from /opt/airflow/dags/retrain_the_model.py
[2024-08-17T13:47:45.036+0000] {processor.py:840} INFO - DAG(s) 'retrain_the_model' retrieved from /opt/airflow/dags/retrain_the_model.py
[2024-08-17T13:47:45.051+0000] {logging_mixin.py:188} INFO - [2024-08-17T13:47:45.051+0000] {dag.py:3036} INFO - Sync 1 DAGs
[2024-08-17T13:47:45.062+0000] {logging_mixin.py:188} INFO - [2024-08-17T13:47:45.062+0000] {dag.py:3823} INFO - Setting next_dagrun for retrain_the_model to 2024-08-16 00:00:00+00:00, run_after=2024-08-17 00:00:00+00:00
[2024-08-17T13:47:45.072+0000] {processor.py:183} INFO - Processing /opt/airflow/dags/retrain_the_model.py took 0.046 seconds
[2024-08-17T13:48:15.357+0000] {processor.py:161} INFO - Started process (PID=407) to work on /opt/airflow/dags/retrain_the_model.py
[2024-08-17T13:48:15.358+0000] {processor.py:830} INFO - Processing file /opt/airflow/dags/retrain_the_model.py for tasks to queue
[2024-08-17T13:48:15.358+0000] {logging_mixin.py:188} INFO - [2024-08-17T13:48:15.358+0000] {dagbag.py:538} INFO - Filling up the DagBag from /opt/airflow/dags/retrain_the_model.py
[2024-08-17T13:48:15.367+0000] {processor.py:840} INFO - DAG(s) 'retrain_the_model' retrieved from /opt/airflow/dags/retrain_the_model.py
[2024-08-17T13:48:15.381+0000] {logging_mixin.py:188} INFO - [2024-08-17T13:48:15.381+0000] {dag.py:3036} INFO - Sync 1 DAGs
[2024-08-17T13:48:15.390+0000] {logging_mixin.py:188} INFO - [2024-08-17T13:48:15.390+0000] {dag.py:3823} INFO - Setting next_dagrun for retrain_the_model to 2024-08-16 00:00:00+00:00, run_after=2024-08-17 00:00:00+00:00
[2024-08-17T13:48:15.402+0000] {processor.py:183} INFO - Processing /opt/airflow/dags/retrain_the_model.py took 0.046 seconds
[2024-08-17T13:48:45.675+0000] {processor.py:161} INFO - Started process (PID=422) to work on /opt/airflow/dags/retrain_the_model.py
[2024-08-17T13:48:45.676+0000] {processor.py:830} INFO - Processing file /opt/airflow/dags/retrain_the_model.py for tasks to queue
[2024-08-17T13:48:45.676+0000] {logging_mixin.py:188} INFO - [2024-08-17T13:48:45.676+0000] {dagbag.py:538} INFO - Filling up the DagBag from /opt/airflow/dags/retrain_the_model.py
[2024-08-17T13:48:45.684+0000] {processor.py:840} INFO - DAG(s) 'retrain_the_model' retrieved from /opt/airflow/dags/retrain_the_model.py
[2024-08-17T13:48:45.698+0000] {logging_mixin.py:188} INFO - [2024-08-17T13:48:45.697+0000] {dag.py:3036} INFO - Sync 1 DAGs
[2024-08-17T13:48:45.708+0000] {logging_mixin.py:188} INFO - [2024-08-17T13:48:45.707+0000] {dag.py:3823} INFO - Setting next_dagrun for retrain_the_model to 2024-08-16 00:00:00+00:00, run_after=2024-08-17 00:00:00+00:00
[2024-08-17T13:48:45.716+0000] {processor.py:183} INFO - Processing /opt/airflow/dags/retrain_the_model.py took 0.043 seconds
[2024-08-17T13:49:15.986+0000] {processor.py:161} INFO - Started process (PID=458) to work on /opt/airflow/dags/retrain_the_model.py
[2024-08-17T13:49:15.986+0000] {processor.py:830} INFO - Processing file /opt/airflow/dags/retrain_the_model.py for tasks to queue
[2024-08-17T13:49:15.987+0000] {logging_mixin.py:188} INFO - [2024-08-17T13:49:15.986+0000] {dagbag.py:538} INFO - Filling up the DagBag from /opt/airflow/dags/retrain_the_model.py
[2024-08-17T13:49:15.995+0000] {processor.py:840} INFO - DAG(s) 'retrain_the_model' retrieved from /opt/airflow/dags/retrain_the_model.py
[2024-08-17T13:49:16.008+0000] {logging_mixin.py:188} INFO - [2024-08-17T13:49:16.007+0000] {dag.py:3036} INFO - Sync 1 DAGs
[2024-08-17T13:49:16.019+0000] {logging_mixin.py:188} INFO - [2024-08-17T13:49:16.019+0000] {dag.py:3823} INFO - Setting next_dagrun for retrain_the_model to 2024-08-16 00:00:00+00:00, run_after=2024-08-17 00:00:00+00:00
[2024-08-17T13:49:16.028+0000] {processor.py:183} INFO - Processing /opt/airflow/dags/retrain_the_model.py took 0.044 seconds
[2024-08-17T13:51:52.494+0000] {processor.py:161} INFO - Started process (PID=202) to work on /opt/airflow/dags/retrain_the_model.py
[2024-08-17T13:51:52.495+0000] {processor.py:830} INFO - Processing file /opt/airflow/dags/retrain_the_model.py for tasks to queue
[2024-08-17T13:51:52.496+0000] {logging_mixin.py:188} INFO - [2024-08-17T13:51:52.495+0000] {dagbag.py:538} INFO - Filling up the DagBag from /opt/airflow/dags/retrain_the_model.py
[2024-08-17T13:51:52.502+0000] {processor.py:840} INFO - DAG(s) 'retrain_the_model' retrieved from /opt/airflow/dags/retrain_the_model.py
[2024-08-17T13:51:52.553+0000] {logging_mixin.py:188} INFO - [2024-08-17T13:51:52.553+0000] {dag.py:3036} INFO - Sync 1 DAGs
[2024-08-17T13:51:52.563+0000] {logging_mixin.py:188} INFO - [2024-08-17T13:51:52.563+0000] {dag.py:3823} INFO - Setting next_dagrun for retrain_the_model to 2024-08-16 00:00:00+00:00, run_after=2024-08-17 00:00:00+00:00
[2024-08-17T13:51:52.572+0000] {processor.py:183} INFO - Processing /opt/airflow/dags/retrain_the_model.py took 0.079 seconds
[2024-08-17T13:52:22.937+0000] {processor.py:161} INFO - Started process (PID=218) to work on /opt/airflow/dags/retrain_the_model.py
[2024-08-17T13:52:22.937+0000] {processor.py:830} INFO - Processing file /opt/airflow/dags/retrain_the_model.py for tasks to queue
[2024-08-17T13:52:22.938+0000] {logging_mixin.py:188} INFO - [2024-08-17T13:52:22.938+0000] {dagbag.py:538} INFO - Filling up the DagBag from /opt/airflow/dags/retrain_the_model.py
[2024-08-17T13:52:22.944+0000] {processor.py:840} INFO - DAG(s) 'retrain_the_model' retrieved from /opt/airflow/dags/retrain_the_model.py
[2024-08-17T13:52:22.957+0000] {logging_mixin.py:188} INFO - [2024-08-17T13:52:22.957+0000] {dag.py:3036} INFO - Sync 1 DAGs
[2024-08-17T13:52:22.966+0000] {logging_mixin.py:188} INFO - [2024-08-17T13:52:22.966+0000] {dag.py:3823} INFO - Setting next_dagrun for retrain_the_model to 2024-08-16 00:00:00+00:00, run_after=2024-08-17 00:00:00+00:00
[2024-08-17T13:52:22.974+0000] {processor.py:183} INFO - Processing /opt/airflow/dags/retrain_the_model.py took 0.039 seconds
[2024-08-17T13:52:53.280+0000] {processor.py:161} INFO - Started process (PID=315) to work on /opt/airflow/dags/retrain_the_model.py
[2024-08-17T13:52:53.281+0000] {processor.py:830} INFO - Processing file /opt/airflow/dags/retrain_the_model.py for tasks to queue
[2024-08-17T13:52:53.281+0000] {logging_mixin.py:188} INFO - [2024-08-17T13:52:53.281+0000] {dagbag.py:538} INFO - Filling up the DagBag from /opt/airflow/dags/retrain_the_model.py
[2024-08-17T13:52:53.288+0000] {processor.py:840} INFO - DAG(s) 'retrain_the_model' retrieved from /opt/airflow/dags/retrain_the_model.py
[2024-08-17T13:52:53.302+0000] {logging_mixin.py:188} INFO - [2024-08-17T13:52:53.302+0000] {dag.py:3036} INFO - Sync 1 DAGs
[2024-08-17T13:52:53.312+0000] {logging_mixin.py:188} INFO - [2024-08-17T13:52:53.312+0000] {dag.py:3823} INFO - Setting next_dagrun for retrain_the_model to 2024-08-16 00:00:00+00:00, run_after=2024-08-17 00:00:00+00:00
[2024-08-17T13:52:53.322+0000] {processor.py:183} INFO - Processing /opt/airflow/dags/retrain_the_model.py took 0.043 seconds
[2024-08-17T13:53:23.639+0000] {processor.py:161} INFO - Started process (PID=363) to work on /opt/airflow/dags/retrain_the_model.py
[2024-08-17T13:53:23.640+0000] {processor.py:830} INFO - Processing file /opt/airflow/dags/retrain_the_model.py for tasks to queue
[2024-08-17T13:53:23.640+0000] {logging_mixin.py:188} INFO - [2024-08-17T13:53:23.640+0000] {dagbag.py:538} INFO - Filling up the DagBag from /opt/airflow/dags/retrain_the_model.py
[2024-08-17T13:53:23.648+0000] {processor.py:840} INFO - DAG(s) 'retrain_the_model' retrieved from /opt/airflow/dags/retrain_the_model.py
[2024-08-17T13:53:23.661+0000] {logging_mixin.py:188} INFO - [2024-08-17T13:53:23.660+0000] {dag.py:3036} INFO - Sync 1 DAGs
[2024-08-17T13:53:23.670+0000] {logging_mixin.py:188} INFO - [2024-08-17T13:53:23.670+0000] {dag.py:3823} INFO - Setting next_dagrun for retrain_the_model to 2024-08-16 00:00:00+00:00, run_after=2024-08-17 00:00:00+00:00
[2024-08-17T13:53:23.677+0000] {processor.py:183} INFO - Processing /opt/airflow/dags/retrain_the_model.py took 0.040 seconds
[2024-08-17T13:53:54.000+0000] {processor.py:161} INFO - Started process (PID=400) to work on /opt/airflow/dags/retrain_the_model.py
[2024-08-17T13:53:54.001+0000] {processor.py:830} INFO - Processing file /opt/airflow/dags/retrain_the_model.py for tasks to queue
[2024-08-17T13:53:54.001+0000] {logging_mixin.py:188} INFO - [2024-08-17T13:53:54.001+0000] {dagbag.py:538} INFO - Filling up the DagBag from /opt/airflow/dags/retrain_the_model.py
[2024-08-17T13:53:54.009+0000] {processor.py:840} INFO - DAG(s) 'retrain_the_model' retrieved from /opt/airflow/dags/retrain_the_model.py
[2024-08-17T13:53:54.023+0000] {logging_mixin.py:188} INFO - [2024-08-17T13:53:54.022+0000] {dag.py:3036} INFO - Sync 1 DAGs
[2024-08-17T13:53:54.033+0000] {logging_mixin.py:188} INFO - [2024-08-17T13:53:54.033+0000] {dag.py:3823} INFO - Setting next_dagrun for retrain_the_model to 2024-08-16 00:00:00+00:00, run_after=2024-08-17 00:00:00+00:00
[2024-08-17T13:53:54.041+0000] {processor.py:183} INFO - Processing /opt/airflow/dags/retrain_the_model.py took 0.043 seconds
[2024-08-17T13:54:24.375+0000] {processor.py:161} INFO - Started process (PID=416) to work on /opt/airflow/dags/retrain_the_model.py
[2024-08-17T13:54:24.376+0000] {processor.py:830} INFO - Processing file /opt/airflow/dags/retrain_the_model.py for tasks to queue
[2024-08-17T13:54:24.376+0000] {logging_mixin.py:188} INFO - [2024-08-17T13:54:24.376+0000] {dagbag.py:538} INFO - Filling up the DagBag from /opt/airflow/dags/retrain_the_model.py
[2024-08-17T13:54:24.384+0000] {processor.py:840} INFO - DAG(s) 'retrain_the_model' retrieved from /opt/airflow/dags/retrain_the_model.py
[2024-08-17T13:54:24.397+0000] {logging_mixin.py:188} INFO - [2024-08-17T13:54:24.397+0000] {dag.py:3036} INFO - Sync 1 DAGs
[2024-08-17T13:54:24.406+0000] {logging_mixin.py:188} INFO - [2024-08-17T13:54:24.406+0000] {dag.py:3823} INFO - Setting next_dagrun for retrain_the_model to 2024-08-16 00:00:00+00:00, run_after=2024-08-17 00:00:00+00:00
[2024-08-17T13:54:24.415+0000] {processor.py:183} INFO - Processing /opt/airflow/dags/retrain_the_model.py took 0.041 seconds
[2024-08-17T13:54:54.760+0000] {processor.py:161} INFO - Started process (PID=453) to work on /opt/airflow/dags/retrain_the_model.py
[2024-08-17T13:54:54.760+0000] {processor.py:830} INFO - Processing file /opt/airflow/dags/retrain_the_model.py for tasks to queue
[2024-08-17T13:54:54.761+0000] {logging_mixin.py:188} INFO - [2024-08-17T13:54:54.761+0000] {dagbag.py:538} INFO - Filling up the DagBag from /opt/airflow/dags/retrain_the_model.py
[2024-08-17T13:54:54.768+0000] {processor.py:840} INFO - DAG(s) 'retrain_the_model' retrieved from /opt/airflow/dags/retrain_the_model.py
[2024-08-17T13:54:54.782+0000] {logging_mixin.py:188} INFO - [2024-08-17T13:54:54.781+0000] {dag.py:3036} INFO - Sync 1 DAGs
[2024-08-17T13:54:54.791+0000] {logging_mixin.py:188} INFO - [2024-08-17T13:54:54.791+0000] {dag.py:3823} INFO - Setting next_dagrun for retrain_the_model to 2024-08-16 00:00:00+00:00, run_after=2024-08-17 00:00:00+00:00
[2024-08-17T13:54:54.799+0000] {processor.py:183} INFO - Processing /opt/airflow/dags/retrain_the_model.py took 0.041 seconds
[2024-08-17T13:56:28.717+0000] {processor.py:161} INFO - Started process (PID=201) to work on /opt/airflow/dags/retrain_the_model.py
[2024-08-17T13:56:28.718+0000] {processor.py:830} INFO - Processing file /opt/airflow/dags/retrain_the_model.py for tasks to queue
[2024-08-17T13:56:28.718+0000] {logging_mixin.py:188} INFO - [2024-08-17T13:56:28.718+0000] {dagbag.py:538} INFO - Filling up the DagBag from /opt/airflow/dags/retrain_the_model.py
[2024-08-17T13:56:28.725+0000] {processor.py:840} INFO - DAG(s) 'retrain_the_model' retrieved from /opt/airflow/dags/retrain_the_model.py
[2024-08-17T13:56:28.774+0000] {logging_mixin.py:188} INFO - [2024-08-17T13:56:28.774+0000] {dag.py:3036} INFO - Sync 1 DAGs
[2024-08-17T13:56:28.783+0000] {logging_mixin.py:188} INFO - [2024-08-17T13:56:28.782+0000] {dag.py:3823} INFO - Setting next_dagrun for retrain_the_model to 2024-08-16 00:00:00+00:00, run_after=2024-08-17 00:00:00+00:00
[2024-08-17T13:56:28.791+0000] {processor.py:183} INFO - Processing /opt/airflow/dags/retrain_the_model.py took 0.074 seconds
[2024-08-17T13:56:59.039+0000] {processor.py:161} INFO - Started process (PID=217) to work on /opt/airflow/dags/retrain_the_model.py
[2024-08-17T13:56:59.039+0000] {processor.py:830} INFO - Processing file /opt/airflow/dags/retrain_the_model.py for tasks to queue
[2024-08-17T13:56:59.040+0000] {logging_mixin.py:188} INFO - [2024-08-17T13:56:59.040+0000] {dagbag.py:538} INFO - Filling up the DagBag from /opt/airflow/dags/retrain_the_model.py
[2024-08-17T13:56:59.048+0000] {processor.py:840} INFO - DAG(s) 'retrain_the_model' retrieved from /opt/airflow/dags/retrain_the_model.py
[2024-08-17T13:56:59.059+0000] {logging_mixin.py:188} INFO - [2024-08-17T13:56:59.059+0000] {dag.py:3036} INFO - Sync 1 DAGs
[2024-08-17T13:56:59.067+0000] {logging_mixin.py:188} INFO - [2024-08-17T13:56:59.067+0000] {dag.py:3823} INFO - Setting next_dagrun for retrain_the_model to 2024-08-16 00:00:00+00:00, run_after=2024-08-17 00:00:00+00:00
[2024-08-17T13:56:59.075+0000] {processor.py:183} INFO - Processing /opt/airflow/dags/retrain_the_model.py took 0.038 seconds
[2024-08-17T13:57:29.356+0000] {processor.py:161} INFO - Started process (PID=253) to work on /opt/airflow/dags/retrain_the_model.py
[2024-08-17T13:57:29.357+0000] {processor.py:830} INFO - Processing file /opt/airflow/dags/retrain_the_model.py for tasks to queue
[2024-08-17T13:57:29.357+0000] {logging_mixin.py:188} INFO - [2024-08-17T13:57:29.357+0000] {dagbag.py:538} INFO - Filling up the DagBag from /opt/airflow/dags/retrain_the_model.py
[2024-08-17T13:57:29.364+0000] {processor.py:840} INFO - DAG(s) 'retrain_the_model' retrieved from /opt/airflow/dags/retrain_the_model.py
[2024-08-17T13:57:29.374+0000] {logging_mixin.py:188} INFO - [2024-08-17T13:57:29.374+0000] {dag.py:3036} INFO - Sync 1 DAGs
[2024-08-17T13:57:29.383+0000] {logging_mixin.py:188} INFO - [2024-08-17T13:57:29.383+0000] {dag.py:3823} INFO - Setting next_dagrun for retrain_the_model to 2024-08-16 00:00:00+00:00, run_after=2024-08-17 00:00:00+00:00
[2024-08-17T13:57:29.391+0000] {processor.py:183} INFO - Processing /opt/airflow/dags/retrain_the_model.py took 0.036 seconds
[2024-08-17T13:57:59.666+0000] {processor.py:161} INFO - Started process (PID=268) to work on /opt/airflow/dags/retrain_the_model.py
[2024-08-17T13:57:59.666+0000] {processor.py:830} INFO - Processing file /opt/airflow/dags/retrain_the_model.py for tasks to queue
[2024-08-17T13:57:59.667+0000] {logging_mixin.py:188} INFO - [2024-08-17T13:57:59.666+0000] {dagbag.py:538} INFO - Filling up the DagBag from /opt/airflow/dags/retrain_the_model.py
[2024-08-17T13:57:59.673+0000] {processor.py:840} INFO - DAG(s) 'retrain_the_model' retrieved from /opt/airflow/dags/retrain_the_model.py
[2024-08-17T13:57:59.683+0000] {logging_mixin.py:188} INFO - [2024-08-17T13:57:59.683+0000] {dag.py:3036} INFO - Sync 1 DAGs
[2024-08-17T13:57:59.693+0000] {logging_mixin.py:188} INFO - [2024-08-17T13:57:59.692+0000] {dag.py:3823} INFO - Setting next_dagrun for retrain_the_model to 2024-08-16 00:00:00+00:00, run_after=2024-08-17 00:00:00+00:00
[2024-08-17T13:57:59.701+0000] {processor.py:183} INFO - Processing /opt/airflow/dags/retrain_the_model.py took 0.037 seconds
[2024-08-17T13:58:29.975+0000] {processor.py:161} INFO - Started process (PID=304) to work on /opt/airflow/dags/retrain_the_model.py
[2024-08-17T13:58:29.975+0000] {processor.py:830} INFO - Processing file /opt/airflow/dags/retrain_the_model.py for tasks to queue
[2024-08-17T13:58:29.976+0000] {logging_mixin.py:188} INFO - [2024-08-17T13:58:29.976+0000] {dagbag.py:538} INFO - Filling up the DagBag from /opt/airflow/dags/retrain_the_model.py
[2024-08-17T13:58:29.984+0000] {processor.py:840} INFO - DAG(s) 'retrain_the_model' retrieved from /opt/airflow/dags/retrain_the_model.py
[2024-08-17T13:58:29.997+0000] {logging_mixin.py:188} INFO - [2024-08-17T13:58:29.997+0000] {dag.py:3036} INFO - Sync 1 DAGs
[2024-08-17T13:58:30.006+0000] {logging_mixin.py:188} INFO - [2024-08-17T13:58:30.006+0000] {dag.py:3823} INFO - Setting next_dagrun for retrain_the_model to 2024-08-16 00:00:00+00:00, run_after=2024-08-17 00:00:00+00:00
[2024-08-17T13:58:30.013+0000] {processor.py:183} INFO - Processing /opt/airflow/dags/retrain_the_model.py took 0.040 seconds
[2024-08-17T13:59:00.290+0000] {processor.py:161} INFO - Started process (PID=364) to work on /opt/airflow/dags/retrain_the_model.py
[2024-08-17T13:59:00.291+0000] {processor.py:830} INFO - Processing file /opt/airflow/dags/retrain_the_model.py for tasks to queue
[2024-08-17T13:59:00.291+0000] {logging_mixin.py:188} INFO - [2024-08-17T13:59:00.291+0000] {dagbag.py:538} INFO - Filling up the DagBag from /opt/airflow/dags/retrain_the_model.py
[2024-08-17T13:59:00.298+0000] {processor.py:840} INFO - DAG(s) 'retrain_the_model' retrieved from /opt/airflow/dags/retrain_the_model.py
[2024-08-17T13:59:00.308+0000] {logging_mixin.py:188} INFO - [2024-08-17T13:59:00.308+0000] {dag.py:3036} INFO - Sync 1 DAGs
[2024-08-17T13:59:00.317+0000] {logging_mixin.py:188} INFO - [2024-08-17T13:59:00.317+0000] {dag.py:3823} INFO - Setting next_dagrun for retrain_the_model to 2024-08-16 00:00:00+00:00, run_after=2024-08-17 00:00:00+00:00
[2024-08-17T13:59:00.325+0000] {processor.py:183} INFO - Processing /opt/airflow/dags/retrain_the_model.py took 0.037 seconds
[2024-08-17T13:59:30.642+0000] {processor.py:161} INFO - Started process (PID=400) to work on /opt/airflow/dags/retrain_the_model.py
[2024-08-17T13:59:30.642+0000] {processor.py:830} INFO - Processing file /opt/airflow/dags/retrain_the_model.py for tasks to queue
[2024-08-17T13:59:30.643+0000] {logging_mixin.py:188} INFO - [2024-08-17T13:59:30.643+0000] {dagbag.py:538} INFO - Filling up the DagBag from /opt/airflow/dags/retrain_the_model.py
[2024-08-17T13:59:30.652+0000] {processor.py:840} INFO - DAG(s) 'retrain_the_model' retrieved from /opt/airflow/dags/retrain_the_model.py
[2024-08-17T13:59:30.664+0000] {logging_mixin.py:188} INFO - [2024-08-17T13:59:30.664+0000] {dag.py:3036} INFO - Sync 1 DAGs
[2024-08-17T13:59:30.674+0000] {logging_mixin.py:188} INFO - [2024-08-17T13:59:30.674+0000] {dag.py:3823} INFO - Setting next_dagrun for retrain_the_model to 2024-08-16 00:00:00+00:00, run_after=2024-08-17 00:00:00+00:00
[2024-08-17T13:59:30.681+0000] {processor.py:183} INFO - Processing /opt/airflow/dags/retrain_the_model.py took 0.042 seconds
[2024-08-17T14:00:00.981+0000] {processor.py:161} INFO - Started process (PID=415) to work on /opt/airflow/dags/retrain_the_model.py
[2024-08-17T14:00:00.982+0000] {processor.py:830} INFO - Processing file /opt/airflow/dags/retrain_the_model.py for tasks to queue
[2024-08-17T14:00:00.982+0000] {logging_mixin.py:188} INFO - [2024-08-17T14:00:00.982+0000] {dagbag.py:538} INFO - Filling up the DagBag from /opt/airflow/dags/retrain_the_model.py
[2024-08-17T14:00:00.990+0000] {processor.py:840} INFO - DAG(s) 'retrain_the_model' retrieved from /opt/airflow/dags/retrain_the_model.py
[2024-08-17T14:00:01.001+0000] {logging_mixin.py:188} INFO - [2024-08-17T14:00:01.000+0000] {dag.py:3036} INFO - Sync 1 DAGs
[2024-08-17T14:00:01.010+0000] {logging_mixin.py:188} INFO - [2024-08-17T14:00:01.009+0000] {dag.py:3823} INFO - Setting next_dagrun for retrain_the_model to 2024-08-16 00:00:00+00:00, run_after=2024-08-17 00:00:00+00:00
[2024-08-17T14:00:01.017+0000] {processor.py:183} INFO - Processing /opt/airflow/dags/retrain_the_model.py took 0.038 seconds
[2024-08-17T14:00:31.309+0000] {processor.py:161} INFO - Started process (PID=451) to work on /opt/airflow/dags/retrain_the_model.py
[2024-08-17T14:00:31.310+0000] {processor.py:830} INFO - Processing file /opt/airflow/dags/retrain_the_model.py for tasks to queue
[2024-08-17T14:00:31.310+0000] {logging_mixin.py:188} INFO - [2024-08-17T14:00:31.310+0000] {dagbag.py:538} INFO - Filling up the DagBag from /opt/airflow/dags/retrain_the_model.py
[2024-08-17T14:00:31.318+0000] {processor.py:840} INFO - DAG(s) 'retrain_the_model' retrieved from /opt/airflow/dags/retrain_the_model.py
[2024-08-17T14:00:31.331+0000] {logging_mixin.py:188} INFO - [2024-08-17T14:00:31.331+0000] {dag.py:3036} INFO - Sync 1 DAGs
[2024-08-17T14:00:31.341+0000] {logging_mixin.py:188} INFO - [2024-08-17T14:00:31.341+0000] {dag.py:3823} INFO - Setting next_dagrun for retrain_the_model to 2024-08-16 00:00:00+00:00, run_after=2024-08-17 00:00:00+00:00
[2024-08-17T14:00:31.350+0000] {processor.py:183} INFO - Processing /opt/airflow/dags/retrain_the_model.py took 0.043 seconds
[2024-08-17T14:01:01.654+0000] {processor.py:161} INFO - Started process (PID=466) to work on /opt/airflow/dags/retrain_the_model.py
[2024-08-17T14:01:01.654+0000] {processor.py:830} INFO - Processing file /opt/airflow/dags/retrain_the_model.py for tasks to queue
[2024-08-17T14:01:01.655+0000] {logging_mixin.py:188} INFO - [2024-08-17T14:01:01.655+0000] {dagbag.py:538} INFO - Filling up the DagBag from /opt/airflow/dags/retrain_the_model.py
[2024-08-17T14:01:01.663+0000] {processor.py:840} INFO - DAG(s) 'retrain_the_model' retrieved from /opt/airflow/dags/retrain_the_model.py
[2024-08-17T14:01:01.676+0000] {logging_mixin.py:188} INFO - [2024-08-17T14:01:01.675+0000] {dag.py:3036} INFO - Sync 1 DAGs
[2024-08-17T14:01:01.685+0000] {logging_mixin.py:188} INFO - [2024-08-17T14:01:01.685+0000] {dag.py:3823} INFO - Setting next_dagrun for retrain_the_model to 2024-08-16 00:00:00+00:00, run_after=2024-08-17 00:00:00+00:00
[2024-08-17T14:01:01.693+0000] {processor.py:183} INFO - Processing /opt/airflow/dags/retrain_the_model.py took 0.041 seconds
[2024-08-17T14:01:31.979+0000] {processor.py:161} INFO - Started process (PID=502) to work on /opt/airflow/dags/retrain_the_model.py
[2024-08-17T14:01:31.980+0000] {processor.py:830} INFO - Processing file /opt/airflow/dags/retrain_the_model.py for tasks to queue
[2024-08-17T14:01:31.980+0000] {logging_mixin.py:188} INFO - [2024-08-17T14:01:31.980+0000] {dagbag.py:538} INFO - Filling up the DagBag from /opt/airflow/dags/retrain_the_model.py
[2024-08-17T14:01:31.987+0000] {processor.py:840} INFO - DAG(s) 'retrain_the_model' retrieved from /opt/airflow/dags/retrain_the_model.py
[2024-08-17T14:01:31.999+0000] {logging_mixin.py:188} INFO - [2024-08-17T14:01:31.999+0000] {dag.py:3036} INFO - Sync 1 DAGs
[2024-08-17T14:01:32.008+0000] {logging_mixin.py:188} INFO - [2024-08-17T14:01:32.008+0000] {dag.py:3823} INFO - Setting next_dagrun for retrain_the_model to 2024-08-16 00:00:00+00:00, run_after=2024-08-17 00:00:00+00:00
[2024-08-17T14:01:32.017+0000] {processor.py:183} INFO - Processing /opt/airflow/dags/retrain_the_model.py took 0.039 seconds
[2024-08-17T14:02:02.286+0000] {processor.py:161} INFO - Started process (PID=517) to work on /opt/airflow/dags/retrain_the_model.py
[2024-08-17T14:02:02.287+0000] {processor.py:830} INFO - Processing file /opt/airflow/dags/retrain_the_model.py for tasks to queue
[2024-08-17T14:02:02.287+0000] {logging_mixin.py:188} INFO - [2024-08-17T14:02:02.287+0000] {dagbag.py:538} INFO - Filling up the DagBag from /opt/airflow/dags/retrain_the_model.py
[2024-08-17T14:02:02.295+0000] {processor.py:840} INFO - DAG(s) 'retrain_the_model' retrieved from /opt/airflow/dags/retrain_the_model.py
[2024-08-17T14:02:02.309+0000] {logging_mixin.py:188} INFO - [2024-08-17T14:02:02.309+0000] {dag.py:3036} INFO - Sync 1 DAGs
[2024-08-17T14:02:02.318+0000] {logging_mixin.py:188} INFO - [2024-08-17T14:02:02.318+0000] {dag.py:3823} INFO - Setting next_dagrun for retrain_the_model to 2024-08-16 00:00:00+00:00, run_after=2024-08-17 00:00:00+00:00
[2024-08-17T14:02:02.327+0000] {processor.py:183} INFO - Processing /opt/airflow/dags/retrain_the_model.py took 0.043 seconds
[2024-08-17T14:02:32.601+0000] {processor.py:161} INFO - Started process (PID=553) to work on /opt/airflow/dags/retrain_the_model.py
[2024-08-17T14:02:32.602+0000] {processor.py:830} INFO - Processing file /opt/airflow/dags/retrain_the_model.py for tasks to queue
[2024-08-17T14:02:32.603+0000] {logging_mixin.py:188} INFO - [2024-08-17T14:02:32.603+0000] {dagbag.py:538} INFO - Filling up the DagBag from /opt/airflow/dags/retrain_the_model.py
[2024-08-17T14:02:32.613+0000] {processor.py:840} INFO - DAG(s) 'retrain_the_model' retrieved from /opt/airflow/dags/retrain_the_model.py
[2024-08-17T14:02:32.626+0000] {logging_mixin.py:188} INFO - [2024-08-17T14:02:32.626+0000] {dag.py:3036} INFO - Sync 1 DAGs
[2024-08-17T14:02:32.636+0000] {logging_mixin.py:188} INFO - [2024-08-17T14:02:32.636+0000] {dag.py:3823} INFO - Setting next_dagrun for retrain_the_model to 2024-08-16 00:00:00+00:00, run_after=2024-08-17 00:00:00+00:00
[2024-08-17T14:02:32.644+0000] {processor.py:183} INFO - Processing /opt/airflow/dags/retrain_the_model.py took 0.045 seconds
[2024-08-17T14:03:02.948+0000] {processor.py:161} INFO - Started process (PID=568) to work on /opt/airflow/dags/retrain_the_model.py
[2024-08-17T14:03:02.948+0000] {processor.py:830} INFO - Processing file /opt/airflow/dags/retrain_the_model.py for tasks to queue
[2024-08-17T14:03:02.949+0000] {logging_mixin.py:188} INFO - [2024-08-17T14:03:02.949+0000] {dagbag.py:538} INFO - Filling up the DagBag from /opt/airflow/dags/retrain_the_model.py
[2024-08-17T14:03:02.961+0000] {processor.py:840} INFO - DAG(s) 'retrain_the_model' retrieved from /opt/airflow/dags/retrain_the_model.py
[2024-08-17T14:03:02.977+0000] {logging_mixin.py:188} INFO - [2024-08-17T14:03:02.977+0000] {dag.py:3036} INFO - Sync 1 DAGs
[2024-08-17T14:03:02.989+0000] {logging_mixin.py:188} INFO - [2024-08-17T14:03:02.989+0000] {dag.py:3823} INFO - Setting next_dagrun for retrain_the_model to 2024-08-16 00:00:00+00:00, run_after=2024-08-17 00:00:00+00:00
[2024-08-17T14:03:02.999+0000] {processor.py:183} INFO - Processing /opt/airflow/dags/retrain_the_model.py took 0.054 seconds
[2024-08-17T14:03:33.267+0000] {processor.py:161} INFO - Started process (PID=604) to work on /opt/airflow/dags/retrain_the_model.py
[2024-08-17T14:03:33.268+0000] {processor.py:830} INFO - Processing file /opt/airflow/dags/retrain_the_model.py for tasks to queue
[2024-08-17T14:03:33.268+0000] {logging_mixin.py:188} INFO - [2024-08-17T14:03:33.268+0000] {dagbag.py:538} INFO - Filling up the DagBag from /opt/airflow/dags/retrain_the_model.py
[2024-08-17T14:03:33.277+0000] {processor.py:840} INFO - DAG(s) 'retrain_the_model' retrieved from /opt/airflow/dags/retrain_the_model.py
[2024-08-17T14:03:33.292+0000] {logging_mixin.py:188} INFO - [2024-08-17T14:03:33.292+0000] {dag.py:3036} INFO - Sync 1 DAGs
[2024-08-17T14:03:33.302+0000] {logging_mixin.py:188} INFO - [2024-08-17T14:03:33.302+0000] {dag.py:3823} INFO - Setting next_dagrun for retrain_the_model to 2024-08-16 00:00:00+00:00, run_after=2024-08-17 00:00:00+00:00
[2024-08-17T14:03:33.310+0000] {processor.py:183} INFO - Processing /opt/airflow/dags/retrain_the_model.py took 0.045 seconds
[2024-08-17T14:04:03.587+0000] {processor.py:161} INFO - Started process (PID=664) to work on /opt/airflow/dags/retrain_the_model.py
[2024-08-17T14:04:03.587+0000] {processor.py:830} INFO - Processing file /opt/airflow/dags/retrain_the_model.py for tasks to queue
[2024-08-17T14:04:03.588+0000] {logging_mixin.py:188} INFO - [2024-08-17T14:04:03.588+0000] {dagbag.py:538} INFO - Filling up the DagBag from /opt/airflow/dags/retrain_the_model.py
[2024-08-17T14:04:03.597+0000] {processor.py:840} INFO - DAG(s) 'retrain_the_model' retrieved from /opt/airflow/dags/retrain_the_model.py
[2024-08-17T14:04:03.610+0000] {logging_mixin.py:188} INFO - [2024-08-17T14:04:03.609+0000] {dag.py:3036} INFO - Sync 1 DAGs
[2024-08-17T14:04:03.621+0000] {logging_mixin.py:188} INFO - [2024-08-17T14:04:03.621+0000] {dag.py:3823} INFO - Setting next_dagrun for retrain_the_model to 2024-08-16 00:00:00+00:00, run_after=2024-08-17 00:00:00+00:00
[2024-08-17T14:04:03.631+0000] {processor.py:183} INFO - Processing /opt/airflow/dags/retrain_the_model.py took 0.046 seconds
[2024-08-17T14:04:33.923+0000] {processor.py:161} INFO - Started process (PID=700) to work on /opt/airflow/dags/retrain_the_model.py
[2024-08-17T14:04:33.924+0000] {processor.py:830} INFO - Processing file /opt/airflow/dags/retrain_the_model.py for tasks to queue
[2024-08-17T14:04:33.924+0000] {logging_mixin.py:188} INFO - [2024-08-17T14:04:33.924+0000] {dagbag.py:538} INFO - Filling up the DagBag from /opt/airflow/dags/retrain_the_model.py
[2024-08-17T14:04:33.932+0000] {processor.py:840} INFO - DAG(s) 'retrain_the_model' retrieved from /opt/airflow/dags/retrain_the_model.py
[2024-08-17T14:04:33.944+0000] {logging_mixin.py:188} INFO - [2024-08-17T14:04:33.944+0000] {dag.py:3036} INFO - Sync 1 DAGs
[2024-08-17T14:04:33.954+0000] {logging_mixin.py:188} INFO - [2024-08-17T14:04:33.954+0000] {dag.py:3823} INFO - Setting next_dagrun for retrain_the_model to 2024-08-16 00:00:00+00:00, run_after=2024-08-17 00:00:00+00:00
[2024-08-17T14:04:33.962+0000] {processor.py:183} INFO - Processing /opt/airflow/dags/retrain_the_model.py took 0.041 seconds
[2024-08-17T14:05:04.184+0000] {processor.py:161} INFO - Started process (PID=715) to work on /opt/airflow/dags/retrain_the_model.py
[2024-08-17T14:05:04.184+0000] {processor.py:830} INFO - Processing file /opt/airflow/dags/retrain_the_model.py for tasks to queue
[2024-08-17T14:05:04.185+0000] {logging_mixin.py:188} INFO - [2024-08-17T14:05:04.185+0000] {dagbag.py:538} INFO - Filling up the DagBag from /opt/airflow/dags/retrain_the_model.py
[2024-08-17T14:05:04.193+0000] {processor.py:840} INFO - DAG(s) 'retrain_the_model' retrieved from /opt/airflow/dags/retrain_the_model.py
[2024-08-17T14:05:04.205+0000] {logging_mixin.py:188} INFO - [2024-08-17T14:05:04.205+0000] {dag.py:3036} INFO - Sync 1 DAGs
[2024-08-17T14:05:04.215+0000] {logging_mixin.py:188} INFO - [2024-08-17T14:05:04.215+0000] {dag.py:3823} INFO - Setting next_dagrun for retrain_the_model to 2024-08-16 00:00:00+00:00, run_after=2024-08-17 00:00:00+00:00
[2024-08-17T14:05:04.222+0000] {processor.py:183} INFO - Processing /opt/airflow/dags/retrain_the_model.py took 0.040 seconds
[2024-08-17T14:05:34.501+0000] {processor.py:161} INFO - Started process (PID=738) to work on /opt/airflow/dags/retrain_the_model.py
[2024-08-17T14:05:34.502+0000] {processor.py:830} INFO - Processing file /opt/airflow/dags/retrain_the_model.py for tasks to queue
[2024-08-17T14:05:34.502+0000] {logging_mixin.py:188} INFO - [2024-08-17T14:05:34.502+0000] {dagbag.py:538} INFO - Filling up the DagBag from /opt/airflow/dags/retrain_the_model.py
[2024-08-17T14:05:34.509+0000] {processor.py:840} INFO - DAG(s) 'retrain_the_model' retrieved from /opt/airflow/dags/retrain_the_model.py
[2024-08-17T14:05:34.521+0000] {logging_mixin.py:188} INFO - [2024-08-17T14:05:34.521+0000] {dag.py:3036} INFO - Sync 1 DAGs
[2024-08-17T14:05:34.531+0000] {logging_mixin.py:188} INFO - [2024-08-17T14:05:34.530+0000] {dag.py:3823} INFO - Setting next_dagrun for retrain_the_model to 2024-08-16 00:00:00+00:00, run_after=2024-08-17 00:00:00+00:00
[2024-08-17T14:05:34.539+0000] {processor.py:183} INFO - Processing /opt/airflow/dags/retrain_the_model.py took 0.039 seconds
[2024-08-17T14:06:04.840+0000] {processor.py:161} INFO - Started process (PID=766) to work on /opt/airflow/dags/retrain_the_model.py
[2024-08-17T14:06:04.840+0000] {processor.py:830} INFO - Processing file /opt/airflow/dags/retrain_the_model.py for tasks to queue
[2024-08-17T14:06:04.841+0000] {logging_mixin.py:188} INFO - [2024-08-17T14:06:04.840+0000] {dagbag.py:538} INFO - Filling up the DagBag from /opt/airflow/dags/retrain_the_model.py
[2024-08-17T14:06:04.850+0000] {processor.py:840} INFO - DAG(s) 'retrain_the_model' retrieved from /opt/airflow/dags/retrain_the_model.py
[2024-08-17T14:06:04.862+0000] {logging_mixin.py:188} INFO - [2024-08-17T14:06:04.862+0000] {dag.py:3036} INFO - Sync 1 DAGs
[2024-08-17T14:06:04.871+0000] {logging_mixin.py:188} INFO - [2024-08-17T14:06:04.871+0000] {dag.py:3823} INFO - Setting next_dagrun for retrain_the_model to 2024-08-16 00:00:00+00:00, run_after=2024-08-17 00:00:00+00:00
[2024-08-17T14:06:04.881+0000] {processor.py:183} INFO - Processing /opt/airflow/dags/retrain_the_model.py took 0.043 seconds
[2024-08-17T14:06:35.202+0000] {processor.py:161} INFO - Started process (PID=781) to work on /opt/airflow/dags/retrain_the_model.py
[2024-08-17T14:06:35.203+0000] {processor.py:830} INFO - Processing file /opt/airflow/dags/retrain_the_model.py for tasks to queue
[2024-08-17T14:06:35.203+0000] {logging_mixin.py:188} INFO - [2024-08-17T14:06:35.203+0000] {dagbag.py:538} INFO - Filling up the DagBag from /opt/airflow/dags/retrain_the_model.py
[2024-08-17T14:06:35.213+0000] {processor.py:840} INFO - DAG(s) 'retrain_the_model' retrieved from /opt/airflow/dags/retrain_the_model.py
[2024-08-17T14:06:35.229+0000] {logging_mixin.py:188} INFO - [2024-08-17T14:06:35.229+0000] {dag.py:3036} INFO - Sync 1 DAGs
[2024-08-17T14:06:35.241+0000] {logging_mixin.py:188} INFO - [2024-08-17T14:06:35.241+0000] {dag.py:3823} INFO - Setting next_dagrun for retrain_the_model to 2024-08-16 00:00:00+00:00, run_after=2024-08-17 00:00:00+00:00
[2024-08-17T14:06:35.249+0000] {processor.py:183} INFO - Processing /opt/airflow/dags/retrain_the_model.py took 0.049 seconds
[2024-08-17T14:07:05.529+0000] {processor.py:161} INFO - Started process (PID=817) to work on /opt/airflow/dags/retrain_the_model.py
[2024-08-17T14:07:05.530+0000] {processor.py:830} INFO - Processing file /opt/airflow/dags/retrain_the_model.py for tasks to queue
[2024-08-17T14:07:05.530+0000] {logging_mixin.py:188} INFO - [2024-08-17T14:07:05.530+0000] {dagbag.py:538} INFO - Filling up the DagBag from /opt/airflow/dags/retrain_the_model.py
[2024-08-17T14:07:05.539+0000] {processor.py:840} INFO - DAG(s) 'retrain_the_model' retrieved from /opt/airflow/dags/retrain_the_model.py
[2024-08-17T14:07:05.553+0000] {logging_mixin.py:188} INFO - [2024-08-17T14:07:05.553+0000] {dag.py:3036} INFO - Sync 1 DAGs
[2024-08-17T14:07:05.563+0000] {logging_mixin.py:188} INFO - [2024-08-17T14:07:05.562+0000] {dag.py:3823} INFO - Setting next_dagrun for retrain_the_model to 2024-08-16 00:00:00+00:00, run_after=2024-08-17 00:00:00+00:00
[2024-08-17T14:07:05.571+0000] {processor.py:183} INFO - Processing /opt/airflow/dags/retrain_the_model.py took 0.044 seconds
[2024-08-17T14:07:35.863+0000] {processor.py:161} INFO - Started process (PID=832) to work on /opt/airflow/dags/retrain_the_model.py
[2024-08-17T14:07:35.864+0000] {processor.py:830} INFO - Processing file /opt/airflow/dags/retrain_the_model.py for tasks to queue
[2024-08-17T14:07:35.864+0000] {logging_mixin.py:188} INFO - [2024-08-17T14:07:35.864+0000] {dagbag.py:538} INFO - Filling up the DagBag from /opt/airflow/dags/retrain_the_model.py
[2024-08-17T14:07:35.871+0000] {processor.py:840} INFO - DAG(s) 'retrain_the_model' retrieved from /opt/airflow/dags/retrain_the_model.py
[2024-08-17T14:07:35.884+0000] {logging_mixin.py:188} INFO - [2024-08-17T14:07:35.884+0000] {dag.py:3036} INFO - Sync 1 DAGs
[2024-08-17T14:07:35.894+0000] {logging_mixin.py:188} INFO - [2024-08-17T14:07:35.894+0000] {dag.py:3823} INFO - Setting next_dagrun for retrain_the_model to 2024-08-16 00:00:00+00:00, run_after=2024-08-17 00:00:00+00:00
[2024-08-17T14:07:35.986+0000] {processor.py:183} INFO - Processing /opt/airflow/dags/retrain_the_model.py took 0.125 seconds
[2024-08-17T14:08:06.259+0000] {processor.py:161} INFO - Started process (PID=868) to work on /opt/airflow/dags/retrain_the_model.py
[2024-08-17T14:08:06.260+0000] {processor.py:830} INFO - Processing file /opt/airflow/dags/retrain_the_model.py for tasks to queue
[2024-08-17T14:08:06.260+0000] {logging_mixin.py:188} INFO - [2024-08-17T14:08:06.260+0000] {dagbag.py:538} INFO - Filling up the DagBag from /opt/airflow/dags/retrain_the_model.py
[2024-08-17T14:08:06.270+0000] {processor.py:840} INFO - DAG(s) 'retrain_the_model' retrieved from /opt/airflow/dags/retrain_the_model.py
[2024-08-17T14:08:06.284+0000] {logging_mixin.py:188} INFO - [2024-08-17T14:08:06.284+0000] {dag.py:3036} INFO - Sync 1 DAGs
[2024-08-17T14:08:06.295+0000] {logging_mixin.py:188} INFO - [2024-08-17T14:08:06.295+0000] {dag.py:3823} INFO - Setting next_dagrun for retrain_the_model to 2024-08-16 00:00:00+00:00, run_after=2024-08-17 00:00:00+00:00
[2024-08-17T14:08:06.304+0000] {processor.py:183} INFO - Processing /opt/airflow/dags/retrain_the_model.py took 0.047 seconds
[2024-08-17T14:08:36.610+0000] {processor.py:161} INFO - Started process (PID=883) to work on /opt/airflow/dags/retrain_the_model.py
[2024-08-17T14:08:36.611+0000] {processor.py:830} INFO - Processing file /opt/airflow/dags/retrain_the_model.py for tasks to queue
[2024-08-17T14:08:36.612+0000] {logging_mixin.py:188} INFO - [2024-08-17T14:08:36.612+0000] {dagbag.py:538} INFO - Filling up the DagBag from /opt/airflow/dags/retrain_the_model.py
[2024-08-17T14:08:36.620+0000] {processor.py:840} INFO - DAG(s) 'retrain_the_model' retrieved from /opt/airflow/dags/retrain_the_model.py
[2024-08-17T14:08:36.633+0000] {logging_mixin.py:188} INFO - [2024-08-17T14:08:36.633+0000] {dag.py:3036} INFO - Sync 1 DAGs
[2024-08-17T14:08:36.642+0000] {logging_mixin.py:188} INFO - [2024-08-17T14:08:36.642+0000] {dag.py:3823} INFO - Setting next_dagrun for retrain_the_model to 2024-08-16 00:00:00+00:00, run_after=2024-08-17 00:00:00+00:00
[2024-08-17T14:08:36.649+0000] {processor.py:183} INFO - Processing /opt/airflow/dags/retrain_the_model.py took 0.041 seconds
[2024-08-17T14:09:06.946+0000] {processor.py:161} INFO - Started process (PID=919) to work on /opt/airflow/dags/retrain_the_model.py
[2024-08-17T14:09:06.946+0000] {processor.py:830} INFO - Processing file /opt/airflow/dags/retrain_the_model.py for tasks to queue
[2024-08-17T14:09:06.947+0000] {logging_mixin.py:188} INFO - [2024-08-17T14:09:06.947+0000] {dagbag.py:538} INFO - Filling up the DagBag from /opt/airflow/dags/retrain_the_model.py
[2024-08-17T14:09:06.954+0000] {processor.py:840} INFO - DAG(s) 'retrain_the_model' retrieved from /opt/airflow/dags/retrain_the_model.py
[2024-08-17T14:09:06.967+0000] {logging_mixin.py:188} INFO - [2024-08-17T14:09:06.967+0000] {dag.py:3036} INFO - Sync 1 DAGs
[2024-08-17T14:09:06.976+0000] {logging_mixin.py:188} INFO - [2024-08-17T14:09:06.976+0000] {dag.py:3823} INFO - Setting next_dagrun for retrain_the_model to 2024-08-16 00:00:00+00:00, run_after=2024-08-17 00:00:00+00:00
[2024-08-17T14:09:07.053+0000] {processor.py:183} INFO - Processing /opt/airflow/dags/retrain_the_model.py took 0.109 seconds
[2024-08-17T14:09:37.358+0000] {processor.py:161} INFO - Started process (PID=934) to work on /opt/airflow/dags/retrain_the_model.py
[2024-08-17T14:09:37.359+0000] {processor.py:830} INFO - Processing file /opt/airflow/dags/retrain_the_model.py for tasks to queue
[2024-08-17T14:09:37.359+0000] {logging_mixin.py:188} INFO - [2024-08-17T14:09:37.359+0000] {dagbag.py:538} INFO - Filling up the DagBag from /opt/airflow/dags/retrain_the_model.py
[2024-08-17T14:09:37.367+0000] {processor.py:840} INFO - DAG(s) 'retrain_the_model' retrieved from /opt/airflow/dags/retrain_the_model.py
[2024-08-17T14:09:37.379+0000] {logging_mixin.py:188} INFO - [2024-08-17T14:09:37.379+0000] {dag.py:3036} INFO - Sync 1 DAGs
[2024-08-17T14:09:37.388+0000] {logging_mixin.py:188} INFO - [2024-08-17T14:09:37.388+0000] {dag.py:3823} INFO - Setting next_dagrun for retrain_the_model to 2024-08-16 00:00:00+00:00, run_after=2024-08-17 00:00:00+00:00
[2024-08-17T14:09:37.396+0000] {processor.py:183} INFO - Processing /opt/airflow/dags/retrain_the_model.py took 0.040 seconds
[2024-08-17T14:10:07.681+0000] {processor.py:161} INFO - Started process (PID=970) to work on /opt/airflow/dags/retrain_the_model.py
[2024-08-17T14:10:07.682+0000] {processor.py:830} INFO - Processing file /opt/airflow/dags/retrain_the_model.py for tasks to queue
[2024-08-17T14:10:07.683+0000] {logging_mixin.py:188} INFO - [2024-08-17T14:10:07.682+0000] {dagbag.py:538} INFO - Filling up the DagBag from /opt/airflow/dags/retrain_the_model.py
[2024-08-17T14:10:07.690+0000] {processor.py:840} INFO - DAG(s) 'retrain_the_model' retrieved from /opt/airflow/dags/retrain_the_model.py
[2024-08-17T14:10:07.703+0000] {logging_mixin.py:188} INFO - [2024-08-17T14:10:07.703+0000] {dag.py:3036} INFO - Sync 1 DAGs
[2024-08-17T14:10:07.713+0000] {logging_mixin.py:188} INFO - [2024-08-17T14:10:07.713+0000] {dag.py:3823} INFO - Setting next_dagrun for retrain_the_model to 2024-08-16 00:00:00+00:00, run_after=2024-08-17 00:00:00+00:00
[2024-08-17T14:10:07.723+0000] {processor.py:183} INFO - Processing /opt/airflow/dags/retrain_the_model.py took 0.043 seconds
