[2024-08-11T23:58:07.351+0000] {processor.py:161} INFO - Started process (PID=200) to work on /opt/airflow/dags/retrain_the_model.py
[2024-08-11T23:58:07.351+0000] {processor.py:830} INFO - Processing file /opt/airflow/dags/retrain_the_model.py for tasks to queue
[2024-08-11T23:58:07.352+0000] {logging_mixin.py:188} INFO - [2024-08-11T23:58:07.352+0000] {dagbag.py:538} INFO - Filling up the DagBag from /opt/airflow/dags/retrain_the_model.py
[2024-08-11T23:58:07.367+0000] {processor.py:840} INFO - DAG(s) 'retrain_the_model' retrieved from /opt/airflow/dags/retrain_the_model.py
[2024-08-11T23:58:07.458+0000] {logging_mixin.py:188} INFO - [2024-08-11T23:58:07.458+0000] {override.py:1769} INFO - Created Permission View: can read on DAG:retrain_the_model
[2024-08-11T23:58:07.462+0000] {logging_mixin.py:188} INFO - [2024-08-11T23:58:07.462+0000] {override.py:1769} INFO - Created Permission View: can delete on DAG:retrain_the_model
[2024-08-11T23:58:07.465+0000] {logging_mixin.py:188} INFO - [2024-08-11T23:58:07.465+0000] {override.py:1769} INFO - Created Permission View: can edit on DAG:retrain_the_model
[2024-08-11T23:58:07.466+0000] {logging_mixin.py:188} INFO - [2024-08-11T23:58:07.466+0000] {dag.py:3036} INFO - Sync 1 DAGs
[2024-08-11T23:58:07.471+0000] {logging_mixin.py:188} INFO - [2024-08-11T23:58:07.471+0000] {dag.py:3058} INFO - Creating ORM DAG for retrain_the_model
[2024-08-11T23:58:07.476+0000] {logging_mixin.py:188} INFO - [2024-08-11T23:58:07.476+0000] {dag.py:3823} INFO - Setting next_dagrun for retrain_the_model to 2024-08-10 00:00:00+00:00, run_after=2024-08-11 00:00:00+00:00
[2024-08-11T23:58:07.484+0000] {processor.py:183} INFO - Processing /opt/airflow/dags/retrain_the_model.py took 0.135 seconds
[2024-08-11T23:58:37.646+0000] {processor.py:161} INFO - Started process (PID=210) to work on /opt/airflow/dags/retrain_the_model.py
[2024-08-11T23:58:37.647+0000] {processor.py:830} INFO - Processing file /opt/airflow/dags/retrain_the_model.py for tasks to queue
[2024-08-11T23:58:37.649+0000] {logging_mixin.py:188} INFO - [2024-08-11T23:58:37.648+0000] {dagbag.py:538} INFO - Filling up the DagBag from /opt/airflow/dags/retrain_the_model.py
[2024-08-11T23:58:37.662+0000] {processor.py:840} INFO - DAG(s) 'retrain_the_model' retrieved from /opt/airflow/dags/retrain_the_model.py
[2024-08-11T23:58:37.678+0000] {logging_mixin.py:188} INFO - [2024-08-11T23:58:37.678+0000] {dag.py:3036} INFO - Sync 1 DAGs
[2024-08-11T23:58:37.688+0000] {logging_mixin.py:188} INFO - [2024-08-11T23:58:37.688+0000] {dag.py:3823} INFO - Setting next_dagrun for retrain_the_model to 2024-08-10 00:00:00+00:00, run_after=2024-08-11 00:00:00+00:00
[2024-08-11T23:58:37.695+0000] {processor.py:183} INFO - Processing /opt/airflow/dags/retrain_the_model.py took 0.053 seconds
[2024-08-11T23:59:07.958+0000] {processor.py:161} INFO - Started process (PID=241) to work on /opt/airflow/dags/retrain_the_model.py
[2024-08-11T23:59:07.959+0000] {processor.py:830} INFO - Processing file /opt/airflow/dags/retrain_the_model.py for tasks to queue
[2024-08-11T23:59:07.959+0000] {logging_mixin.py:188} INFO - [2024-08-11T23:59:07.959+0000] {dagbag.py:538} INFO - Filling up the DagBag from /opt/airflow/dags/retrain_the_model.py
[2024-08-11T23:59:07.970+0000] {processor.py:840} INFO - DAG(s) 'retrain_the_model' retrieved from /opt/airflow/dags/retrain_the_model.py
[2024-08-11T23:59:07.985+0000] {logging_mixin.py:188} INFO - [2024-08-11T23:59:07.984+0000] {dag.py:3036} INFO - Sync 1 DAGs
[2024-08-11T23:59:07.995+0000] {logging_mixin.py:188} INFO - [2024-08-11T23:59:07.995+0000] {dag.py:3823} INFO - Setting next_dagrun for retrain_the_model to 2024-08-10 00:00:00+00:00, run_after=2024-08-11 00:00:00+00:00
[2024-08-11T23:59:08.004+0000] {processor.py:183} INFO - Processing /opt/airflow/dags/retrain_the_model.py took 0.048 seconds
[2024-08-11T23:59:38.320+0000] {processor.py:161} INFO - Started process (PID=251) to work on /opt/airflow/dags/retrain_the_model.py
[2024-08-11T23:59:38.321+0000] {processor.py:830} INFO - Processing file /opt/airflow/dags/retrain_the_model.py for tasks to queue
[2024-08-11T23:59:38.322+0000] {logging_mixin.py:188} INFO - [2024-08-11T23:59:38.321+0000] {dagbag.py:538} INFO - Filling up the DagBag from /opt/airflow/dags/retrain_the_model.py
[2024-08-11T23:59:38.332+0000] {processor.py:840} INFO - DAG(s) 'retrain_the_model' retrieved from /opt/airflow/dags/retrain_the_model.py
[2024-08-11T23:59:38.346+0000] {logging_mixin.py:188} INFO - [2024-08-11T23:59:38.346+0000] {dag.py:3036} INFO - Sync 1 DAGs
[2024-08-11T23:59:38.357+0000] {logging_mixin.py:188} INFO - [2024-08-11T23:59:38.357+0000] {dag.py:3823} INFO - Setting next_dagrun for retrain_the_model to 2024-08-10 00:00:00+00:00, run_after=2024-08-11 00:00:00+00:00
[2024-08-11T23:59:38.366+0000] {processor.py:183} INFO - Processing /opt/airflow/dags/retrain_the_model.py took 0.049 seconds
